# JRE version: OpenJDK Runtime Environment (8.0_191-b12) (build 1.8.0_191-b12)
# Java VM: OpenJDK 64-Bit Server VM (25.191-b12 mixed mode linux-amd64 compressed oops)
Heap:
 PSYoungGen      total 3204608K, used 3204096K [0x00000005aab00000, 0x00000007bec00000, 0x00000007c0000000)
  eden space 3204096K, 100% used [0x00000005aab00000,0x000000066e400000,0x000000066e400000)
  from space 512K, 0% used [0x00000007beb00000,0x00000007beb00000,0x00000007beb80000)
  to   space 512K, 93% used [0x00000007beb80000,0x00000007bebf8070,0x00000007bec00000)
 ParOldGen       total 2678784K, used 2678765K [0x0000000180000000, 0x0000000223800000, 0x00000005aab00000)
  object space 2678784K, 99% used [0x0000000180000000,0x00000002237fb670,0x0000000223800000)
 Metaspace       used 81737K, capacity 82784K, committed 83032K, reserved 1120256K
  class space    used 11836K, capacity 12059K, committed 12120K, reserved 1048576K
GC Heap History (250 events):
Event: 6660.754 GC heap after
Heap after GC invocations=781 (full 5):
 PSYoungGen      total 1207296K, used 480K [0x00000005aab00000, 0x00000007bf680000, 0x00000007c0000000)
  eden space 1206784K, 0% used [0x00000005aab00000,0x00000005aab00000,0x00000005f4580000)
  from space 512K, 93% used [0x00000007bf600000,0x00000007bf678058,0x00000007bf680000)
  to   space 1024K, 0% used [0x00000007bf480000,0x00000007bf480000,0x00000007bf580000)
 ParOldGen       total 363008K, used 63186K [0x0000000180000000, 0x0000000196280000, 0x00000005aab00000)
  object space 363008K, 17% used [0x0000000180000000,0x0000000183db4b90,0x0000000196280000)
 Metaspace       used 81386K, capacity 82424K, committed 82776K, reserved 1120256K
  class space    used 11794K, capacity 12015K, committed 12120K, reserved 1048576K
}
Event: 6665.011 GC heap before
{Heap before GC invocations=782 (full 5):
 PSYoungGen      total 1207296K, used 1207264K [0x00000005aab00000, 0x00000007bf680000, 0x00000007c0000000)
  eden space 1206784K, 100% used [0x00000005aab00000,0x00000005f4580000,0x00000005f4580000)
  from space 512K, 93% used [0x00000007bf600000,0x00000007bf678058,0x00000007bf680000)
  to   space 1024K, 0% used [0x00000007bf480000,0x00000007bf480000,0x00000007bf580000)
 ParOldGen       total 363008K, used 63186K [0x0000000180000000, 0x0000000196280000, 0x00000005aab00000)
  object space 363008K, 17% used [0x0000000180000000,0x0000000183db4b90,0x0000000196280000)
 Metaspace       used 81386K, capacity 82424K, committed 82776K, reserved 1120256K
  class space    used 11794K, capacity 12015K, committed 12120K, reserved 1048576K
Event: 6665.080 GC heap after
Heap after GC invocations=782 (full 5):
 PSYoungGen      total 1294848K, used 496K [0x00000005aab00000, 0x00000007bf680000, 0x00000007c0000000)
  eden space 1293824K, 0% used [0x00000005aab00000,0x00000005aab00000,0x00000005f9a80000)
  from space 1024K, 48% used [0x00000007bf480000,0x00000007bf4fc068,0x00000007bf580000)
  to   space 1024K, 0% used [0x00000007bf580000,0x00000007bf580000,0x00000007bf680000)
 ParOldGen       total 363008K, used 63186K [0x0000000180000000, 0x0000000196280000, 0x00000005aab00000)
  object space 363008K, 17% used [0x0000000180000000,0x0000000183db4b90,0x0000000196280000)
 Metaspace       used 81386K, capacity 82424K, committed 82776K, reserved 1120256K
  class space    used 11794K, capacity 12015K, committed 12120K, reserved 1048576K
}
Event: 6670.883 GC heap before
{Heap before GC invocations=783 (full 5):
 PSYoungGen      total 1294848K, used 1294320K [0x00000005aab00000, 0x00000007bf680000, 0x00000007c0000000)
  eden space 1293824K, 100% used [0x00000005aab00000,0x00000005f9a80000,0x00000005f9a80000)
  from space 1024K, 48% used [0x00000007bf480000,0x00000007bf4fc068,0x00000007bf580000)
  to   space 1024K, 0% used [0x00000007bf580000,0x00000007bf580000,0x00000007bf680000)
 ParOldGen       total 363008K, used 63186K [0x0000000180000000, 0x0000000196280000, 0x00000005aab00000)
  object space 363008K, 17% used [0x0000000180000000,0x0000000183db4b90,0x0000000196280000)
 Metaspace       used 81386K, capacity 82424K, committed 82776K, reserved 1120256K
  class space    used 11794K, capacity 12015K, committed 12120K, reserved 1048576K
Event: 6671.002 GC heap after
Heap after GC invocations=783 (full 5):
 PSYoungGen      total 1401344K, used 560K [0x00000005aab00000, 0x00000007bf680000, 0x00000007c0000000)
  eden space 1400320K, 0% used [0x00000005aab00000,0x00000005aab00000,0x0000000600280000)
  from space 1024K, 54% used [0x00000007bf580000,0x00000007bf60c068,0x00000007bf680000)
  to   space 1024K, 0% used [0x00000007bf480000,0x00000007bf480000,0x00000007bf580000)
 ParOldGen       total 363008K, used 63186K [0x0000000180000000, 0x0000000196280000, 0x00000005aab00000)
  object space 363008K, 17% used [0x0000000180000000,0x0000000183db4b90,0x0000000196280000)
 Metaspace       used 81386K, capacity 82424K, committed 82776K, reserved 1120256K
  class space    used 11794K, capacity 12015K, committed 12120K, reserved 1048576K
}
Event: 6677.593 GC heap before
{Heap before GC invocations=784 (full 5):
 PSYoungGen      total 1401344K, used 1400880K [0x00000005aab00000, 0x00000007bf680000, 0x00000007c0000000)
  eden space 1400320K, 100% used [0x00000005aab00000,0x0000000600280000,0x0000000600280000)
  from space 1024K, 54% used [0x00000007bf580000,0x00000007bf60c068,0x00000007bf680000)
  to   space 1024K, 0% used [0x00000007bf480000,0x00000007bf480000,0x00000007bf580000)
 ParOldGen       total 363008K, used 63186K [0x0000000180000000, 0x0000000196280000, 0x00000005aab00000)
  object space 363008K, 17% used [0x0000000180000000,0x0000000183db4b90,0x0000000196280000)
 Metaspace       used 81386K, capacity 82424K, committed 82776K, reserved 1120256K
  class space    used 11794K, capacity 12015K, committed 12120K, reserved 1048576K
Event: 6677.691 GC heap after
Heap after GC invocations=784 (full 5):
 PSYoungGen      total 1519104K, used 512K [0x00000005aab00000, 0x00000007bf600000, 0x00000007c0000000)
  eden space 1518080K, 0% used [0x00000005aab00000,0x00000005aab00000,0x0000000607580000)
  from space 1024K, 50% used [0x00000007bf480000,0x00000007bf500058,0x00000007bf580000)
  to   space 512K, 0% used [0x00000007bf580000,0x00000007bf580000,0x00000007bf600000)
 ParOldGen       total 363008K, used 63194K [0x0000000180000000, 0x0000000196280000, 0x00000005aab00000)
  object space 363008K, 17% used [0x0000000180000000,0x0000000183db6b90,0x0000000196280000)
 Metaspace       used 81386K, capacity 82424K, committed 82776K, reserved 1120256K
  class space    used 11794K, capacity 12015K, committed 12120K, reserved 1048576K
}
Event: 6684.553 GC heap before
{Heap before GC invocations=785 (full 5):
 PSYoungGen      total 1519104K, used 1518592K [0x00000005aab00000, 0x00000007bf600000, 0x00000007c0000000)
  eden space 1518080K, 100% used [0x00000005aab00000,0x0000000607580000,0x0000000607580000)
  from space 1024K, 50% used [0x00000007bf480000,0x00000007bf500058,0x00000007bf580000)
  to   space 512K, 0% used [0x00000007bf580000,0x00000007bf580000,0x00000007bf600000)
 ParOldGen       total 363008K, used 63194K [0x0000000180000000, 0x0000000196280000, 0x00000005aab00000)
  object space 363008K, 17% used [0x0000000180000000,0x0000000183db6b90,0x0000000196280000)
 Metaspace       used 81386K, capacity 82424K, committed 82776K, reserved 1120256K
  class space    used 11794K, capacity 12015K, committed 12120K, reserved 1048576K
Event: 6684.647 GC heap after
Heap after GC invocations=785 (full 5):
 PSYoungGen      total 1647104K, used 480K [0x00000005aab00000, 0x00000007bf600000, 0x00000007c0000000)
  eden space 1646592K, 0% used [0x00000005aab00000,0x00000005aab00000,0x000000060f300000)
  from space 512K, 93% used [0x00000007bf580000,0x00000007bf5f8058,0x00000007bf600000)
  to   space 1024K, 0% used [0x00000007bf400000,0x00000007bf400000,0x00000007bf500000)
 ParOldGen       total 363008K, used 63202K [0x0000000180000000, 0x0000000196280000, 0x00000005aab00000)
  object space 363008K, 17% used [0x0000000180000000,0x0000000183db8b90,0x0000000196280000)
 Metaspace       used 81386K, capacity 82424K, committed 82776K, reserved 1120256K
  class space    used 11794K, capacity 12015K, committed 12120K, reserved 1048576K
}
Event: 6692.414 GC heap before
{Heap before GC invocations=786 (full 5):
 PSYoungGen      total 1647104K, used 1647072K [0x00000005aab00000, 0x00000007bf600000, 0x00000007c0000000)
  eden space 1646592K, 100% used [0x00000005aab00000,0x000000060f300000,0x000000060f300000)
  from space 512K, 93% used [0x00000007bf580000,0x00000007bf5f8058,0x00000007bf600000)
  to   space 1024K, 0% used [0x00000007bf400000,0x00000007bf400000,0x00000007bf500000)
 ParOldGen       total 363008K, used 63202K [0x0000000180000000, 0x0000000196280000, 0x00000005aab00000)
  object space 363008K, 17% used [0x0000000180000000,0x0000000183db8b90,0x0000000196280000)
 Metaspace       used 81386K, capacity 82424K, committed 82776K, reserved 1120256K
  class space    used 11794K, capacity 12015K, committed 12120K, reserved 1048576K
Event: 6692.529 GC heap after
Heap after GC invocations=786 (full 5):
 PSYoungGen      total 1788928K, used 480K [0x00000005aab00000, 0x00000007bf600000, 0x00000007c0000000)
  eden space 1787904K, 0% used [0x00000005aab00000,0x00000005aab00000,0x0000000617d00000)
  from space 1024K, 46% used [0x00000007bf400000,0x00000007bf478058,0x00000007bf500000)
  to   space 1024K, 0% used [0x00000007bf500000,0x00000007bf500000,0x00000007bf600000)
 ParOldGen       total 363008K, used 63234K [0x0000000180000000, 0x0000000196280000, 0x00000005aab00000)
  object space 363008K, 17% used [0x0000000180000000,0x0000000183dc0bb0,0x0000000196280000)
 Metaspace       used 81386K, capacity 82424K, committed 82776K, reserved 1120256K
  class space    used 11794K, capacity 12015K, committed 12120K, reserved 1048576K
}
Event: 6700.800 GC heap before
{Heap before GC invocations=787 (full 5):
 PSYoungGen      total 1788928K, used 1788384K [0x00000005aab00000, 0x00000007bf600000, 0x00000007c0000000)
  eden space 1787904K, 100% used [0x00000005aab00000,0x0000000617d00000,0x0000000617d00000)
  from space 1024K, 46% used [0x00000007bf400000,0x00000007bf478058,0x00000007bf500000)
  to   space 1024K, 0% used [0x00000007bf500000,0x00000007bf500000,0x00000007bf600000)
 ParOldGen       total 363008K, used 63234K [0x0000000180000000, 0x0000000196280000, 0x00000005aab00000)
  object space 363008K, 17% used [0x0000000180000000,0x0000000183dc0bb0,0x0000000196280000)
 Metaspace       used 81386K, capacity 82424K, committed 82776K, reserved 1120256K
  class space    used 11794K, capacity 12015K, committed 12120K, reserved 1048576K
Event: 6700.804 GC heap after
Heap after GC invocations=787 (full 5):
 PSYoungGen      total 1918464K, used 464K [0x00000005aab00000, 0x00000007bf580000, 0x00000007c0000000)
  eden space 1917952K, 0% used [0x00000005aab00000,0x00000005aab00000,0x000000061fc00000)
  from space 512K, 90% used [0x00000007bf500000,0x00000007bf574068,0x00000007bf580000)
  to   space 1024K, 0% used [0x00000007bf380000,0x00000007bf380000,0x00000007bf480000)
 ParOldGen       total 363008K, used 63234K [0x0000000180000000, 0x0000000196280000, 0x00000005aab00000)
  object space 363008K, 17% used [0x0000000180000000,0x0000000183dc0bb0,0x0000000196280000)
 Metaspace       used 81386K, capacity 82424K, committed 82776K, reserved 1120256K
  class space    used 11794K, capacity 12015K, committed 12120K, reserved 1048576K
}
Event: 6709.246 GC heap before
{Heap before GC invocations=788 (full 5):
 PSYoungGen      total 1918464K, used 1918416K [0x00000005aab00000, 0x00000007bf580000, 0x00000007c0000000)
  eden space 1917952K, 100% used [0x00000005aab00000,0x000000061fc00000,0x000000061fc00000)
  from space 512K, 90% used [0x00000007bf500000,0x00000007bf574068,0x00000007bf580000)
  to   space 1024K, 0% used [0x00000007bf380000,0x00000007bf380000,0x00000007bf480000)
 ParOldGen       total 363008K, used 63234K [0x0000000180000000, 0x0000000196280000, 0x00000005aab00000)
  object space 363008K, 17% used [0x0000000180000000,0x0000000183dc0bb0,0x0000000196280000)
 Metaspace       used 81386K, capacity 82424K, committed 82776K, reserved 1120256K
  class space    used 11794K, capacity 12015K, committed 12120K, reserved 1048576K
Event: 6709.295 GC heap after
Heap after GC invocations=788 (full 5):
 PSYoungGen      total 1838080K, used 496K [0x00000005aab00000, 0x00000007bf580000, 0x00000007c0000000)
  eden space 1837056K, 0% used [0x00000005aab00000,0x00000005aab00000,0x000000061ad00000)
  from space 1024K, 48% used [0x00000007bf380000,0x00000007bf3fc068,0x00000007bf480000)
  to   space 1024K, 0% used [0x00000007bf480000,0x00000007bf480000,0x00000007bf580000)
 ParOldGen       total 363008K, used 63234K [0x0000000180000000, 0x0000000196280000, 0x00000005aab00000)
  object space 363008K, 17% used [0x0000000180000000,0x0000000183dc0bb0,0x0000000196280000)
 Metaspace       used 81386K, capacity 82424K, committed 82776K, reserved 1120256K
  class space    used 11794K, capacity 12015K, committed 12120K, reserved 1048576K
}
Event: 6718.341 GC heap before
{Heap before GC invocations=789 (full 5):
 PSYoungGen      total 1838080K, used 1837552K [0x00000005aab00000, 0x00000007bf580000, 0x00000007c0000000)
  eden space 1837056K, 100% used [0x00000005aab00000,0x000000061ad00000,0x000000061ad00000)
  from space 1024K, 48% used [0x00000007bf380000,0x00000007bf3fc068,0x00000007bf480000)
  to   space 1024K, 0% used [0x00000007bf480000,0x00000007bf480000,0x00000007bf580000)
 ParOldGen       total 363008K, used 63234K [0x0000000180000000, 0x0000000196280000, 0x00000005aab00000)
  object space 363008K, 17% used [0x0000000180000000,0x0000000183dc0bb0,0x0000000196280000)
 Metaspace       used 81386K, capacity 82424K, committed 82776K, reserved 1120256K
  class space    used 11794K, capacity 12015K, committed 12120K, reserved 1048576K
Event: 6718.387 GC heap after
Heap after GC invocations=789 (full 5):
 PSYoungGen      total 1760256K, used 480K [0x00000005aab00000, 0x00000007bf500000, 0x00000007c0000000)
  eden space 1759744K, 0% used [0x00000005aab00000,0x00000005aab00000,0x0000000616180000)
  from space 512K, 93% used [0x00000007bf480000,0x00000007bf4f8058,0x00000007bf500000)
  to   space 1024K, 0% used [0x00000007bf300000,0x00000007bf300000,0x00000007bf400000)
 ParOldGen       total 363008K, used 63242K [0x0000000180000000, 0x0000000196280000, 0x00000005aab00000)
  object space 363008K, 17% used [0x0000000180000000,0x0000000183dc2bb0,0x0000000196280000)
 Metaspace       used 81386K, capacity 82424K, committed 82776K, reserved 1120256K
  class space    used 11794K, capacity 12015K, committed 12120K, reserved 1048576K
}
Event: 6726.321 GC heap before
{Heap before GC invocations=790 (full 5):
 PSYoungGen      total 1760256K, used 1760224K [0x00000005aab00000, 0x00000007bf500000, 0x00000007c0000000)
  eden space 1759744K, 100% used [0x00000005aab00000,0x0000000616180000,0x0000000616180000)
  from space 512K, 93% used [0x00000007bf480000,0x00000007bf4f8058,0x00000007bf500000)
  to   space 1024K, 0% used [0x00000007bf300000,0x00000007bf300000,0x00000007bf400000)
 ParOldGen       total 363008K, used 63244K [0x0000000180000000, 0x0000000196280000, 0x00000005aab00000)
  object space 363008K, 17% used [0x0000000180000000,0x0000000183dc3188,0x0000000196280000)
 Metaspace       used 81386K, capacity 82424K, committed 82776K, reserved 1120256K
  class space    used 11794K, capacity 12015K, committed 12120K, reserved 1048576K
Event: 6726.346 GC heap after
Heap after GC invocations=790 (full 5):
 PSYoungGen      total 1687552K, used 64K [0x00000005aab00000, 0x00000007bf500000, 0x00000007c0000000)
  eden space 1686528K, 0% used [0x00000005aab00000,0x00000005aab00000,0x0000000611a00000)
  from space 1024K, 6% used [0x00000007bf300000,0x00000007bf310000,0x00000007bf400000)
  to   space 1024K, 0% used [0x00000007bf400000,0x00000007bf400000,0x00000007bf500000)
 ParOldGen       total 363008K, used 63628K [0x0000000180000000, 0x0000000196280000, 0x00000005aab00000)
  object space 363008K, 17% used [0x0000000180000000,0x0000000183e23200,0x0000000196280000)
 Metaspace       used 81386K, capacity 82424K, committed 82776K, reserved 1120256K
  class space    used 11794K, capacity 12015K, committed 12120K, reserved 1048576K
}
Event: 6734.681 GC heap before
{Heap before GC invocations=791 (full 5):
 PSYoungGen      total 1687552K, used 1686592K [0x00000005aab00000, 0x00000007bf500000, 0x00000007c0000000)
  eden space 1686528K, 100% used [0x00000005aab00000,0x0000000611a00000,0x0000000611a00000)
  from space 1024K, 6% used [0x00000007bf300000,0x00000007bf310000,0x00000007bf400000)
  to   space 1024K, 0% used [0x00000007bf400000,0x00000007bf400000,0x00000007bf500000)
 ParOldGen       total 363008K, used 63631K [0x0000000180000000, 0x0000000196280000, 0x00000005aab00000)
  object space 363008K, 17% used [0x0000000180000000,0x0000000183e23d00,0x0000000196280000)
 Metaspace       used 81386K, capacity 82424K, committed 82776K, reserved 1120256K
  class space    used 11794K, capacity 12015K, committed 12120K, reserved 1048576K
Event: 6734.706 GC heap after
Heap after GC invocations=791 (full 5):
 PSYoungGen      total 1617408K, used 96K [0x00000005aab00000, 0x00000007bf480000, 0x00000007c0000000)
  eden space 1616896K, 0% used [0x00000005aab00000,0x00000005aab00000,0x000000060d600000)
  from space 512K, 18% used [0x00000007bf400000,0x00000007bf418000,0x00000007bf480000)
  to   space 1024K, 0% used [0x00000007bf280000,0x00000007bf280000,0x00000007bf380000)
 ParOldGen       total 363008K, used 63639K [0x0000000180000000, 0x0000000196280000, 0x00000005aab00000)
  object space 363008K, 17% used [0x0000000180000000,0x0000000183e25d00,0x0000000196280000)
 Metaspace       used 81386K, capacity 82424K, committed 82776K, reserved 1120256K
  class space    used 11794K, capacity 12015K, committed 12120K, reserved 1048576K
}
Event: 6742.327 GC heap before
{Heap before GC invocations=792 (full 5):
 PSYoungGen      total 1617408K, used 1616992K [0x00000005aab00000, 0x00000007bf480000, 0x00000007c0000000)
  eden space 1616896K, 100% used [0x00000005aab00000,0x000000060d600000,0x000000060d600000)
  from space 512K, 18% used [0x00000007bf400000,0x00000007bf418000,0x00000007bf480000)
  to   space 1024K, 0% used [0x00000007bf280000,0x00000007bf280000,0x00000007bf380000)
 ParOldGen       total 363008K, used 63639K [0x0000000180000000, 0x0000000196280000, 0x00000005aab00000)
  object space 363008K, 17% used [0x0000000180000000,0x0000000183e25d00,0x0000000196280000)
 Metaspace       used 81386K, capacity 82424K, committed 82776K, reserved 1120256K
  class space    used 11794K, capacity 12015K, committed 12120K, reserved 1048576K
Event: 6742.372 GC heap after
Heap after GC invocations=792 (full 5):
 PSYoungGen      total 1551360K, used 96K [0x00000005aab00000, 0x00000007bf480000, 0x00000007c0000000)
  eden space 1550336K, 0% used [0x00000005aab00000,0x00000005aab00000,0x0000000609500000)
  from space 1024K, 9% used [0x00000007bf280000,0x00000007bf298000,0x00000007bf380000)
  to   space 1024K, 0% used [0x00000007bf380000,0x00000007bf380000,0x00000007bf480000)
 ParOldGen       total 363008K, used 63639K [0x0000000180000000, 0x0000000196280000, 0x00000005aab00000)
  object space 363008K, 17% used [0x0000000180000000,0x0000000183e25d00,0x0000000196280000)
 Metaspace       used 81386K, capacity 82424K, committed 82776K, reserved 1120256K
  class space    used 11794K, capacity 12015K, committed 12120K, reserved 1048576K
}
Event: 6749.138 GC heap before
{Heap before GC invocations=793 (full 5):
 PSYoungGen      total 1551360K, used 1550432K [0x00000005aab00000, 0x00000007bf480000, 0x00000007c0000000)
  eden space 1550336K, 100% used [0x00000005aab00000,0x0000000609500000,0x0000000609500000)
  from space 1024K, 9% used [0x00000007bf280000,0x00000007bf298000,0x00000007bf380000)
  to   space 1024K, 0% used [0x00000007bf380000,0x00000007bf380000,0x00000007bf480000)
 ParOldGen       total 363008K, used 63639K [0x0000000180000000, 0x0000000196280000, 0x00000005aab00000)
  object space 363008K, 17% used [0x0000000180000000,0x0000000183e25d00,0x0000000196280000)
 Metaspace       used 81386K, capacity 82424K, committed 82776K, reserved 1120256K
  class space    used 11794K, capacity 12015K, committed 12120K, reserved 1048576K
Event: 6749.324 GC heap after
Heap after GC invocations=793 (full 5):
 PSYoungGen      total 1669120K, used 96K [0x00000005aab00000, 0x00000007bf400000, 0x00000007c0000000)
  eden space 1668608K, 0% used [0x00000005aab00000,0x00000005aab00000,0x0000000610880000)
  from space 512K, 18% used [0x00000007bf380000,0x00000007bf398000,0x00000007bf400000)
  to   space 1024K, 0% used [0x00000007bf200000,0x00000007bf200000,0x00000007bf300000)
 ParOldGen       total 363008K, used 63639K [0x0000000180000000, 0x0000000196280000, 0x00000005aab00000)
  object space 363008K, 17% used [0x0000000180000000,0x0000000183e25d00,0x0000000196280000)
 Metaspace       used 81386K, capacity 82424K, committed 82776K, reserved 1120256K
  class space    used 11794K, capacity 12015K, committed 12120K, reserved 1048576K
}
Event: 6757.045 GC heap before
{Heap before GC invocations=794 (full 5):
 PSYoungGen      total 1669120K, used 1668704K [0x00000005aab00000, 0x00000007bf400000, 0x00000007c0000000)
  eden space 1668608K, 100% used [0x00000005aab00000,0x0000000610880000,0x0000000610880000)
  from space 512K, 18% used [0x00000007bf380000,0x00000007bf398000,0x00000007bf400000)
  to   space 1024K, 0% used [0x00000007bf200000,0x00000007bf200000,0x00000007bf300000)
 ParOldGen       total 363008K, used 63639K [0x0000000180000000, 0x0000000196280000, 0x00000005aab00000)
  object space 363008K, 17% used [0x0000000180000000,0x0000000183e25d00,0x0000000196280000)
 Metaspace       used 81386K, capacity 82424K, committed 82776K, reserved 1120256K
  class space    used 11794K, capacity 12015K, committed 12120K, reserved 1048576K
Event: 6757.115 GC heap after
Heap after GC invocations=794 (full 5):
 PSYoungGen      total 1793024K, used 96K [0x00000005aab00000, 0x00000007bf400000, 0x00000007c0000000)
  eden space 1792000K, 0% used [0x00000005aab00000,0x00000005aab00000,0x0000000618100000)
  from space 1024K, 9% used [0x00000007bf200000,0x00000007bf218000,0x00000007bf300000)
  to   space 1024K, 0% used [0x00000007bf300000,0x00000007bf300000,0x00000007bf400000)
 ParOldGen       total 363008K, used 63647K [0x0000000180000000, 0x0000000196280000, 0x00000005aab00000)
  object space 363008K, 17% used [0x0000000180000000,0x0000000183e27d00,0x0000000196280000)
 Metaspace       used 81386K, capacity 82424K, committed 82776K, reserved 1120256K
  class space    used 11794K, capacity 12015K, committed 12120K, reserved 1048576K
}
Event: 6765.935 GC heap before
{Heap before GC invocations=795 (full 5):
 PSYoungGen      total 1793024K, used 1792096K [0x00000005aab00000, 0x00000007bf400000, 0x00000007c0000000)
  eden space 1792000K, 100% used [0x00000005aab00000,0x0000000618100000,0x0000000618100000)
  from space 1024K, 9% used [0x00000007bf200000,0x00000007bf218000,0x00000007bf300000)
  to   space 1024K, 0% used [0x00000007bf300000,0x00000007bf300000,0x00000007bf400000)
 ParOldGen       total 363008K, used 63647K [0x0000000180000000, 0x0000000196280000, 0x00000005aab00000)
  object space 363008K, 17% used [0x0000000180000000,0x0000000183e27d00,0x0000000196280000)
 Metaspace       used 81386K, capacity 82424K, committed 82776K, reserved 1120256K
  class space    used 11794K, capacity 12015K, committed 12120K, reserved 1048576K
Event: 6766.073 GC heap after
Heap after GC invocations=795 (full 5):
 PSYoungGen      total 1933824K, used 64K [0x00000005aab00000, 0x00000007bf380000, 0x00000007c0000000)
  eden space 1933312K, 0% used [0x00000005aab00000,0x00000005aab00000,0x0000000620b00000)
  from space 512K, 12% used [0x00000007bf300000,0x00000007bf310000,0x00000007bf380000)
  to   space 1024K, 0% used [0x00000007bf180000,0x00000007bf180000,0x00000007bf280000)
 ParOldGen       total 363008K, used 63655K [0x0000000180000000, 0x0000000196280000, 0x00000005aab00000)
  object space 363008K, 17% used [0x0000000180000000,0x0000000183e29d00,0x0000000196280000)
 Metaspace       used 81386K, capacity 82424K, committed 82776K, reserved 1120256K
  class space    used 11794K, capacity 12015K, committed 12120K, reserved 1048576K
}
Event: 6775.350 GC heap before
{Heap before GC invocations=796 (full 5):
 PSYoungGen      total 1933824K, used 1933376K [0x00000005aab00000, 0x00000007bf380000, 0x00000007c0000000)
  eden space 1933312K, 100% used [0x00000005aab00000,0x0000000620b00000,0x0000000620b00000)
  from space 512K, 12% used [0x00000007bf300000,0x00000007bf310000,0x00000007bf380000)
  to   space 1024K, 0% used [0x00000007bf180000,0x00000007bf180000,0x00000007bf280000)
 ParOldGen       total 363008K, used 63657K [0x0000000180000000, 0x0000000196280000, 0x00000005aab00000)
  object space 363008K, 17% used [0x0000000180000000,0x0000000183e2a6b8,0x0000000196280000)
 Metaspace       used 81386K, capacity 82424K, committed 82776K, reserved 1120256K
  class space    used 11794K, capacity 12015K, committed 12120K, reserved 1048576K
Event: 6775.399 GC heap after
Heap after GC invocations=796 (full 5):
 PSYoungGen      total 2073600K, used 96K [0x00000005aab00000, 0x00000007bf380000, 0x00000007c0000000)
  eden space 2072576K, 0% used [0x00000005aab00000,0x00000005aab00000,0x0000000629300000)
  from space 1024K, 9% used [0x00000007bf180000,0x00000007bf198000,0x00000007bf280000)
  to   space 1024K, 0% used [0x00000007bf280000,0x00000007bf280000,0x00000007bf380000)
 ParOldGen       total 363008K, used 63665K [0x0000000180000000, 0x0000000196280000, 0x00000005aab00000)
  object space 363008K, 17% used [0x0000000180000000,0x0000000183e2c6b8,0x0000000196280000)
 Metaspace       used 81386K, capacity 82424K, committed 82776K, reserved 1120256K
  class space    used 11794K, capacity 12015K, committed 12120K, reserved 1048576K
}
Event: 6784.679 GC heap before
{Heap before GC invocations=797 (full 5):
 PSYoungGen      total 2073600K, used 2072672K [0x00000005aab00000, 0x00000007bf380000, 0x00000007c0000000)
  eden space 2072576K, 100% used [0x00000005aab00000,0x0000000629300000,0x0000000629300000)
  from space 1024K, 9% used [0x00000007bf180000,0x00000007bf198000,0x00000007bf280000)
  to   space 1024K, 0% used [0x00000007bf280000,0x00000007bf280000,0x00000007bf380000)
 ParOldGen       total 363008K, used 63666K [0x0000000180000000, 0x0000000196280000, 0x00000005aab00000)
  object space 363008K, 17% used [0x0000000180000000,0x0000000183e2cb08,0x0000000196280000)
 Metaspace       used 81386K, capacity 82424K, committed 82776K, reserved 1120256K
  class space    used 11794K, capacity 12015K, committed 12120K, reserved 1048576K
Event: 6784.704 GC heap after
Heap after GC invocations=797 (full 5):
 PSYoungGen      total 1984512K, used 128K [0x00000005aab00000, 0x00000007bf300000, 0x00000007c0000000)
  eden space 1984000K, 0% used [0x00000005aab00000,0x00000005aab00000,0x0000000623c80000)
  from space 512K, 25% used [0x00000007bf280000,0x00000007bf2a0000,0x00000007bf300000)
  to   space 1024K, 0% used [0x00000007bf100000,0x00000007bf100000,0x00000007bf200000)
 ParOldGen       total 363008K, used 63666K [0x0000000180000000, 0x0000000196280000, 0x00000005aab00000)
  object space 363008K, 17% used [0x0000000180000000,0x0000000183e2cb08,0x0000000196280000)
 Metaspace       used 81386K, capacity 82424K, committed 82776K, reserved 1120256K
  class space    used 11794K, capacity 12015K, committed 12120K, reserved 1048576K
}
Event: 6793.563 GC heap before
{Heap before GC invocations=798 (full 5):
 PSYoungGen      total 1984512K, used 1984128K [0x00000005aab00000, 0x00000007bf300000, 0x00000007c0000000)
  eden space 1984000K, 100% used [0x00000005aab00000,0x0000000623c80000,0x0000000623c80000)
  from space 512K, 25% used [0x00000007bf280000,0x00000007bf2a0000,0x00000007bf300000)
  to   space 1024K, 0% used [0x00000007bf100000,0x00000007bf100000,0x00000007bf200000)
 ParOldGen       total 363008K, used 63666K [0x0000000180000000, 0x0000000196280000, 0x00000005aab00000)
  object space 363008K, 17% used [0x0000000180000000,0x0000000183e2cb08,0x0000000196280000)
 Metaspace       used 81386K, capacity 82424K, committed 82776K, reserved 1120256K
  class space    used 11794K, capacity 12015K, committed 12120K, reserved 1048576K
Event: 6793.657 GC heap after
Heap after GC invocations=798 (full 5):
 PSYoungGen      total 1900544K, used 96K [0x00000005aab00000, 0x00000007bf300000, 0x00000007c0000000)
  eden space 1899520K, 0% used [0x00000005aab00000,0x00000005aab00000,0x000000061ea00000)
  from space 1024K, 9% used [0x00000007bf100000,0x00000007bf118000,0x00000007bf200000)
  to   space 1024K, 0% used [0x00000007bf200000,0x00000007bf200000,0x00000007bf300000)
 ParOldGen       total 363008K, used 63682K [0x0000000180000000, 0x0000000196280000, 0x00000005aab00000)
  object space 363008K, 17% used [0x0000000180000000,0x0000000183e30b08,0x0000000196280000)
 Metaspace       used 81386K, capacity 82424K, committed 82776K, reserved 1120256K
  class space    used 11794K, capacity 12015K, committed 12120K, reserved 1048576K
}
Event: 6803.128 GC heap before
{Heap before GC invocations=799 (full 5):
 PSYoungGen      total 1900544K, used 1899616K [0x00000005aab00000, 0x00000007bf300000, 0x00000007c0000000)
  eden space 1899520K, 100% used [0x00000005aab00000,0x000000061ea00000,0x000000061ea00000)
  from space 1024K, 9% used [0x00000007bf100000,0x00000007bf118000,0x00000007bf200000)
  to   space 1024K, 0% used [0x00000007bf200000,0x00000007bf200000,0x00000007bf300000)
 ParOldGen       total 363008K, used 63682K [0x0000000180000000, 0x0000000196280000, 0x00000005aab00000)
  object space 363008K, 17% used [0x0000000180000000,0x0000000183e30b08,0x0000000196280000)
 Metaspace       used 81386K, capacity 82424K, committed 82776K, reserved 1120256K
  class space    used 11794K, capacity 12015K, committed 12120K, reserved 1048576K
Event: 6803.174 GC heap after
Heap after GC invocations=799 (full 5):
 PSYoungGen      total 1819648K, used 64K [0x00000005aab00000, 0x00000007bf280000, 0x00000007c0000000)
  eden space 1819136K, 0% used [0x00000005aab00000,0x00000005aab00000,0x0000000619b80000)
  from space 512K, 12% used [0x00000007bf200000,0x00000007bf210000,0x00000007bf280000)
  to   space 1024K, 0% used [0x00000007bf080000,0x00000007bf080000,0x00000007bf180000)
 ParOldGen       total 363008K, used 63682K [0x0000000180000000, 0x0000000196280000, 0x00000005aab00000)
  object space 363008K, 17% used [0x0000000180000000,0x0000000183e30b08,0x0000000196280000)
 Metaspace       used 81386K, capacity 82424K, committed 82776K, reserved 1120256K
  class space    used 11794K, capacity 12015K, committed 12120K, reserved 1048576K
}
Event: 6811.090 GC heap before
{Heap before GC invocations=800 (full 5):
 PSYoungGen      total 1819648K, used 1819200K [0x00000005aab00000, 0x00000007bf280000, 0x00000007c0000000)
  eden space 1819136K, 100% used [0x00000005aab00000,0x0000000619b80000,0x0000000619b80000)
  from space 512K, 12% used [0x00000007bf200000,0x00000007bf210000,0x00000007bf280000)
  to   space 1024K, 0% used [0x00000007bf080000,0x00000007bf080000,0x00000007bf180000)
 ParOldGen       total 363008K, used 63682K [0x0000000180000000, 0x0000000196280000, 0x00000005aab00000)
  object space 363008K, 17% used [0x0000000180000000,0x0000000183e30b08,0x0000000196280000)
 Metaspace       used 81386K, capacity 82424K, committed 82776K, reserved 1120256K
  class space    used 11794K, capacity 12015K, committed 12120K, reserved 1048576K
Event: 6811.111 GC heap after
Heap after GC invocations=800 (full 5):
 PSYoungGen      total 1743872K, used 64K [0x00000005aab00000, 0x00000007bf280000, 0x00000007c0000000)
  eden space 1742848K, 0% used [0x00000005aab00000,0x00000005aab00000,0x0000000615100000)
  from space 1024K, 6% used [0x00000007bf080000,0x00000007bf090000,0x00000007bf180000)
  to   space 1024K, 0% used [0x00000007bf180000,0x00000007bf180000,0x00000007bf280000)
 ParOldGen       total 363008K, used 63690K [0x0000000180000000, 0x0000000196280000, 0x00000005aab00000)
  object space 363008K, 17% used [0x0000000180000000,0x0000000183e32b08,0x0000000196280000)
 Metaspace       used 81386K, capacity 82424K, committed 82776K, reserved 1120256K
  class space    used 11794K, capacity 12015K, committed 12120K, reserved 1048576K
}
Event: 6819.724 GC heap before
{Heap before GC invocations=801 (full 5):
 PSYoungGen      total 1743872K, used 1742912K [0x00000005aab00000, 0x00000007bf280000, 0x00000007c0000000)
  eden space 1742848K, 100% used [0x00000005aab00000,0x0000000615100000,0x0000000615100000)
  from space 1024K, 6% used [0x00000007bf080000,0x00000007bf090000,0x00000007bf180000)
  to   space 1024K, 0% used [0x00000007bf180000,0x00000007bf180000,0x00000007bf280000)
 ParOldGen       total 363008K, used 63690K [0x0000000180000000, 0x0000000196280000, 0x00000005aab00000)
  object space 363008K, 17% used [0x0000000180000000,0x0000000183e32b08,0x0000000196280000)
 Metaspace       used 81386K, capacity 82424K, committed 82776K, reserved 1120256K
  class space    used 11794K, capacity 12015K, committed 12120K, reserved 1048576K
Event: 6819.750 GC heap after
Heap after GC invocations=801 (full 5):
 PSYoungGen      total 1670656K, used 64K [0x00000005aab00000, 0x00000007bf200000, 0x00000007c0000000)
  eden space 1670144K, 0% used [0x00000005aab00000,0x00000005aab00000,0x0000000610a00000)
  from space 512K, 12% used [0x00000007bf180000,0x00000007bf190000,0x00000007bf200000)
  to   space 1024K, 0% used [0x00000007bf000000,0x00000007bf000000,0x00000007bf100000)
 ParOldGen       total 363008K, used 63690K [0x0000000180000000, 0x0000000196280000, 0x00000005aab00000)
  object space 363008K, 17% used [0x0000000180000000,0x0000000183e32b08,0x0000000196280000)
 Metaspace       used 81386K, capacity 82424K, committed 82776K, reserved 1120256K
  class space    used 11794K, capacity 12015K, committed 12120K, reserved 1048576K
}
Event: 6827.670 GC heap before
{Heap before GC invocations=802 (full 5):
 PSYoungGen      total 1670656K, used 1670208K [0x00000005aab00000, 0x00000007bf200000, 0x00000007c0000000)
  eden space 1670144K, 100% used [0x00000005aab00000,0x0000000610a00000,0x0000000610a00000)
  from space 512K, 12% used [0x00000007bf180000,0x00000007bf190000,0x00000007bf200000)
  to   space 1024K, 0% used [0x00000007bf000000,0x00000007bf000000,0x00000007bf100000)
 ParOldGen       total 363008K, used 63690K [0x0000000180000000, 0x0000000196280000, 0x00000005aab00000)
  object space 363008K, 17% used [0x0000000180000000,0x0000000183e32b08,0x0000000196280000)
 Metaspace       used 81386K, capacity 82424K, committed 82776K, reserved 1120256K
  class space    used 11794K, capacity 12015K, committed 12120K, reserved 1048576K
Event: 6827.695 GC heap after
Heap after GC invocations=802 (full 5):
 PSYoungGen      total 1602048K, used 32K [0x00000005aab00000, 0x00000007bf200000, 0x00000007c0000000)
  eden space 1601024K, 0% used [0x00000005aab00000,0x00000005aab00000,0x000000060c680000)
  from space 1024K, 3% used [0x00000007bf000000,0x00000007bf008000,0x00000007bf100000)
  to   space 1024K, 0% used [0x00000007bf100000,0x00000007bf100000,0x00000007bf200000)
 ParOldGen       total 363008K, used 63690K [0x0000000180000000, 0x0000000196280000, 0x00000005aab00000)
  object space 363008K, 17% used [0x0000000180000000,0x0000000183e32b08,0x0000000196280000)
 Metaspace       used 81386K, capacity 82424K, committed 82776K, reserved 1120256K
  class space    used 11794K, capacity 12015K, committed 12120K, reserved 1048576K
}
Event: 6835.343 GC heap before
{Heap before GC invocations=803 (full 5):
 PSYoungGen      total 1602048K, used 1601056K [0x00000005aab00000, 0x00000007bf200000, 0x00000007c0000000)
  eden space 1601024K, 100% used [0x00000005aab00000,0x000000060c680000,0x000000060c680000)
  from space 1024K, 3% used [0x00000007bf000000,0x00000007bf008000,0x00000007bf100000)
  to   space 1024K, 0% used [0x00000007bf100000,0x00000007bf100000,0x00000007bf200000)
 ParOldGen       total 363008K, used 63693K [0x0000000180000000, 0x0000000196280000, 0x00000005aab00000)
  object space 363008K, 17% used [0x0000000180000000,0x0000000183e33740,0x0000000196280000)
 Metaspace       used 81386K, capacity 82424K, committed 82776K, reserved 1120256K
  class space    used 11794K, capacity 12015K, committed 12120K, reserved 1048576K
Event: 6835.364 GC heap after
Heap after GC invocations=803 (full 5):
 PSYoungGen      total 1536000K, used 64K [0x00000005aab00000, 0x00000007bf180000, 0x00000007c0000000)
  eden space 1535488K, 0% used [0x00000005aab00000,0x00000005aab00000,0x0000000608680000)
  from space 512K, 12% used [0x00000007bf100000,0x00000007bf110000,0x00000007bf180000)
  to   space 1024K, 0% used [0x00000007bef80000,0x00000007bef80000,0x00000007bf080000)
 ParOldGen       total 363008K, used 63693K [0x0000000180000000, 0x0000000196280000, 0x00000005aab00000)
  object space 363008K, 17% used [0x0000000180000000,0x0000000183e33740,0x0000000196280000)
 Metaspace       used 81386K, capacity 82424K, committed 82776K, reserved 1120256K
  class space    used 11794K, capacity 12015K, committed 12120K, reserved 1048576K
}
Event: 6842.968 GC heap before
{Heap before GC invocations=804 (full 5):
 PSYoungGen      total 1536000K, used 1535552K [0x00000005aab00000, 0x00000007bf180000, 0x00000007c0000000)
  eden space 1535488K, 100% used [0x00000005aab00000,0x0000000608680000,0x0000000608680000)
  from space 512K, 12% used [0x00000007bf100000,0x00000007bf110000,0x00000007bf180000)
  to   space 1024K, 0% used [0x00000007bef80000,0x00000007bef80000,0x00000007bf080000)
 ParOldGen       total 363008K, used 63695K [0x0000000180000000, 0x0000000196280000, 0x00000005aab00000)
  object space 363008K, 17% used [0x0000000180000000,0x0000000183e33e30,0x0000000196280000)
 Metaspace       used 81386K, capacity 82424K, committed 82776K, reserved 1120256K
  class space    used 11794K, capacity 12015K, committed 12120K, reserved 1048576K
Event: 6842.989 GC heap after
Heap after GC invocations=804 (full 5):
 PSYoungGen      total 1474048K, used 32K [0x00000005aab00000, 0x00000007bf180000, 0x00000007c0000000)
  eden space 1473024K, 0% used [0x00000005aab00000,0x00000005aab00000,0x0000000604980000)
  from space 1024K, 3% used [0x00000007bef80000,0x00000007bef88000,0x00000007bf080000)
  to   space 1024K, 0% used [0x00000007bf080000,0x00000007bf080000,0x00000007bf180000)
 ParOldGen       total 363008K, used 63695K [0x0000000180000000, 0x0000000196280000, 0x00000005aab00000)
  object space 363008K, 17% used [0x0000000180000000,0x0000000183e33e30,0x0000000196280000)
 Metaspace       used 81386K, capacity 82424K, committed 82776K, reserved 1120256K
  class space    used 11794K, capacity 12015K, committed 12120K, reserved 1048576K
}
Event: 6849.707 GC heap before
{Heap before GC invocations=805 (full 5):
 PSYoungGen      total 1474048K, used 1473056K [0x00000005aab00000, 0x00000007bf180000, 0x00000007c0000000)
  eden space 1473024K, 100% used [0x00000005aab00000,0x0000000604980000,0x0000000604980000)
  from space 1024K, 3% used [0x00000007bef80000,0x00000007bef88000,0x00000007bf080000)
  to   space 1024K, 0% used [0x00000007bf080000,0x00000007bf080000,0x00000007bf180000)
 ParOldGen       total 363008K, used 63695K [0x0000000180000000, 0x0000000196280000, 0x00000005aab00000)
  object space 363008K, 17% used [0x0000000180000000,0x0000000183e33e30,0x0000000196280000)
 Metaspace       used 81386K, capacity 82424K, committed 82776K, reserved 1120256K
  class space    used 11794K, capacity 12015K, committed 12120K, reserved 1048576K
Event: 6849.732 GC heap after
Heap after GC invocations=805 (full 5):
 PSYoungGen      total 1414144K, used 64K [0x00000005aab00000, 0x00000007bf100000, 0x00000007c0000000)
  eden space 1413632K, 0% used [0x00000005aab00000,0x00000005aab00000,0x0000000600f80000)
  from space 512K, 12% used [0x00000007bf080000,0x00000007bf090000,0x00000007bf100000)
  to   space 1024K, 0% used [0x00000007bef00000,0x00000007bef00000,0x00000007bf000000)
 ParOldGen       total 363008K, used 63695K [0x0000000180000000, 0x0000000196280000, 0x00000005aab00000)
  object space 363008K, 17% used [0x0000000180000000,0x0000000183e33e30,0x0000000196280000)
 Metaspace       used 81386K, capacity 82424K, committed 82776K, reserved 1120256K
  class space    used 11794K, capacity 12015K, committed 12120K, reserved 1048576K
}
Event: 6855.629 GC heap before
{Heap before GC invocations=806 (full 5):
 PSYoungGen      total 1414144K, used 1413696K [0x00000005aab00000, 0x00000007bf100000, 0x00000007c0000000)
  eden space 1413632K, 100% used [0x00000005aab00000,0x0000000600f80000,0x0000000600f80000)
  from space 512K, 12% used [0x00000007bf080000,0x00000007bf090000,0x00000007bf100000)
  to   space 1024K, 0% used [0x00000007bef00000,0x00000007bef00000,0x00000007bf000000)
 ParOldGen       total 363008K, used 63695K [0x0000000180000000, 0x0000000196280000, 0x00000005aab00000)
  object space 363008K, 17% used [0x0000000180000000,0x0000000183e33e30,0x0000000196280000)
 Metaspace       used 81386K, capacity 82424K, committed 82776K, reserved 1120256K
  class space    used 11794K, capacity 12015K, committed 12120K, reserved 1048576K
Event: 6855.654 GC heap after
Heap after GC invocations=806 (full 5):
 PSYoungGen      total 1357824K, used 64K [0x00000005aab00000, 0x00000007bf100000, 0x00000007c0000000)
  eden space 1356800K, 0% used [0x00000005aab00000,0x00000005aab00000,0x00000005fd800000)
  from space 1024K, 6% used [0x00000007bef00000,0x00000007bef10000,0x00000007bf000000)
  to   space 1024K, 0% used [0x00000007bf000000,0x00000007bf000000,0x00000007bf100000)
 ParOldGen       total 363008K, used 63703K [0x0000000180000000, 0x0000000196280000, 0x00000005aab00000)
  object space 363008K, 17% used [0x0000000180000000,0x0000000183e35e30,0x0000000196280000)
 Metaspace       used 81386K, capacity 82424K, committed 82776K, reserved 1120256K
  class space    used 11794K, capacity 12015K, committed 12120K, reserved 1048576K
}
Event: 6862.438 GC heap before
{Heap before GC invocations=807 (full 5):
 PSYoungGen      total 1357824K, used 1356864K [0x00000005aab00000, 0x00000007bf100000, 0x00000007c0000000)
  eden space 1356800K, 100% used [0x00000005aab00000,0x00000005fd800000,0x00000005fd800000)
  from space 1024K, 6% used [0x00000007bef00000,0x00000007bef10000,0x00000007bf000000)
  to   space 1024K, 0% used [0x00000007bf000000,0x00000007bf000000,0x00000007bf100000)
 ParOldGen       total 363008K, used 63703K [0x0000000180000000, 0x0000000196280000, 0x00000005aab00000)
  object space 363008K, 17% used [0x0000000180000000,0x0000000183e35e30,0x0000000196280000)
 Metaspace       used 81386K, capacity 82424K, committed 82776K, reserved 1120256K
  class space    used 11794K, capacity 12015K, committed 12120K, reserved 1048576K
Event: 6862.463 GC heap after
Heap after GC invocations=807 (full 5):
 PSYoungGen      total 1303552K, used 64K [0x00000005aab00000, 0x00000007bf080000, 0x00000007c0000000)
  eden space 1303040K, 0% used [0x00000005aab00000,0x00000005aab00000,0x00000005fa380000)
  from space 512K, 12% used [0x00000007bf000000,0x00000007bf010000,0x00000007bf080000)
  to   space 512K, 0% used [0x00000007bef80000,0x00000007bef80000,0x00000007bf000000)
 ParOldGen       total 363008K, used 63711K [0x0000000180000000, 0x0000000196280000, 0x00000005aab00000)
  object space 363008K, 17% used [0x0000000180000000,0x0000000183e37e30,0x0000000196280000)
 Metaspace       used 81386K, capacity 82424K, committed 82776K, reserved 1120256K
  class space    used 11794K, capacity 12015K, committed 12120K, reserved 1048576K
}
Event: 6868.407 GC heap before
{Heap before GC invocations=808 (full 5):
 PSYoungGen      total 1303552K, used 1303104K [0x00000005aab00000, 0x00000007bf080000, 0x00000007c0000000)
  eden space 1303040K, 100% used [0x00000005aab00000,0x00000005fa380000,0x00000005fa380000)
  from space 512K, 12% used [0x00000007bf000000,0x00000007bf010000,0x00000007bf080000)
  to   space 512K, 0% used [0x00000007bef80000,0x00000007bef80000,0x00000007bf000000)
 ParOldGen       total 363008K, used 63711K [0x0000000180000000, 0x0000000196280000, 0x00000005aab00000)
  object space 363008K, 17% used [0x0000000180000000,0x0000000183e37e30,0x0000000196280000)
 Metaspace       used 81386K, capacity 82424K, committed 82776K, reserved 1120256K
  class space    used 11794K, capacity 12015K, committed 12120K, reserved 1048576K
Event: 6868.432 GC heap after
Heap after GC invocations=808 (full 5):
 PSYoungGen      total 1252352K, used 96K [0x00000005aab00000, 0x00000007bf080000, 0x00000007c0000000)
  eden space 1251840K, 0% used [0x00000005aab00000,0x00000005aab00000,0x00000005f7180000)
  from space 512K, 18% used [0x00000007bef80000,0x00000007bef98000,0x00000007bf000000)
  to   space 512K, 0% used [0x00000007bf000000,0x00000007bf000000,0x00000007bf080000)
 ParOldGen       total 363008K, used 63711K [0x0000000180000000, 0x0000000196280000, 0x00000005aab00000)
  object space 363008K, 17% used [0x0000000180000000,0x0000000183e37e30,0x0000000196280000)
 Metaspace       used 81386K, capacity 82424K, committed 82776K, reserved 1120256K
  class space    used 11794K, capacity 12015K, committed 12120K, reserved 1048576K
}
Event: 6874.201 GC heap before
{Heap before GC invocations=809 (full 5):
 PSYoungGen      total 1252352K, used 1251936K [0x00000005aab00000, 0x00000007bf080000, 0x00000007c0000000)
  eden space 1251840K, 100% used [0x00000005aab00000,0x00000005f7180000,0x00000005f7180000)
  from space 512K, 18% used [0x00000007bef80000,0x00000007bef98000,0x00000007bf000000)
  to   space 512K, 0% used [0x00000007bf000000,0x00000007bf000000,0x00000007bf080000)
 ParOldGen       total 363008K, used 63711K [0x0000000180000000, 0x0000000196280000, 0x00000005aab00000)
  object space 363008K, 17% used [0x0000000180000000,0x0000000183e37e30,0x0000000196280000)
 Metaspace       used 81386K, capacity 82424K, committed 82776K, reserved 1120256K
  class space    used 11794K, capacity 12015K, committed 12120K, reserved 1048576K
Event: 6874.226 GC heap after
Heap after GC invocations=809 (full 5):
 PSYoungGen      total 1203200K, used 64K [0x00000005aab00000, 0x00000007bf080000, 0x00000007c0000000)
  eden space 1202688K, 0% used [0x00000005aab00000,0x00000005aab00000,0x00000005f4180000)
  from space 512K, 12% used [0x00000007bf000000,0x00000007bf010000,0x00000007bf080000)
  to   space 512K, 0% used [0x00000007bef80000,0x00000007bef80000,0x00000007bf000000)
 ParOldGen       total 363008K, used 63711K [0x0000000180000000, 0x0000000196280000, 0x00000005aab00000)
  object space 363008K, 17% used [0x0000000180000000,0x0000000183e37e30,0x0000000196280000)
 Metaspace       used 81386K, capacity 82424K, committed 82776K, reserved 1120256K
  class space    used 11794K, capacity 12015K, committed 12120K, reserved 1048576K
}
Event: 6880.402 GC heap before
{Heap before GC invocations=810 (full 5):
 PSYoungGen      total 1203200K, used 1202752K [0x00000005aab00000, 0x00000007bf080000, 0x00000007c0000000)
  eden space 1202688K, 100% used [0x00000005aab00000,0x00000005f4180000,0x00000005f4180000)
  from space 512K, 12% used [0x00000007bf000000,0x00000007bf010000,0x00000007bf080000)
  to   space 512K, 0% used [0x00000007bef80000,0x00000007bef80000,0x00000007bf000000)
 ParOldGen       total 363008K, used 63711K [0x0000000180000000, 0x0000000196280000, 0x00000005aab00000)
  object space 363008K, 17% used [0x0000000180000000,0x0000000183e37e30,0x0000000196280000)
 Metaspace       used 81386K, capacity 82424K, committed 82776K, reserved 1120256K
  class space    used 11794K, capacity 12015K, committed 12120K, reserved 1048576K
Event: 6880.423 GC heap after
Heap after GC invocations=810 (full 5):
 PSYoungGen      total 1156608K, used 64K [0x00000005aab00000, 0x00000007bf080000, 0x00000007c0000000)
  eden space 1156096K, 0% used [0x00000005aab00000,0x00000005aab00000,0x00000005f1400000)
  from space 512K, 12% used [0x00000007bef80000,0x00000007bef90000,0x00000007bf000000)
  to   space 512K, 0% used [0x00000007bf000000,0x00000007bf000000,0x00000007bf080000)
 ParOldGen       total 363008K, used 63711K [0x0000000180000000, 0x0000000196280000, 0x00000005aab00000)
  object space 363008K, 17% used [0x0000000180000000,0x0000000183e37e30,0x0000000196280000)
 Metaspace       used 81386K, capacity 82424K, committed 82776K, reserved 1120256K
  class space    used 11794K, capacity 12015K, committed 12120K, reserved 1048576K
}
Event: 6885.746 GC heap before
{Heap before GC invocations=811 (full 5):
 PSYoungGen      total 1156608K, used 1156160K [0x00000005aab00000, 0x00000007bf080000, 0x00000007c0000000)
  eden space 1156096K, 100% used [0x00000005aab00000,0x00000005f1400000,0x00000005f1400000)
  from space 512K, 12% used [0x00000007bef80000,0x00000007bef90000,0x00000007bf000000)
  to   space 512K, 0% used [0x00000007bf000000,0x00000007bf000000,0x00000007bf080000)
 ParOldGen       total 363008K, used 63711K [0x0000000180000000, 0x0000000196280000, 0x00000005aab00000)
  object space 363008K, 17% used [0x0000000180000000,0x0000000183e37e30,0x0000000196280000)
 Metaspace       used 81386K, capacity 82424K, committed 82776K, reserved 1120256K
  class space    used 11794K, capacity 12015K, committed 12120K, reserved 1048576K
Event: 6885.771 GC heap after
Heap after GC invocations=811 (full 5):
 PSYoungGen      total 1112064K, used 96K [0x00000005aab00000, 0x00000007bf080000, 0x00000007c0000000)
  eden space 1111552K, 0% used [0x00000005aab00000,0x00000005aab00000,0x00000005ee880000)
  from space 512K, 18% used [0x00000007bf000000,0x00000007bf018000,0x00000007bf080000)
  to   space 512K, 0% used [0x00000007bef80000,0x00000007bef80000,0x00000007bf000000)
 ParOldGen       total 363008K, used 63711K [0x0000000180000000, 0x0000000196280000, 0x00000005aab00000)
  object space 363008K, 17% used [0x0000000180000000,0x0000000183e37e30,0x0000000196280000)
 Metaspace       used 81386K, capacity 82424K, committed 82776K, reserved 1120256K
  class space    used 11794K, capacity 12015K, committed 12120K, reserved 1048576K
}
Event: 6890.801 GC heap before
{Heap before GC invocations=812 (full 5):
 PSYoungGen      total 1112064K, used 1111648K [0x00000005aab00000, 0x00000007bf080000, 0x00000007c0000000)
  eden space 1111552K, 100% used [0x00000005aab00000,0x00000005ee880000,0x00000005ee880000)
  from space 512K, 18% used [0x00000007bf000000,0x00000007bf018000,0x00000007bf080000)
  to   space 512K, 0% used [0x00000007bef80000,0x00000007bef80000,0x00000007bf000000)
 ParOldGen       total 363008K, used 63715K [0x0000000180000000, 0x0000000196280000, 0x00000005aab00000)
  object space 363008K, 17% used [0x0000000180000000,0x0000000183e38d68,0x0000000196280000)
 Metaspace       used 81386K, capacity 82424K, committed 82776K, reserved 1120256K
  class space    used 11794K, capacity 12015K, committed 12120K, reserved 1048576K
Event: 6890.895 GC heap after
Heap after GC invocations=812 (full 5):
 PSYoungGen      total 1069568K, used 96K [0x00000005aab00000, 0x00000007bf080000, 0x00000007c0000000)
  eden space 1069056K, 0% used [0x00000005aab00000,0x00000005aab00000,0x00000005ebf00000)
  from space 512K, 18% used [0x00000007bef80000,0x00000007bef98000,0x00000007bf000000)
  to   space 512K, 0% used [0x00000007bf000000,0x00000007bf000000,0x00000007bf080000)
 ParOldGen       total 363008K, used 63723K [0x0000000180000000, 0x0000000196280000, 0x00000005aab00000)
  object space 363008K, 17% used [0x0000000180000000,0x0000000183e3ad68,0x0000000196280000)
 Metaspace       used 81386K, capacity 82424K, committed 82776K, reserved 1120256K
  class space    used 11794K, capacity 12015K, committed 12120K, reserved 1048576K
}
Event: 6895.091 GC heap before
{Heap before GC invocations=813 (full 5):
 PSYoungGen      total 1069568K, used 1069152K [0x00000005aab00000, 0x00000007bf080000, 0x00000007c0000000)
  eden space 1069056K, 100% used [0x00000005aab00000,0x00000005ebf00000,0x00000005ebf00000)
  from space 512K, 18% used [0x00000007bef80000,0x00000007bef98000,0x00000007bf000000)
  to   space 512K, 0% used [0x00000007bf000000,0x00000007bf000000,0x00000007bf080000)
 ParOldGen       total 363008K, used 63725K [0x0000000180000000, 0x0000000196280000, 0x00000005aab00000)
  object space 363008K, 17% used [0x0000000180000000,0x0000000183e3b4a8,0x0000000196280000)
 Metaspace       used 81386K, capacity 82424K, committed 82776K, reserved 1120256K
  class space    used 11794K, capacity 12015K, committed 12120K, reserved 1048576K
Event: 6895.245 GC heap after
Heap after GC invocations=813 (full 5):
 PSYoungGen      total 1165312K, used 96K [0x00000005aab00000, 0x00000007bf080000, 0x00000007c0000000)
  eden space 1164800K, 0% used [0x00000005aab00000,0x00000005aab00000,0x00000005f1c80000)
  from space 512K, 18% used [0x00000007bf000000,0x00000007bf018000,0x00000007bf080000)
  to   space 512K, 0% used [0x00000007bef80000,0x00000007bef80000,0x00000007bf000000)
 ParOldGen       total 363008K, used 63733K [0x0000000180000000, 0x0000000196280000, 0x00000005aab00000)
  object space 363008K, 17% used [0x0000000180000000,0x0000000183e3d4a8,0x0000000196280000)
 Metaspace       used 81386K, capacity 82424K, committed 82776K, reserved 1120256K
  class space    used 11794K, capacity 12015K, committed 12120K, reserved 1048576K
}
Event: 6900.057 GC heap before
{Heap before GC invocations=814 (full 5):
 PSYoungGen      total 1165312K, used 1164896K [0x00000005aab00000, 0x00000007bf080000, 0x00000007c0000000)
  eden space 1164800K, 100% used [0x00000005aab00000,0x00000005f1c80000,0x00000005f1c80000)
  from space 512K, 18% used [0x00000007bf000000,0x00000007bf018000,0x00000007bf080000)
  to   space 512K, 0% used [0x00000007bef80000,0x00000007bef80000,0x00000007bf000000)
 ParOldGen       total 363008K, used 63733K [0x0000000180000000, 0x0000000196280000, 0x00000005aab00000)
  object space 363008K, 17% used [0x0000000180000000,0x0000000183e3d4a8,0x0000000196280000)
 Metaspace       used 81386K, capacity 82424K, committed 82776K, reserved 1120256K
  class space    used 11794K, capacity 12015K, committed 12120K, reserved 1048576K
Event: 6900.169 GC heap after
Heap after GC invocations=814 (full 5):
 PSYoungGen      total 1276928K, used 64K [0x00000005aab00000, 0x00000007bf080000, 0x00000007c0000000)
  eden space 1276416K, 0% used [0x00000005aab00000,0x00000005aab00000,0x00000005f8980000)
  from space 512K, 12% used [0x00000007bef80000,0x00000007bef90000,0x00000007bf000000)
  to   space 512K, 0% used [0x00000007bf000000,0x00000007bf000000,0x00000007bf080000)
 ParOldGen       total 363008K, used 63733K [0x0000000180000000, 0x0000000196280000, 0x00000005aab00000)
  object space 363008K, 17% used [0x0000000180000000,0x0000000183e3d4a8,0x0000000196280000)
 Metaspace       used 81386K, capacity 82424K, committed 82776K, reserved 1120256K
  class space    used 11794K, capacity 12015K, committed 12120K, reserved 1048576K
}
Event: 6903.938 GC heap before
{Heap before GC invocations=815 (full 5):
 PSYoungGen      total 1276928K, used 1276480K [0x00000005aab00000, 0x00000007bf080000, 0x00000007c0000000)
  eden space 1276416K, 100% used [0x00000005aab00000,0x00000005f8980000,0x00000005f8980000)
  from space 512K, 12% used [0x00000007bef80000,0x00000007bef90000,0x00000007bf000000)
  to   space 512K, 0% used [0x00000007bf000000,0x00000007bf000000,0x00000007bf080000)
 ParOldGen       total 363008K, used 63733K [0x0000000180000000, 0x0000000196280000, 0x00000005aab00000)
  object space 363008K, 17% used [0x0000000180000000,0x0000000183e3d4a8,0x0000000196280000)
 Metaspace       used 81386K, capacity 82424K, committed 82776K, reserved 1120256K
  class space    used 11794K, capacity 12015K, committed 12120K, reserved 1048576K
Event: 6903.944 GC heap after
Heap after GC invocations=815 (full 5):
 PSYoungGen      total 1382912K, used 64K [0x00000005aab00000, 0x00000007bf080000, 0x00000007c0000000)
  eden space 1382400K, 0% used [0x00000005aab00000,0x00000005aab00000,0x00000005ff100000)
  from space 512K, 12% used [0x00000007bf000000,0x00000007bf010000,0x00000007bf080000)
  to   space 512K, 0% used [0x00000007bef80000,0x00000007bef80000,0x00000007bf000000)
 ParOldGen       total 363008K, used 63733K [0x0000000180000000, 0x0000000196280000, 0x00000005aab00000)
  object space 363008K, 17% used [0x0000000180000000,0x0000000183e3d4a8,0x0000000196280000)
 Metaspace       used 81386K, capacity 82424K, committed 82776K, reserved 1120256K
  class space    used 11794K, capacity 12015K, committed 12120K, reserved 1048576K
}
Event: 6904.909 GC heap before
{Heap before GC invocations=816 (full 5):
 PSYoungGen      total 1382912K, used 1382464K [0x00000005aab00000, 0x00000007bf080000, 0x00000007c0000000)
  eden space 1382400K, 100% used [0x00000005aab00000,0x00000005ff100000,0x00000005ff100000)
  from space 512K, 12% used [0x00000007bf000000,0x00000007bf010000,0x00000007bf080000)
  to   space 512K, 0% used [0x00000007bef80000,0x00000007bef80000,0x00000007bf000000)
 ParOldGen       total 363008K, used 63734K [0x0000000180000000, 0x0000000196280000, 0x00000005aab00000)
  object space 363008K, 17% used [0x0000000180000000,0x0000000183e3d820,0x0000000196280000)
 Metaspace       used 81386K, capacity 82424K, committed 82776K, reserved 1120256K
  class space    used 11794K, capacity 12015K, committed 12120K, reserved 1048576K
Event: 6904.915 GC heap after
Heap after GC invocations=816 (full 5):
 PSYoungGen      total 1487360K, used 64K [0x00000005aab00000, 0x00000007bf080000, 0x00000007c0000000)
  eden space 1486848K, 0% used [0x00000005aab00000,0x00000005aab00000,0x0000000605700000)
  from space 512K, 12% used [0x00000007bef80000,0x00000007bef90000,0x00000007bf000000)
  to   space 512K, 0% used [0x00000007bf000000,0x00000007bf000000,0x00000007bf080000)
 ParOldGen       total 363008K, used 63734K [0x0000000180000000, 0x0000000196280000, 0x00000005aab00000)
  object space 363008K, 17% used [0x0000000180000000,0x0000000183e3d820,0x0000000196280000)
 Metaspace       used 81386K, capacity 82424K, committed 82776K, reserved 1120256K
  class space    used 11794K, capacity 12015K, committed 12120K, reserved 1048576K
}
Event: 6905.942 GC heap before
{Heap before GC invocations=817 (full 5):
 PSYoungGen      total 1487360K, used 1486912K [0x00000005aab00000, 0x00000007bf080000, 0x00000007c0000000)
  eden space 1486848K, 100% used [0x00000005aab00000,0x0000000605700000,0x0000000605700000)
  from space 512K, 12% used [0x00000007bef80000,0x00000007bef90000,0x00000007bf000000)
  to   space 512K, 0% used [0x00000007bf000000,0x00000007bf000000,0x00000007bf080000)
 ParOldGen       total 363008K, used 63735K [0x0000000180000000, 0x0000000196280000, 0x00000005aab00000)
  object space 363008K, 17% used [0x0000000180000000,0x0000000183e3de60,0x0000000196280000)
 Metaspace       used 81386K, capacity 82424K, committed 82776K, reserved 1120256K
  class space    used 11794K, capacity 12015K, committed 12120K, reserved 1048576K
Event: 6905.946 GC heap after
Heap after GC invocations=817 (full 5):
 PSYoungGen      total 1426944K, used 96K [0x00000005aab00000, 0x00000007bf080000, 0x00000007c0000000)
  eden space 1426432K, 0% used [0x00000005aab00000,0x00000005aab00000,0x0000000601c00000)
  from space 512K, 18% used [0x00000007bf000000,0x00000007bf018000,0x00000007bf080000)
  to   space 512K, 0% used [0x00000007bef80000,0x00000007bef80000,0x00000007bf000000)
 ParOldGen       total 363008K, used 63735K [0x0000000180000000, 0x0000000196280000, 0x00000005aab00000)
  object space 363008K, 17% used [0x0000000180000000,0x0000000183e3de60,0x0000000196280000)
 Metaspace       used 81386K, capacity 82424K, committed 82776K, reserved 1120256K
  class space    used 11794K, capacity 12015K, committed 12120K, reserved 1048576K
}
Event: 6906.950 GC heap before
{Heap before GC invocations=818 (full 5):
 PSYoungGen      total 1426944K, used 1426528K [0x00000005aab00000, 0x00000007bf080000, 0x00000007c0000000)
  eden space 1426432K, 100% used [0x00000005aab00000,0x0000000601c00000,0x0000000601c00000)
  from space 512K, 18% used [0x00000007bf000000,0x00000007bf018000,0x00000007bf080000)
  to   space 512K, 0% used [0x00000007bef80000,0x00000007bef80000,0x00000007bf000000)
 ParOldGen       total 363008K, used 63735K [0x0000000180000000, 0x0000000196280000, 0x00000005aab00000)
  object space 363008K, 17% used [0x0000000180000000,0x0000000183e3de60,0x0000000196280000)
 Metaspace       used 81386K, capacity 82424K, committed 82776K, reserved 1120256K
  class space    used 11794K, capacity 12015K, committed 12120K, reserved 1048576K
Event: 6906.956 GC heap after
Heap after GC invocations=818 (full 5):
 PSYoungGen      total 1369600K, used 64K [0x00000005aab00000, 0x00000007bf080000, 0x00000007c0000000)
  eden space 1369088K, 0% used [0x00000005aab00000,0x00000005aab00000,0x00000005fe400000)
  from space 512K, 12% used [0x00000007bef80000,0x00000007bef90000,0x00000007bf000000)
  to   space 512K, 0% used [0x00000007bf000000,0x00000007bf000000,0x00000007bf080000)
 ParOldGen       total 363008K, used 63743K [0x0000000180000000, 0x0000000196280000, 0x00000005aab00000)
  object space 363008K, 17% used [0x0000000180000000,0x0000000183e3fe60,0x0000000196280000)
 Metaspace       used 81386K, capacity 82424K, committed 82776K, reserved 1120256K
  class space    used 11794K, capacity 12015K, committed 12120K, reserved 1048576K
}
Event: 6908.318 GC heap before
{Heap before GC invocations=819 (full 5):
 PSYoungGen      total 1369600K, used 1369152K [0x00000005aab00000, 0x00000007bf080000, 0x00000007c0000000)
  eden space 1369088K, 100% used [0x00000005aab00000,0x00000005fe400000,0x00000005fe400000)
  from space 512K, 12% used [0x00000007bef80000,0x00000007bef90000,0x00000007bf000000)
  to   space 512K, 0% used [0x00000007bf000000,0x00000007bf000000,0x00000007bf080000)
 ParOldGen       total 363008K, used 63743K [0x0000000180000000, 0x0000000196280000, 0x00000005aab00000)
  object space 363008K, 17% used [0x0000000180000000,0x0000000183e3fe60,0x0000000196280000)
 Metaspace       used 81386K, capacity 82424K, committed 82776K, reserved 1120256K
  class space    used 11794K, capacity 12015K, committed 12120K, reserved 1048576K
Event: 6908.324 GC heap after
Heap after GC invocations=819 (full 5):
 PSYoungGen      total 1315328K, used 64K [0x00000005aab00000, 0x00000007bf080000, 0x00000007c0000000)
  eden space 1314816K, 0% used [0x00000005aab00000,0x00000005aab00000,0x00000005faf00000)
  from space 512K, 12% used [0x00000007bf000000,0x00000007bf010000,0x00000007bf080000)
  to   space 512K, 0% used [0x00000007bef80000,0x00000007bef80000,0x00000007bf000000)
 ParOldGen       total 363008K, used 63751K [0x0000000180000000, 0x0000000196280000, 0x00000005aab00000)
  object space 363008K, 17% used [0x0000000180000000,0x0000000183e41e60,0x0000000196280000)
 Metaspace       used 81386K, capacity 82424K, committed 82776K, reserved 1120256K
  class space    used 11794K, capacity 12015K, committed 12120K, reserved 1048576K
}
Event: 6909.487 GC heap before
{Heap before GC invocations=820 (full 5):
 PSYoungGen      total 1315328K, used 1314880K [0x00000005aab00000, 0x00000007bf080000, 0x00000007c0000000)
  eden space 1314816K, 100% used [0x00000005aab00000,0x00000005faf00000,0x00000005faf00000)
  from space 512K, 12% used [0x00000007bf000000,0x00000007bf010000,0x00000007bf080000)
  to   space 512K, 0% used [0x00000007bef80000,0x00000007bef80000,0x00000007bf000000)
 ParOldGen       total 363008K, used 63751K [0x0000000180000000, 0x0000000196280000, 0x00000005aab00000)
  object space 363008K, 17% used [0x0000000180000000,0x0000000183e41e90,0x0000000196280000)
 Metaspace       used 81386K, capacity 82424K, committed 82776K, reserved 1120256K
  class space    used 11794K, capacity 12015K, committed 12120K, reserved 1048576K
Event: 6909.492 GC heap after
Heap after GC invocations=820 (full 5):
 PSYoungGen      total 1263616K, used 32K [0x00000005aab00000, 0x00000007bf080000, 0x00000007c0000000)
  eden space 1263104K, 0% used [0x00000005aab00000,0x00000005aab00000,0x00000005f7c80000)
  from space 512K, 6% used [0x00000007bef80000,0x00000007bef88000,0x00000007bf000000)
  to   space 512K, 0% used [0x00000007bf000000,0x00000007bf000000,0x00000007bf080000)
 ParOldGen       total 363008K, used 63759K [0x0000000180000000, 0x0000000196280000, 0x00000005aab00000)
  object space 363008K, 17% used [0x0000000180000000,0x0000000183e43e90,0x0000000196280000)
 Metaspace       used 81386K, capacity 82424K, committed 82776K, reserved 1120256K
  class space    used 11794K, capacity 12015K, committed 12120K, reserved 1048576K
}
Event: 6910.456 GC heap before
{Heap before GC invocations=821 (full 5):
 PSYoungGen      total 1263616K, used 1263136K [0x00000005aab00000, 0x00000007bf080000, 0x00000007c0000000)
  eden space 1263104K, 100% used [0x00000005aab00000,0x00000005f7c80000,0x00000005f7c80000)
  from space 512K, 6% used [0x00000007bef80000,0x00000007bef88000,0x00000007bf000000)
  to   space 512K, 0% used [0x00000007bf000000,0x00000007bf000000,0x00000007bf080000)
 ParOldGen       total 363008K, used 63761K [0x0000000180000000, 0x0000000196280000, 0x00000005aab00000)
  object space 363008K, 17% used [0x0000000180000000,0x0000000183e44600,0x0000000196280000)
 Metaspace       used 81386K, capacity 82424K, committed 82776K, reserved 1120256K
  class space    used 11794K, capacity 12015K, committed 12120K, reserved 1048576K
Event: 6910.463 GC heap after
Heap after GC invocations=821 (full 5):
 PSYoungGen      total 1213952K, used 64K [0x00000005aab00000, 0x00000007bf080000, 0x00000007c0000000)
  eden space 1213440K, 0% used [0x00000005aab00000,0x00000005aab00000,0x00000005f4c00000)
  from space 512K, 12% used [0x00000007bf000000,0x00000007bf010000,0x00000007bf080000)
  to   space 512K, 0% used [0x00000007bef80000,0x00000007bef80000,0x00000007bf000000)
 ParOldGen       total 363008K, used 63761K [0x0000000180000000, 0x0000000196280000, 0x00000005aab00000)
  object space 363008K, 17% used [0x0000000180000000,0x0000000183e44600,0x0000000196280000)
 Metaspace       used 81386K, capacity 82424K, committed 82776K, reserved 1120256K
  class space    used 11794K, capacity 12015K, committed 12120K, reserved 1048576K
}
Event: 6911.412 GC heap before
{Heap before GC invocations=822 (full 5):
 PSYoungGen      total 1213952K, used 1213504K [0x00000005aab00000, 0x00000007bf080000, 0x00000007c0000000)
  eden space 1213440K, 100% used [0x00000005aab00000,0x00000005f4c00000,0x00000005f4c00000)
  from space 512K, 12% used [0x00000007bf000000,0x00000007bf010000,0x00000007bf080000)
  to   space 512K, 0% used [0x00000007bef80000,0x00000007bef80000,0x00000007bf000000)
 ParOldGen       total 363008K, used 63761K [0x0000000180000000, 0x0000000196280000, 0x00000005aab00000)
  object space 363008K, 17% used [0x0000000180000000,0x0000000183e44600,0x0000000196280000)
 Metaspace       used 81386K, capacity 82424K, committed 82776K, reserved 1120256K
  class space    used 11794K, capacity 12015K, committed 12120K, reserved 1048576K
Event: 6911.421 GC heap after
Heap after GC invocations=822 (full 5):
 PSYoungGen      total 1166848K, used 64K [0x00000005aab00000, 0x00000007bf080000, 0x00000007c0000000)
  eden space 1166336K, 0% used [0x00000005aab00000,0x00000005aab00000,0x00000005f1e00000)
  from space 512K, 12% used [0x00000007bef80000,0x00000007bef90000,0x00000007bf000000)
  to   space 512K, 0% used [0x00000007bf000000,0x00000007bf000000,0x00000007bf080000)
 ParOldGen       total 363008K, used 63769K [0x0000000180000000, 0x0000000196280000, 0x00000005aab00000)
  object space 363008K, 17% used [0x0000000180000000,0x0000000183e46600,0x0000000196280000)
 Metaspace       used 81386K, capacity 82424K, committed 82776K, reserved 1120256K
  class space    used 11794K, capacity 12015K, committed 12120K, reserved 1048576K
}
Event: 6912.301 GC heap before
{Heap before GC invocations=823 (full 5):
 PSYoungGen      total 1166848K, used 1166400K [0x00000005aab00000, 0x00000007bf080000, 0x00000007c0000000)
  eden space 1166336K, 100% used [0x00000005aab00000,0x00000005f1e00000,0x00000005f1e00000)
  from space 512K, 12% used [0x00000007bef80000,0x00000007bef90000,0x00000007bf000000)
  to   space 512K, 0% used [0x00000007bf000000,0x00000007bf000000,0x00000007bf080000)
 ParOldGen       total 363008K, used 63769K [0x0000000180000000, 0x0000000196280000, 0x00000005aab00000)
  object space 363008K, 17% used [0x0000000180000000,0x0000000183e46600,0x0000000196280000)
 Metaspace       used 81386K, capacity 82424K, committed 82776K, reserved 1120256K
  class space    used 11794K, capacity 12015K, committed 12120K, reserved 1048576K
Event: 6912.306 GC heap after
Heap after GC invocations=823 (full 5):
 PSYoungGen      total 1121792K, used 96K [0x00000005aab00000, 0x00000007bf080000, 0x00000007c0000000)
  eden space 1121280K, 0% used [0x00000005aab00000,0x00000005aab00000,0x00000005ef200000)
  from space 512K, 18% used [0x00000007bf000000,0x00000007bf018000,0x00000007bf080000)
  to   space 512K, 0% used [0x00000007bef80000,0x00000007bef80000,0x00000007bf000000)
 ParOldGen       total 363008K, used 63769K [0x0000000180000000, 0x0000000196280000, 0x00000005aab00000)
  object space 363008K, 17% used [0x0000000180000000,0x0000000183e46600,0x0000000196280000)
 Metaspace       used 81386K, capacity 82424K, committed 82776K, reserved 1120256K
  class space    used 11794K, capacity 12015K, committed 12120K, reserved 1048576K
}
Event: 6913.126 GC heap before
{Heap before GC invocations=824 (full 5):
 PSYoungGen      total 1121792K, used 1121376K [0x00000005aab00000, 0x00000007bf080000, 0x00000007c0000000)
  eden space 1121280K, 100% used [0x00000005aab00000,0x00000005ef200000,0x00000005ef200000)
  from space 512K, 18% used [0x00000007bf000000,0x00000007bf018000,0x00000007bf080000)
  to   space 512K, 0% used [0x00000007bef80000,0x00000007bef80000,0x00000007bf000000)
 ParOldGen       total 363008K, used 63769K [0x0000000180000000, 0x0000000196280000, 0x00000005aab00000)
  object space 363008K, 17% used [0x0000000180000000,0x0000000183e46600,0x0000000196280000)
 Metaspace       used 81386K, capacity 82424K, committed 82776K, reserved 1120256K
  class space    used 11794K, capacity 12015K, committed 12120K, reserved 1048576K
Event: 6913.131 GC heap after
Heap after GC invocations=824 (full 5):
 PSYoungGen      total 1079296K, used 32K [0x00000005aab00000, 0x00000007bf080000, 0x00000007c0000000)
  eden space 1078784K, 0% used [0x00000005aab00000,0x00000005aab00000,0x00000005ec880000)
  from space 512K, 6% used [0x00000007bef80000,0x00000007bef88000,0x00000007bf000000)
  to   space 512K, 0% used [0x00000007bf000000,0x00000007bf000000,0x00000007bf080000)
 ParOldGen       total 363008K, used 63769K [0x0000000180000000, 0x0000000196280000, 0x00000005aab00000)
  object space 363008K, 17% used [0x0000000180000000,0x0000000183e46600,0x0000000196280000)
 Metaspace       used 81386K, capacity 82424K, committed 82776K, reserved 1120256K
  class space    used 11794K, capacity 12015K, committed 12120K, reserved 1048576K
}
Event: 6913.892 GC heap before
{Heap before GC invocations=825 (full 5):
 PSYoungGen      total 1079296K, used 1078816K [0x00000005aab00000, 0x00000007bf080000, 0x00000007c0000000)
  eden space 1078784K, 100% used [0x00000005aab00000,0x00000005ec880000,0x00000005ec880000)
  from space 512K, 6% used [0x00000007bef80000,0x00000007bef88000,0x00000007bf000000)
  to   space 512K, 0% used [0x00000007bf000000,0x00000007bf000000,0x00000007bf080000)
 ParOldGen       total 363008K, used 63769K [0x0000000180000000, 0x0000000196280000, 0x00000005aab00000)
  object space 363008K, 17% used [0x0000000180000000,0x0000000183e46600,0x0000000196280000)
 Metaspace       used 81386K, capacity 82424K, committed 82776K, reserved 1120256K
  class space    used 11794K, capacity 12015K, committed 12120K, reserved 1048576K
Event: 6913.898 GC heap after
Heap after GC invocations=825 (full 5):
 PSYoungGen      total 1038848K, used 64K [0x00000005aab00000, 0x00000007bf080000, 0x00000007c0000000)
  eden space 1038336K, 0% used [0x00000005aab00000,0x00000005aab00000,0x00000005ea100000)
  from space 512K, 12% used [0x00000007bf000000,0x00000007bf010000,0x00000007bf080000)
  to   space 512K, 0% used [0x00000007bef80000,0x00000007bef80000,0x00000007bf000000)
 ParOldGen       total 363008K, used 63777K [0x0000000180000000, 0x0000000196280000, 0x00000005aab00000)
  object space 363008K, 17% used [0x0000000180000000,0x0000000183e48600,0x0000000196280000)
 Metaspace       used 81386K, capacity 82424K, committed 82776K, reserved 1120256K
  class space    used 11794K, capacity 12015K, committed 12120K, reserved 1048576K
}
Event: 6914.662 GC heap before
{Heap before GC invocations=826 (full 5):
 PSYoungGen      total 1038848K, used 1038400K [0x00000005aab00000, 0x00000007bf080000, 0x00000007c0000000)
  eden space 1038336K, 100% used [0x00000005aab00000,0x00000005ea100000,0x00000005ea100000)
  from space 512K, 12% used [0x00000007bf000000,0x00000007bf010000,0x00000007bf080000)
  to   space 512K, 0% used [0x00000007bef80000,0x00000007bef80000,0x00000007bf000000)
 ParOldGen       total 363008K, used 63777K [0x0000000180000000, 0x0000000196280000, 0x00000005aab00000)
  object space 363008K, 17% used [0x0000000180000000,0x0000000183e48600,0x0000000196280000)
 Metaspace       used 81386K, capacity 82424K, committed 82776K, reserved 1120256K
  class space    used 11794K, capacity 12015K, committed 12120K, reserved 1048576K
Event: 6914.666 GC heap after
Heap after GC invocations=826 (full 5):
 PSYoungGen      total 999936K, used 96K [0x00000005aab00000, 0x00000007bf080000, 0x00000007c0000000)
  eden space 999424K, 0% used [0x00000005aab00000,0x00000005aab00000,0x00000005e7b00000)
  from space 512K, 18% used [0x00000007bef80000,0x00000007bef98000,0x00000007bf000000)
  to   space 512K, 0% used [0x00000007bf000000,0x00000007bf000000,0x00000007bf080000)
 ParOldGen       total 363008K, used 63777K [0x0000000180000000, 0x0000000196280000, 0x00000005aab00000)
  object space 363008K, 17% used [0x0000000180000000,0x0000000183e48600,0x0000000196280000)
 Metaspace       used 81386K, capacity 82424K, committed 82776K, reserved 1120256K
  class space    used 11794K, capacity 12015K, committed 12120K, reserved 1048576K
}
Event: 6915.375 GC heap before
{Heap before GC invocations=827 (full 5):
 PSYoungGen      total 999936K, used 999520K [0x00000005aab00000, 0x00000007bf080000, 0x00000007c0000000)
  eden space 999424K, 100% used [0x00000005aab00000,0x00000005e7b00000,0x00000005e7b00000)
  from space 512K, 18% used [0x00000007bef80000,0x00000007bef98000,0x00000007bf000000)
  to   space 512K, 0% used [0x00000007bf000000,0x00000007bf000000,0x00000007bf080000)
 ParOldGen       total 363008K, used 63777K [0x0000000180000000, 0x0000000196280000, 0x00000005aab00000)
  object space 363008K, 17% used [0x0000000180000000,0x0000000183e48600,0x0000000196280000)
 Metaspace       used 81386K, capacity 82424K, committed 82776K, reserved 1120256K
  class space    used 11794K, capacity 12015K, committed 12120K, reserved 1048576K
Event: 6915.380 GC heap after
Heap after GC invocations=827 (full 5):
 PSYoungGen      total 963072K, used 64K [0x00000005aab00000, 0x00000007bf080000, 0x00000007c0000000)
  eden space 962560K, 0% used [0x00000005aab00000,0x00000005aab00000,0x00000005e5700000)
  from space 512K, 12% used [0x00000007bf000000,0x00000007bf010000,0x00000007bf080000)
  to   space 512K, 0% used [0x00000007bef80000,0x00000007bef80000,0x00000007bf000000)
 ParOldGen       total 363008K, used 63785K [0x0000000180000000, 0x0000000196280000, 0x00000005aab00000)
  object space 363008K, 17% used [0x0000000180000000,0x0000000183e4a600,0x0000000196280000)
 Metaspace       used 81386K, capacity 82424K, committed 82776K, reserved 1120256K
  class space    used 11794K, capacity 12015K, committed 12120K, reserved 1048576K
}
Event: 6916.074 GC heap before
{Heap before GC invocations=828 (full 5):
 PSYoungGen      total 963072K, used 962624K [0x00000005aab00000, 0x00000007bf080000, 0x00000007c0000000)
  eden space 962560K, 100% used [0x00000005aab00000,0x00000005e5700000,0x00000005e5700000)
  from space 512K, 12% used [0x00000007bf000000,0x00000007bf010000,0x00000007bf080000)
  to   space 512K, 0% used [0x00000007bef80000,0x00000007bef80000,0x00000007bf000000)
 ParOldGen       total 363008K, used 63785K [0x0000000180000000, 0x0000000196280000, 0x00000005aab00000)
  object space 363008K, 17% used [0x0000000180000000,0x0000000183e4a600,0x0000000196280000)
 Metaspace       used 81386K, capacity 82424K, committed 82776K, reserved 1120256K
  class space    used 11794K, capacity 12015K, committed 12120K, reserved 1048576K
Event: 6916.079 GC heap after
Heap after GC invocations=828 (full 5):
 PSYoungGen      total 927744K, used 96K [0x00000005aab00000, 0x00000007bf080000, 0x00000007c0000000)
  eden space 927232K, 0% used [0x00000005aab00000,0x00000005aab00000,0x00000005e3480000)
  from space 512K, 18% used [0x00000007bef80000,0x00000007bef98000,0x00000007bf000000)
  to   space 512K, 0% used [0x00000007bf000000,0x00000007bf000000,0x00000007bf080000)
 ParOldGen       total 363008K, used 63793K [0x0000000180000000, 0x0000000196280000, 0x00000005aab00000)
  object space 363008K, 17% used [0x0000000180000000,0x0000000183e4c600,0x0000000196280000)
 Metaspace       used 81386K, capacity 82424K, committed 82776K, reserved 1120256K
  class space    used 11794K, capacity 12015K, committed 12120K, reserved 1048576K
}
Event: 6916.706 GC heap before
{Heap before GC invocations=829 (full 5):
 PSYoungGen      total 927744K, used 927328K [0x00000005aab00000, 0x00000007bf080000, 0x00000007c0000000)
  eden space 927232K, 100% used [0x00000005aab00000,0x00000005e3480000,0x00000005e3480000)
  from space 512K, 18% used [0x00000007bef80000,0x00000007bef98000,0x00000007bf000000)
  to   space 512K, 0% used [0x00000007bf000000,0x00000007bf000000,0x00000007bf080000)
 ParOldGen       total 363008K, used 63793K [0x0000000180000000, 0x0000000196280000, 0x00000005aab00000)
  object space 363008K, 17% used [0x0000000180000000,0x0000000183e4c600,0x0000000196280000)
 Metaspace       used 81386K, capacity 82424K, committed 82776K, reserved 1120256K
  class space    used 11794K, capacity 12015K, committed 12120K, reserved 1048576K
Event: 6916.711 GC heap after
Heap after GC invocations=829 (full 5):
 PSYoungGen      total 893952K, used 96K [0x00000005aab00000, 0x00000007bf080000, 0x00000007c0000000)
  eden space 893440K, 0% used [0x00000005aab00000,0x00000005aab00000,0x00000005e1380000)
  from space 512K, 18% used [0x00000007bf000000,0x00000007bf018000,0x00000007bf080000)
  to   space 512K, 0% used [0x00000007bef80000,0x00000007bef80000,0x00000007bf000000)
 ParOldGen       total 363008K, used 63793K [0x0000000180000000, 0x0000000196280000, 0x00000005aab00000)
  object space 363008K, 17% used [0x0000000180000000,0x0000000183e4c600,0x0000000196280000)
 Metaspace       used 81386K, capacity 82424K, committed 82776K, reserved 1120256K
  class space    used 11794K, capacity 12015K, committed 12120K, reserved 1048576K
}
Event: 6917.442 GC heap before
{Heap before GC invocations=830 (full 5):
 PSYoungGen      total 893952K, used 893536K [0x00000005aab00000, 0x00000007bf080000, 0x00000007c0000000)
  eden space 893440K, 100% used [0x00000005aab00000,0x00000005e1380000,0x00000005e1380000)
  from space 512K, 18% used [0x00000007bf000000,0x00000007bf018000,0x00000007bf080000)
  to   space 512K, 0% used [0x00000007bef80000,0x00000007bef80000,0x00000007bf000000)
 ParOldGen       total 363008K, used 63793K [0x0000000180000000, 0x0000000196280000, 0x00000005aab00000)
  object space 363008K, 17% used [0x0000000180000000,0x0000000183e4c600,0x0000000196280000)
 Metaspace       used 81386K, capacity 82424K, committed 82776K, reserved 1120256K
  class space    used 11794K, capacity 12015K, committed 12120K, reserved 1048576K
Event: 6917.449 GC heap after
Heap after GC invocations=830 (full 5):
 PSYoungGen      total 861696K, used 64K [0x00000005aab00000, 0x00000007bf080000, 0x00000007c0000000)
  eden space 861184K, 0% used [0x00000005aab00000,0x00000005aab00000,0x00000005df400000)
  from space 512K, 12% used [0x00000007bef80000,0x00000007bef90000,0x00000007bf000000)
  to   space 512K, 0% used [0x00000007bf000000,0x00000007bf000000,0x00000007bf080000)
 ParOldGen       total 363008K, used 63793K [0x0000000180000000, 0x0000000196280000, 0x00000005aab00000)
  object space 363008K, 17% used [0x0000000180000000,0x0000000183e4c600,0x0000000196280000)
 Metaspace       used 81386K, capacity 82424K, committed 82776K, reserved 1120256K
  class space    used 11794K, capacity 12015K, committed 12120K, reserved 1048576K
}
Event: 6918.413 GC heap before
{Heap before GC invocations=831 (full 5):
 PSYoungGen      total 861696K, used 861248K [0x00000005aab00000, 0x00000007bf080000, 0x00000007c0000000)
  eden space 861184K, 100% used [0x00000005aab00000,0x00000005df400000,0x00000005df400000)
  from space 512K, 12% used [0x00000007bef80000,0x00000007bef90000,0x00000007bf000000)
  to   space 512K, 0% used [0x00000007bf000000,0x00000007bf000000,0x00000007bf080000)
 ParOldGen       total 363008K, used 63793K [0x0000000180000000, 0x0000000196280000, 0x00000005aab00000)
  object space 363008K, 17% used [0x0000000180000000,0x0000000183e4c600,0x0000000196280000)
 Metaspace       used 81386K, capacity 82424K, committed 82776K, reserved 1120256K
  class space    used 11794K, capacity 12015K, committed 12120K, reserved 1048576K
Event: 6918.421 GC heap after
Heap after GC invocations=831 (full 5):
 PSYoungGen      total 830976K, used 32K [0x00000005aab00000, 0x00000007bf080000, 0x00000007c0000000)
  eden space 830464K, 0% used [0x00000005aab00000,0x00000005aab00000,0x00000005dd600000)
  from space 512K, 6% used [0x00000007bf000000,0x00000007bf008000,0x00000007bf080000)
  to   space 512K, 0% used [0x00000007bef80000,0x00000007bef80000,0x00000007bf000000)
 ParOldGen       total 363008K, used 63801K [0x0000000180000000, 0x0000000196280000, 0x00000005aab00000)
  object space 363008K, 17% used [0x0000000180000000,0x0000000183e4e600,0x0000000196280000)
 Metaspace       used 81386K, capacity 82424K, committed 82776K, reserved 1120256K
  class space    used 11794K, capacity 12015K, committed 12120K, reserved 1048576K
}
Event: 6919.140 GC heap before
{Heap before GC invocations=832 (full 5):
 PSYoungGen      total 830976K, used 830496K [0x00000005aab00000, 0x00000007bf080000, 0x00000007c0000000)
  eden space 830464K, 100% used [0x00000005aab00000,0x00000005dd600000,0x00000005dd600000)
  from space 512K, 6% used [0x00000007bf000000,0x00000007bf008000,0x00000007bf080000)
  to   space 512K, 0% used [0x00000007bef80000,0x00000007bef80000,0x00000007bf000000)
 ParOldGen       total 363008K, used 63801K [0x0000000180000000, 0x0000000196280000, 0x00000005aab00000)
  object space 363008K, 17% used [0x0000000180000000,0x0000000183e4e600,0x0000000196280000)
 Metaspace       used 81386K, capacity 82424K, committed 82776K, reserved 1120256K
  class space    used 11794K, capacity 12015K, committed 12120K, reserved 1048576K
Event: 6919.145 GC heap after
Heap after GC invocations=832 (full 5):
 PSYoungGen      total 801792K, used 64K [0x00000005aab00000, 0x00000007bf080000, 0x00000007c0000000)
  eden space 801280K, 0% used [0x00000005aab00000,0x00000005aab00000,0x00000005db980000)
  from space 512K, 12% used [0x00000007bef80000,0x00000007bef90000,0x00000007bf000000)
  to   space 512K, 0% used [0x00000007bf000000,0x00000007bf000000,0x00000007bf080000)
 ParOldGen       total 363008K, used 63801K [0x0000000180000000, 0x0000000196280000, 0x00000005aab00000)
  object space 363008K, 17% used [0x0000000180000000,0x0000000183e4e600,0x0000000196280000)
 Metaspace       used 81386K, capacity 82424K, committed 82776K, reserved 1120256K
  class space    used 11794K, capacity 12015K, committed 12120K, reserved 1048576K
}
Event: 6919.897 GC heap before
{Heap before GC invocations=833 (full 5):
 PSYoungGen      total 801792K, used 801344K [0x00000005aab00000, 0x00000007bf080000, 0x00000007c0000000)
  eden space 801280K, 100% used [0x00000005aab00000,0x00000005db980000,0x00000005db980000)
  from space 512K, 12% used [0x00000007bef80000,0x00000007bef90000,0x00000007bf000000)
  to   space 512K, 0% used [0x00000007bf000000,0x00000007bf000000,0x00000007bf080000)
 ParOldGen       total 363008K, used 63801K [0x0000000180000000, 0x0000000196280000, 0x00000005aab00000)
  object space 363008K, 17% used [0x0000000180000000,0x0000000183e4e600,0x0000000196280000)
 Metaspace       used 81386K, capacity 82424K, committed 82776K, reserved 1120256K
  class space    used 11794K, capacity 12015K, committed 12120K, reserved 1048576K
Event: 6919.902 GC heap after
Heap after GC invocations=833 (full 5):
 PSYoungGen      total 774144K, used 64K [0x00000005aab00000, 0x00000007bf080000, 0x00000007c0000000)
  eden space 773632K, 0% used [0x00000005aab00000,0x00000005aab00000,0x00000005d9e80000)
  from space 512K, 12% used [0x00000007bf000000,0x00000007bf010000,0x00000007bf080000)
  to   space 512K, 0% used [0x00000007bef80000,0x00000007bef80000,0x00000007bf000000)
 ParOldGen       total 363008K, used 63809K [0x0000000180000000, 0x0000000196280000, 0x00000005aab00000)
  object space 363008K, 17% used [0x0000000180000000,0x0000000183e50600,0x0000000196280000)
 Metaspace       used 81386K, capacity 82424K, committed 82776K, reserved 1120256K
  class space    used 11794K, capacity 12015K, committed 12120K, reserved 1048576K
}
Event: 6920.568 GC heap before
{Heap before GC invocations=834 (full 5):
 PSYoungGen      total 774144K, used 773696K [0x00000005aab00000, 0x00000007bf080000, 0x00000007c0000000)
  eden space 773632K, 100% used [0x00000005aab00000,0x00000005d9e80000,0x00000005d9e80000)
  from space 512K, 12% used [0x00000007bf000000,0x00000007bf010000,0x00000007bf080000)
  to   space 512K, 0% used [0x00000007bef80000,0x00000007bef80000,0x00000007bf000000)
 ParOldGen       total 363008K, used 63809K [0x0000000180000000, 0x0000000196280000, 0x00000005aab00000)
  object space 363008K, 17% used [0x0000000180000000,0x0000000183e50600,0x0000000196280000)
 Metaspace       used 81386K, capacity 82424K, committed 82776K, reserved 1120256K
  class space    used 11794K, capacity 12015K, committed 12120K, reserved 1048576K
Event: 6920.574 GC heap after
Heap after GC invocations=834 (full 5):
 PSYoungGen      total 747520K, used 64K [0x00000005aab00000, 0x00000007bf080000, 0x00000007c0000000)
  eden space 747008K, 0% used [0x00000005aab00000,0x00000005aab00000,0x00000005d8480000)
  from space 512K, 12% used [0x00000007bef80000,0x00000007bef90000,0x00000007bf000000)
  to   space 512K, 0% used [0x00000007bf000000,0x00000007bf000000,0x00000007bf080000)
 ParOldGen       total 363008K, used 63809K [0x0000000180000000, 0x0000000196280000, 0x00000005aab00000)
  object space 363008K, 17% used [0x0000000180000000,0x0000000183e50600,0x0000000196280000)
 Metaspace       used 81386K, capacity 82424K, committed 82776K, reserved 1120256K
  class space    used 11794K, capacity 12015K, committed 12120K, reserved 1048576K
}
Event: 6921.151 GC heap before
{Heap before GC invocations=835 (full 5):
 PSYoungGen      total 747520K, used 747072K [0x00000005aab00000, 0x00000007bf080000, 0x00000007c0000000)
  eden space 747008K, 100% used [0x00000005aab00000,0x00000005d8480000,0x00000005d8480000)
  from space 512K, 12% used [0x00000007bef80000,0x00000007bef90000,0x00000007bf000000)
  to   space 512K, 0% used [0x00000007bf000000,0x00000007bf000000,0x00000007bf080000)
 ParOldGen       total 363008K, used 63809K [0x0000000180000000, 0x0000000196280000, 0x00000005aab00000)
  object space 363008K, 17% used [0x0000000180000000,0x0000000183e50600,0x0000000196280000)
 Metaspace       used 81386K, capacity 82424K, committed 82776K, reserved 1120256K
  class space    used 11794K, capacity 12015K, committed 12120K, reserved 1048576K
Event: 6921.156 GC heap after
Heap after GC invocations=835 (full 5):
 PSYoungGen      total 721920K, used 96K [0x00000005aab00000, 0x00000007bf080000, 0x00000007c0000000)
  eden space 721408K, 0% used [0x00000005aab00000,0x00000005aab00000,0x00000005d6b80000)
  from space 512K, 18% used [0x00000007bf000000,0x00000007bf018000,0x00000007bf080000)
  to   space 512K, 0% used [0x00000007bef80000,0x00000007bef80000,0x00000007bf000000)
 ParOldGen       total 363008K, used 63817K [0x0000000180000000, 0x0000000196280000, 0x00000005aab00000)
  object space 363008K, 17% used [0x0000000180000000,0x0000000183e52600,0x0000000196280000)
 Metaspace       used 81386K, capacity 82424K, committed 82776K, reserved 1120256K
  class space    used 11794K, capacity 12015K, committed 12120K, reserved 1048576K
}
Event: 6921.679 GC heap before
{Heap before GC invocations=836 (full 5):
 PSYoungGen      total 721920K, used 721504K [0x00000005aab00000, 0x00000007bf080000, 0x00000007c0000000)
  eden space 721408K, 100% used [0x00000005aab00000,0x00000005d6b80000,0x00000005d6b80000)
  from space 512K, 18% used [0x00000007bf000000,0x00000007bf018000,0x00000007bf080000)
  to   space 512K, 0% used [0x00000007bef80000,0x00000007bef80000,0x00000007bf000000)
 ParOldGen       total 363008K, used 63817K [0x0000000180000000, 0x0000000196280000, 0x00000005aab00000)
  object space 363008K, 17% used [0x0000000180000000,0x0000000183e52600,0x0000000196280000)
 Metaspace       used 81386K, capacity 82424K, committed 82776K, reserved 1120256K
  class space    used 11794K, capacity 12015K, committed 12120K, reserved 1048576K
Event: 6921.684 GC heap after
Heap after GC invocations=836 (full 5):
 PSYoungGen      total 697856K, used 64K [0x00000005aab00000, 0x00000007bf080000, 0x00000007c0000000)
  eden space 697344K, 0% used [0x00000005aab00000,0x00000005aab00000,0x00000005d5400000)
  from space 512K, 12% used [0x00000007bef80000,0x00000007bef90000,0x00000007bf000000)
  to   space 512K, 0% used [0x00000007bf000000,0x00000007bf000000,0x00000007bf080000)
 ParOldGen       total 363008K, used 63825K [0x0000000180000000, 0x0000000196280000, 0x00000005aab00000)
  object space 363008K, 17% used [0x0000000180000000,0x0000000183e54600,0x0000000196280000)
 Metaspace       used 81386K, capacity 82424K, committed 82776K, reserved 1120256K
  class space    used 11794K, capacity 12015K, committed 12120K, reserved 1048576K
}
Event: 6922.182 GC heap before
{Heap before GC invocations=837 (full 5):
 PSYoungGen      total 697856K, used 697408K [0x00000005aab00000, 0x00000007bf080000, 0x00000007c0000000)
  eden space 697344K, 100% used [0x00000005aab00000,0x00000005d5400000,0x00000005d5400000)
  from space 512K, 12% used [0x00000007bef80000,0x00000007bef90000,0x00000007bf000000)
  to   space 512K, 0% used [0x00000007bf000000,0x00000007bf000000,0x00000007bf080000)
 ParOldGen       total 363008K, used 63825K [0x0000000180000000, 0x0000000196280000, 0x00000005aab00000)
  object space 363008K, 17% used [0x0000000180000000,0x0000000183e54600,0x0000000196280000)
 Metaspace       used 81386K, capacity 82424K, committed 82776K, reserved 1120256K
  class space    used 11794K, capacity 12015K, committed 12120K, reserved 1048576K
Event: 6922.191 GC heap after
Heap after GC invocations=837 (full 5):
 PSYoungGen      total 749568K, used 32K [0x00000005aab00000, 0x00000007bf080000, 0x00000007c0000000)
  eden space 749056K, 0% used [0x00000005aab00000,0x00000005aab00000,0x00000005d8680000)
  from space 512K, 6% used [0x00000007bf000000,0x00000007bf008000,0x00000007bf080000)
  to   space 512K, 0% used [0x00000007bef80000,0x00000007bef80000,0x00000007bf000000)
 ParOldGen       total 363008K, used 63833K [0x0000000180000000, 0x0000000196280000, 0x00000005aab00000)
  object space 363008K, 17% used [0x0000000180000000,0x0000000183e56600,0x0000000196280000)
 Metaspace       used 81386K, capacity 82424K, committed 82776K, reserved 1120256K
  class space    used 11794K, capacity 12015K, committed 12120K, reserved 1048576K
}
Event: 6922.754 GC heap before
{Heap before GC invocations=838 (full 5):
 PSYoungGen      total 749568K, used 749088K [0x00000005aab00000, 0x00000007bf080000, 0x00000007c0000000)
  eden space 749056K, 100% used [0x00000005aab00000,0x00000005d8680000,0x00000005d8680000)
  from space 512K, 6% used [0x00000007bf000000,0x00000007bf008000,0x00000007bf080000)
  to   space 512K, 0% used [0x00000007bef80000,0x00000007bef80000,0x00000007bf000000)
 ParOldGen       total 363008K, used 63833K [0x0000000180000000, 0x0000000196280000, 0x00000005aab00000)
  object space 363008K, 17% used [0x0000000180000000,0x0000000183e56600,0x0000000196280000)
 Metaspace       used 81386K, capacity 82424K, committed 82776K, reserved 1120256K
  class space    used 11794K, capacity 12015K, committed 12120K, reserved 1048576K
Event: 6922.760 GC heap after
Heap after GC invocations=838 (full 5):
 PSYoungGen      total 803840K, used 64K [0x00000005aab00000, 0x00000007bf080000, 0x00000007c0000000)
  eden space 803328K, 0% used [0x00000005aab00000,0x00000005aab00000,0x00000005dbb80000)
  from space 512K, 12% used [0x00000007bef80000,0x00000007bef90000,0x00000007bf000000)
  to   space 512K, 0% used [0x00000007bf000000,0x00000007bf000000,0x00000007bf080000)
 ParOldGen       total 363008K, used 63833K [0x0000000180000000, 0x0000000196280000, 0x00000005aab00000)
  object space 363008K, 17% used [0x0000000180000000,0x0000000183e56600,0x0000000196280000)
 Metaspace       used 81386K, capacity 82424K, committed 82776K, reserved 1120256K
  class space    used 11794K, capacity 12015K, committed 12120K, reserved 1048576K
}
Event: 6923.340 GC heap before
{Heap before GC invocations=839 (full 5):
 PSYoungGen      total 803840K, used 803392K [0x00000005aab00000, 0x00000007bf080000, 0x00000007c0000000)
  eden space 803328K, 100% used [0x00000005aab00000,0x00000005dbb80000,0x00000005dbb80000)
  from space 512K, 12% used [0x00000007bef80000,0x00000007bef90000,0x00000007bf000000)
  to   space 512K, 0% used [0x00000007bf000000,0x00000007bf000000,0x00000007bf080000)
 ParOldGen       total 363008K, used 63833K [0x0000000180000000, 0x0000000196280000, 0x00000005aab00000)
  object space 363008K, 17% used [0x0000000180000000,0x0000000183e56600,0x0000000196280000)
 Metaspace       used 81386K, capacity 82424K, committed 82776K, reserved 1120256K
  class space    used 11794K, capacity 12015K, committed 12120K, reserved 1048576K
Event: 6923.344 GC heap after
Heap after GC invocations=839 (full 5):
 PSYoungGen      total 775680K, used 64K [0x00000005aab00000, 0x00000007bf080000, 0x00000007c0000000)
  eden space 775168K, 0% used [0x00000005aab00000,0x00000005aab00000,0x00000005da000000)
  from space 512K, 12% used [0x00000007bf000000,0x00000007bf010000,0x00000007bf080000)
  to   space 512K, 0% used [0x00000007bef80000,0x00000007bef80000,0x00000007bf000000)
 ParOldGen       total 363008K, used 63833K [0x0000000180000000, 0x0000000196280000, 0x00000005aab00000)
  object space 363008K, 17% used [0x0000000180000000,0x0000000183e56600,0x0000000196280000)
 Metaspace       used 81386K, capacity 82424K, committed 82776K, reserved 1120256K
  class space    used 11794K, capacity 12015K, committed 12120K, reserved 1048576K
}
Event: 6923.872 GC heap before
{Heap before GC invocations=840 (full 5):
 PSYoungGen      total 775680K, used 775232K [0x00000005aab00000, 0x00000007bf080000, 0x00000007c0000000)
  eden space 775168K, 100% used [0x00000005aab00000,0x00000005da000000,0x00000005da000000)
  from space 512K, 12% used [0x00000007bf000000,0x00000007bf010000,0x00000007bf080000)
  to   space 512K, 0% used [0x00000007bef80000,0x00000007bef80000,0x00000007bf000000)
 ParOldGen       total 363008K, used 63833K [0x0000000180000000, 0x0000000196280000, 0x00000005aab00000)
  object space 363008K, 17% used [0x0000000180000000,0x0000000183e56600,0x0000000196280000)
 Metaspace       used 81386K, capacity 82424K, committed 82776K, reserved 1120256K
  class space    used 11794K, capacity 12015K, committed 12120K, reserved 1048576K
Event: 6923.877 GC heap after
Heap after GC invocations=840 (full 5):
 PSYoungGen      total 749056K, used 32K [0x00000005aab00000, 0x00000007bf080000, 0x00000007c0000000)
  eden space 748544K, 0% used [0x00000005aab00000,0x00000005aab00000,0x00000005d8600000)
  from space 512K, 6% used [0x00000007bef80000,0x00000007bef88000,0x00000007bf000000)
  to   space 512K, 0% used [0x00000007bf000000,0x00000007bf000000,0x00000007bf080000)
 ParOldGen       total 363008K, used 63833K [0x0000000180000000, 0x0000000196280000, 0x00000005aab00000)
  object space 363008K, 17% used [0x0000000180000000,0x0000000183e56600,0x0000000196280000)
 Metaspace       used 81386K, capacity 82424K, committed 82776K, reserved 1120256K
  class space    used 11794K, capacity 12015K, committed 12120K, reserved 1048576K
}
Event: 6924.441 GC heap before
{Heap before GC invocations=841 (full 5):
 PSYoungGen      total 749056K, used 748576K [0x00000005aab00000, 0x00000007bf080000, 0x00000007c0000000)
  eden space 748544K, 100% used [0x00000005aab00000,0x00000005d8600000,0x00000005d8600000)
  from space 512K, 6% used [0x00000007bef80000,0x00000007bef88000,0x00000007bf000000)
  to   space 512K, 0% used [0x00000007bf000000,0x00000007bf000000,0x00000007bf080000)
 ParOldGen       total 363008K, used 63833K [0x0000000180000000, 0x0000000196280000, 0x00000005aab00000)
  object space 363008K, 17% used [0x0000000180000000,0x0000000183e56600,0x0000000196280000)
 Metaspace       used 81386K, capacity 82424K, committed 82776K, reserved 1120256K
  class space    used 11794K, capacity 12015K, committed 12120K, reserved 1048576K
Event: 6924.446 GC heap after
Heap after GC invocations=841 (full 5):
 PSYoungGen      total 723456K, used 32K [0x00000005aab00000, 0x00000007bf080000, 0x00000007c0000000)
  eden space 722944K, 0% used [0x00000005aab00000,0x00000005aab00000,0x00000005d6d00000)
  from space 512K, 6% used [0x00000007bf000000,0x00000007bf008000,0x00000007bf080000)
  to   space 512K, 0% used [0x00000007bef80000,0x00000007bef80000,0x00000007bf000000)
 ParOldGen       total 363008K, used 63833K [0x0000000180000000, 0x0000000196280000, 0x00000005aab00000)
  object space 363008K, 17% used [0x0000000180000000,0x0000000183e56600,0x0000000196280000)
 Metaspace       used 81386K, capacity 82424K, committed 82776K, reserved 1120256K
  class space    used 11794K, capacity 12015K, committed 12120K, reserved 1048576K
}
Event: 6924.955 GC heap before
{Heap before GC invocations=842 (full 5):
 PSYoungGen      total 723456K, used 722976K [0x00000005aab00000, 0x00000007bf080000, 0x00000007c0000000)
  eden space 722944K, 100% used [0x00000005aab00000,0x00000005d6d00000,0x00000005d6d00000)
  from space 512K, 6% used [0x00000007bf000000,0x00000007bf008000,0x00000007bf080000)
  to   space 512K, 0% used [0x00000007bef80000,0x00000007bef80000,0x00000007bf000000)
 ParOldGen       total 363008K, used 63833K [0x0000000180000000, 0x0000000196280000, 0x00000005aab00000)
  object space 363008K, 17% used [0x0000000180000000,0x0000000183e56600,0x0000000196280000)
 Metaspace       used 81386K, capacity 82424K, committed 82776K, reserved 1120256K
  class space    used 11794K, capacity 12015K, committed 12120K, reserved 1048576K
Event: 6924.962 GC heap after
Heap after GC invocations=842 (full 5):
 PSYoungGen      total 776192K, used 32K [0x00000005aab00000, 0x00000007bf080000, 0x00000007c0000000)
  eden space 775680K, 0% used [0x00000005aab00000,0x00000005aab00000,0x00000005da080000)
  from space 512K, 6% used [0x00000007bef80000,0x00000007bef88000,0x00000007bf000000)
  to   space 512K, 0% used [0x00000007bf000000,0x00000007bf000000,0x00000007bf080000)
 ParOldGen       total 363008K, used 63833K [0x0000000180000000, 0x0000000196280000, 0x00000005aab00000)
  object space 363008K, 17% used [0x0000000180000000,0x0000000183e56600,0x0000000196280000)
 Metaspace       used 81386K, capacity 82424K, committed 82776K, reserved 1120256K
  class space    used 11794K, capacity 12015K, committed 12120K, reserved 1048576K
}
Event: 6925.480 GC heap before
{Heap before GC invocations=843 (full 5):
 PSYoungGen      total 776192K, used 775712K [0x00000005aab00000, 0x00000007bf080000, 0x00000007c0000000)
  eden space 775680K, 100% used [0x00000005aab00000,0x00000005da080000,0x00000005da080000)
  from space 512K, 6% used [0x00000007bef80000,0x00000007bef88000,0x00000007bf000000)
  to   space 512K, 0% used [0x00000007bf000000,0x00000007bf000000,0x00000007bf080000)
 ParOldGen       total 363008K, used 63833K [0x0000000180000000, 0x0000000196280000, 0x00000005aab00000)
  object space 363008K, 17% used [0x0000000180000000,0x0000000183e56620,0x0000000196280000)
 Metaspace       used 81386K, capacity 82424K, committed 82776K, reserved 1120256K
  class space    used 11794K, capacity 12015K, committed 12120K, reserved 1048576K
Event: 6925.491 GC heap after
Heap after GC invocations=843 (full 5):
 PSYoungGen      total 840704K, used 64K [0x00000005aab00000, 0x00000007bf080000, 0x00000007c0000000)
  eden space 840192K, 0% used [0x00000005aab00000,0x00000005aab00000,0x00000005ddf80000)
  from space 512K, 12% used [0x00000007bf000000,0x00000007bf010000,0x00000007bf080000)
  to   space 512K, 0% used [0x00000007bef80000,0x00000007bef80000,0x00000007bf000000)
 ParOldGen       total 363008K, used 63833K [0x0000000180000000, 0x0000000196280000, 0x00000005aab00000)
  object space 363008K, 17% used [0x0000000180000000,0x0000000183e56620,0x0000000196280000)
 Metaspace       used 81386K, capacity 82424K, committed 82776K, reserved 1120256K
  class space    used 11794K, capacity 12015K, committed 12120K, reserved 1048576K
}
Event: 6926.103 GC heap before
{Heap before GC invocations=844 (full 5):
 PSYoungGen      total 840704K, used 840256K [0x00000005aab00000, 0x00000007bf080000, 0x00000007c0000000)
  eden space 840192K, 100% used [0x00000005aab00000,0x00000005ddf80000,0x00000005ddf80000)
  from space 512K, 12% used [0x00000007bf000000,0x00000007bf010000,0x00000007bf080000)
  to   space 512K, 0% used [0x00000007bef80000,0x00000007bef80000,0x00000007bf000000)
 ParOldGen       total 363008K, used 63835K [0x0000000180000000, 0x0000000196280000, 0x00000005aab00000)
  object space 363008K, 17% used [0x0000000180000000,0x0000000183e56db0,0x0000000196280000)
 Metaspace       used 81386K, capacity 82424K, committed 82776K, reserved 1120256K
  class space    used 11794K, capacity 12015K, committed 12120K, reserved 1048576K
Event: 6926.109 GC heap after
Heap after GC invocations=844 (full 5):
 PSYoungGen      total 907776K, used 64K [0x00000005aab00000, 0x00000007bf080000, 0x00000007c0000000)
  eden space 907264K, 0% used [0x00000005aab00000,0x00000005aab00000,0x00000005e2100000)
  from space 512K, 12% used [0x00000007bef80000,0x00000007bef90000,0x00000007bf000000)
  to   space 512K, 0% used [0x00000007bf000000,0x00000007bf000000,0x00000007bf080000)
 ParOldGen       total 363008K, used 63835K [0x0000000180000000, 0x0000000196280000, 0x00000005aab00000)
  object space 363008K, 17% used [0x0000000180000000,0x0000000183e56db0,0x0000000196280000)
 Metaspace       used 81386K, capacity 82424K, committed 82776K, reserved 1120256K
  class space    used 11794K, capacity 12015K, committed 12120K, reserved 1048576K
}
Event: 6926.774 GC heap before
{Heap before GC invocations=845 (full 5):
 PSYoungGen      total 907776K, used 907328K [0x00000005aab00000, 0x00000007bf080000, 0x00000007c0000000)
  eden space 907264K, 100% used [0x00000005aab00000,0x00000005e2100000,0x00000005e2100000)
  from space 512K, 12% used [0x00000007bef80000,0x00000007bef90000,0x00000007bf000000)
  to   space 512K, 0% used [0x00000007bf000000,0x00000007bf000000,0x00000007bf080000)
 ParOldGen       total 363008K, used 63835K [0x0000000180000000, 0x0000000196280000, 0x00000005aab00000)
  object space 363008K, 17% used [0x0000000180000000,0x0000000183e56db0,0x0000000196280000)
 Metaspace       used 81386K, capacity 82424K, committed 82776K, reserved 1120256K
  class space    used 11794K, capacity 12015K, committed 12120K, reserved 1048576K
Event: 6926.781 GC heap after
Heap after GC invocations=845 (full 5):
 PSYoungGen      total 977920K, used 64K [0x00000005aab00000, 0x00000007bf080000, 0x00000007c0000000)
  eden space 977408K, 0% used [0x00000005aab00000,0x00000005aab00000,0x00000005e6580000)
  from space 512K, 12% used [0x00000007bf000000,0x00000007bf010000,0x00000007bf080000)
  to   space 512K, 0% used [0x00000007bef80000,0x00000007bef80000,0x00000007bf000000)
 ParOldGen       total 363008K, used 63835K [0x0000000180000000, 0x0000000196280000, 0x00000005aab00000)
  object space 363008K, 17% used [0x0000000180000000,0x0000000183e56db0,0x0000000196280000)
 Metaspace       used 81386K, capacity 82424K, committed 82776K, reserved 1120256K
  class space    used 11794K, capacity 12015K, committed 12120K, reserved 1048576K
}
Event: 6927.743 GC heap before
{Heap before GC invocations=846 (full 5):
 PSYoungGen      total 977920K, used 977472K [0x00000005aab00000, 0x00000007bf080000, 0x00000007c0000000)
  eden space 977408K, 100% used [0x00000005aab00000,0x00000005e6580000,0x00000005e6580000)
  from space 512K, 12% used [0x00000007bf000000,0x00000007bf010000,0x00000007bf080000)
  to   space 512K, 0% used [0x00000007bef80000,0x00000007bef80000,0x00000007bf000000)
 ParOldGen       total 363008K, used 63835K [0x0000000180000000, 0x0000000196280000, 0x00000005aab00000)
  object space 363008K, 17% used [0x0000000180000000,0x0000000183e56db0,0x0000000196280000)
 Metaspace       used 81386K, capacity 82424K, committed 82776K, reserved 1120256K
  class space    used 11794K, capacity 12015K, committed 12120K, reserved 1048576K
Event: 6927.749 GC heap after
Heap after GC invocations=846 (full 5):
 PSYoungGen      total 1047552K, used 64K [0x00000005aab00000, 0x00000007bf080000, 0x00000007c0000000)
  eden space 1047040K, 0% used [0x00000005aab00000,0x00000005aab00000,0x00000005ea980000)
  from space 512K, 12% used [0x00000007bef80000,0x00000007bef90000,0x00000007bf000000)
  to   space 512K, 0% used [0x00000007bf000000,0x00000007bf000000,0x00000007bf080000)
 ParOldGen       total 363008K, used 63835K [0x0000000180000000, 0x0000000196280000, 0x00000005aab00000)
  object space 363008K, 17% used [0x0000000180000000,0x0000000183e56db0,0x0000000196280000)
 Metaspace       used 81386K, capacity 82424K, committed 82776K, reserved 1120256K
  class space    used 11794K, capacity 12015K, committed 12120K, reserved 1048576K
}
Event: 6928.832 GC heap before
{Heap before GC invocations=847 (full 5):
 PSYoungGen      total 1047552K, used 1047104K [0x00000005aab00000, 0x00000007bf080000, 0x00000007c0000000)
  eden space 1047040K, 100% used [0x00000005aab00000,0x00000005ea980000,0x00000005ea980000)
  from space 512K, 12% used [0x00000007bef80000,0x00000007bef90000,0x00000007bf000000)
  to   space 512K, 0% used [0x00000007bf000000,0x00000007bf000000,0x00000007bf080000)
 ParOldGen       total 363008K, used 63835K [0x0000000180000000, 0x0000000196280000, 0x00000005aab00000)
  object space 363008K, 17% used [0x0000000180000000,0x0000000183e56db0,0x0000000196280000)
 Metaspace       used 81386K, capacity 82424K, committed 82776K, reserved 1120256K
  class space    used 11794K, capacity 12015K, committed 12120K, reserved 1048576K
Event: 6928.837 GC heap after
Heap after GC invocations=847 (full 5):
 PSYoungGen      total 1008128K, used 64K [0x00000005aab00000, 0x00000007bf080000, 0x00000007c0000000)
  eden space 1007616K, 0% used [0x00000005aab00000,0x00000005aab00000,0x00000005e8300000)
  from space 512K, 12% used [0x00000007bf000000,0x00000007bf010000,0x00000007bf080000)
  to   space 512K, 0% used [0x00000007bef80000,0x00000007bef80000,0x00000007bf000000)
 ParOldGen       total 363008K, used 63835K [0x0000000180000000, 0x0000000196280000, 0x00000005aab00000)
  object space 363008K, 17% used [0x0000000180000000,0x0000000183e56db0,0x0000000196280000)
 Metaspace       used 81386K, capacity 82424K, committed 82776K, reserved 1120256K
  class space    used 11794K, capacity 12015K, committed 12120K, reserved 1048576K
}
Event: 6930.008 GC heap before
{Heap before GC invocations=848 (full 5):
 PSYoungGen      total 1008128K, used 1007680K [0x00000005aab00000, 0x00000007bf080000, 0x00000007c0000000)
  eden space 1007616K, 100% used [0x00000005aab00000,0x00000005e8300000,0x00000005e8300000)
  from space 512K, 12% used [0x00000007bf000000,0x00000007bf010000,0x00000007bf080000)
  to   space 512K, 0% used [0x00000007bef80000,0x00000007bef80000,0x00000007bf000000)
 ParOldGen       total 363008K, used 63835K [0x0000000180000000, 0x0000000196280000, 0x00000005aab00000)
  object space 363008K, 17% used [0x0000000180000000,0x0000000183e56db0,0x0000000196280000)
 Metaspace       used 81386K, capacity 82424K, committed 82776K, reserved 1120256K
  class space    used 11794K, capacity 12015K, committed 12120K, reserved 1048576K
Event: 6930.014 GC heap after
Heap after GC invocations=848 (full 5):
 PSYoungGen      total 970752K, used 32K [0x00000005aab00000, 0x00000007bf080000, 0x00000007c0000000)
  eden space 970240K, 0% used [0x00000005aab00000,0x00000005aab00000,0x00000005e5e80000)
  from space 512K, 6% used [0x00000007bef80000,0x00000007bef88000,0x00000007bf000000)
  to   space 512K, 0% used [0x00000007bf000000,0x00000007bf000000,0x00000007bf080000)
 ParOldGen       total 363008K, used 63843K [0x0000000180000000, 0x0000000196280000, 0x00000005aab00000)
  object space 363008K, 17% used [0x0000000180000000,0x0000000183e58db0,0x0000000196280000)
 Metaspace       used 81386K, capacity 82424K, committed 82776K, reserved 1120256K
  class space    used 11794K, capacity 12015K, committed 12120K, reserved 1048576K
}
Event: 6931.045 GC heap before
{Heap before GC invocations=849 (full 5):
 PSYoungGen      total 970752K, used 970272K [0x00000005aab00000, 0x00000007bf080000, 0x00000007c0000000)
  eden space 970240K, 100% used [0x00000005aab00000,0x00000005e5e80000,0x00000005e5e80000)
  from space 512K, 6% used [0x00000007bef80000,0x00000007bef88000,0x00000007bf000000)
  to   space 512K, 0% used [0x00000007bf000000,0x00000007bf000000,0x00000007bf080000)
 ParOldGen       total 363008K, used 63843K [0x0000000180000000, 0x0000000196280000, 0x00000005aab00000)
  object space 363008K, 17% used [0x0000000180000000,0x0000000183e58db0,0x0000000196280000)
 Metaspace       used 81386K, capacity 82424K, committed 82776K, reserved 1120256K
  class space    used 11794K, capacity 12015K, committed 12120K, reserved 1048576K
Event: 6931.051 GC heap after
Heap after GC invocations=849 (full 5):
 PSYoungGen      total 934912K, used 64K [0x00000005aab00000, 0x00000007bf080000, 0x00000007c0000000)
  eden space 934400K, 0% used [0x00000005aab00000,0x00000005aab00000,0x00000005e3b80000)
  from space 512K, 12% used [0x00000007bf000000,0x00000007bf010000,0x00000007bf080000)
  to   space 512K, 0% used [0x00000007bef80000,0x00000007bef80000,0x00000007bf000000)
 ParOldGen       total 363008K, used 63843K [0x0000000180000000, 0x0000000196280000, 0x00000005aab00000)
  object space 363008K, 17% used [0x0000000180000000,0x0000000183e58db0,0x0000000196280000)
 Metaspace       used 81386K, capacity 82424K, committed 82776K, reserved 1120256K
  class space    used 11794K, capacity 12015K, committed 12120K, reserved 1048576K
}
Event: 6931.930 GC heap before
{Heap before GC invocations=850 (full 5):
 PSYoungGen      total 934912K, used 934464K [0x00000005aab00000, 0x00000007bf080000, 0x00000007c0000000)
  eden space 934400K, 100% used [0x00000005aab00000,0x00000005e3b80000,0x00000005e3b80000)
  from space 512K, 12% used [0x00000007bf000000,0x00000007bf010000,0x00000007bf080000)
  to   space 512K, 0% used [0x00000007bef80000,0x00000007bef80000,0x00000007bf000000)
 ParOldGen       total 363008K, used 63843K [0x0000000180000000, 0x0000000196280000, 0x00000005aab00000)
  object space 363008K, 17% used [0x0000000180000000,0x0000000183e58db0,0x0000000196280000)
 Metaspace       used 81386K, capacity 82424K, committed 82776K, reserved 1120256K
  class space    used 11794K, capacity 12015K, committed 12120K, reserved 1048576K
Event: 6931.936 GC heap after
Heap after GC invocations=850 (full 5):
 PSYoungGen      total 901120K, used 96K [0x00000005aab00000, 0x00000007bf080000, 0x00000007c0000000)
  eden space 900608K, 0% used [0x00000005aab00000,0x00000005aab00000,0x00000005e1a80000)
  from space 512K, 18% used [0x00000007bef80000,0x00000007bef98000,0x00000007bf000000)
  to   space 512K, 0% used [0x00000007bf000000,0x00000007bf000000,0x00000007bf080000)
 ParOldGen       total 363008K, used 63843K [0x0000000180000000, 0x0000000196280000, 0x00000005aab00000)
  object space 363008K, 17% used [0x0000000180000000,0x0000000183e58db0,0x0000000196280000)
 Metaspace       used 81386K, capacity 82424K, committed 82776K, reserved 1120256K
  class space    used 11794K, capacity 12015K, committed 12120K, reserved 1048576K
}
Event: 6933.019 GC heap before
{Heap before GC invocations=851 (full 5):
 PSYoungGen      total 901120K, used 900704K [0x00000005aab00000, 0x00000007bf080000, 0x00000007c0000000)
  eden space 900608K, 100% used [0x00000005aab00000,0x00000005e1a80000,0x00000005e1a80000)
  from space 512K, 18% used [0x00000007bef80000,0x00000007bef98000,0x00000007bf000000)
  to   space 512K, 0% used [0x00000007bf000000,0x00000007bf000000,0x00000007bf080000)
 ParOldGen       total 363008K, used 63843K [0x0000000180000000, 0x0000000196280000, 0x00000005aab00000)
  object space 363008K, 17% used [0x0000000180000000,0x0000000183e58db0,0x0000000196280000)
 Metaspace       used 81386K, capacity 82424K, committed 82776K, reserved 1120256K
  class space    used 11794K, capacity 12015K, committed 12120K, reserved 1048576K
Event: 6933.024 GC heap after
Heap after GC invocations=851 (full 5):
 PSYoungGen      total 868864K, used 64K [0x00000005aab00000, 0x00000007bf080000, 0x00000007c0000000)
  eden space 868352K, 0% used [0x00000005aab00000,0x00000005aab00000,0x00000005dfb00000)
  from space 512K, 12% used [0x00000007bf000000,0x00000007bf010000,0x00000007bf080000)
  to   space 512K, 0% used [0x00000007bef80000,0x00000007bef80000,0x00000007bf000000)
 ParOldGen       total 363008K, used 63843K [0x0000000180000000, 0x0000000196280000, 0x00000005aab00000)
  object space 363008K, 17% used [0x0000000180000000,0x0000000183e58db0,0x0000000196280000)
 Metaspace       used 81386K, capacity 82424K, committed 82776K, reserved 1120256K
  class space    used 11794K, capacity 12015K, committed 12120K, reserved 1048576K
}
Event: 6934.390 GC heap before
{Heap before GC invocations=852 (full 5):
 PSYoungGen      total 868864K, used 868416K [0x00000005aab00000, 0x00000007bf080000, 0x00000007c0000000)
  eden space 868352K, 100% used [0x00000005aab00000,0x00000005dfb00000,0x00000005dfb00000)
  from space 512K, 12% used [0x00000007bf000000,0x00000007bf010000,0x00000007bf080000)
  to   space 512K, 0% used [0x00000007bef80000,0x00000007bef80000,0x00000007bf000000)
 ParOldGen       total 363008K, used 63843K [0x0000000180000000, 0x0000000196280000, 0x00000005aab00000)
  object space 363008K, 17% used [0x0000000180000000,0x0000000183e58db0,0x0000000196280000)
 Metaspace       used 81386K, capacity 82424K, committed 82776K, reserved 1120256K
  class space    used 11794K, capacity 12015K, committed 12120K, reserved 1048576K
Event: 6934.395 GC heap after
Heap after GC invocations=852 (full 5):
 PSYoungGen      total 838144K, used 64K [0x00000005aab00000, 0x00000007bf080000, 0x00000007c0000000)
  eden space 837632K, 0% used [0x00000005aab00000,0x00000005aab00000,0x00000005ddd00000)
  from space 512K, 12% used [0x00000007bef80000,0x00000007bef90000,0x00000007bf000000)
  to   space 512K, 0% used [0x00000007bf000000,0x00000007bf000000,0x00000007bf080000)
 ParOldGen       total 363008K, used 63843K [0x0000000180000000, 0x0000000196280000, 0x00000005aab00000)
  object space 363008K, 17% used [0x0000000180000000,0x0000000183e58db0,0x0000000196280000)
 Metaspace       used 81386K, capacity 82424K, committed 82776K, reserved 1120256K
  class space    used 11794K, capacity 12015K, committed 12120K, reserved 1048576K
}
Event: 6936.184 GC heap before
{Heap before GC invocations=853 (full 5):
 PSYoungGen      total 838144K, used 837696K [0x00000005aab00000, 0x00000007bf080000, 0x00000007c0000000)
  eden space 837632K, 100% used [0x00000005aab00000,0x00000005ddd00000,0x00000005ddd00000)
  from space 512K, 12% used [0x00000007bef80000,0x00000007bef90000,0x00000007bf000000)
  to   space 512K, 0% used [0x00000007bf000000,0x00000007bf000000,0x00000007bf080000)
 ParOldGen       total 363008K, used 63843K [0x0000000180000000, 0x0000000196280000, 0x00000005aab00000)
  object space 363008K, 17% used [0x0000000180000000,0x0000000183e58db0,0x0000000196280000)
 Metaspace       used 81386K, capacity 82424K, committed 82776K, reserved 1120256K
  class space    used 11794K, capacity 12015K, committed 12120K, reserved 1048576K
Event: 6936.189 GC heap after
Heap after GC invocations=853 (full 5):
 PSYoungGen      total 808448K, used 32K [0x00000005aab00000, 0x00000007bf080000, 0x00000007c0000000)
  eden space 807936K, 0% used [0x00000005aab00000,0x00000005aab00000,0x00000005dc000000)
  from space 512K, 6% used [0x00000007bf000000,0x00000007bf008000,0x00000007bf080000)
  to   space 512K, 0% used [0x00000007bef80000,0x00000007bef80000,0x00000007bf000000)
 ParOldGen       total 363008K, used 63843K [0x0000000180000000, 0x0000000196280000, 0x00000005aab00000)
  object space 363008K, 17% used [0x0000000180000000,0x0000000183e58db0,0x0000000196280000)
 Metaspace       used 81386K, capacity 82424K, committed 82776K, reserved 1120256K
  class space    used 11794K, capacity 12015K, committed 12120K, reserved 1048576K
}
Event: 6937.717 GC heap before
{Heap before GC invocations=854 (full 5):
 PSYoungGen      total 808448K, used 807968K [0x00000005aab00000, 0x00000007bf080000, 0x00000007c0000000)
  eden space 807936K, 100% used [0x00000005aab00000,0x00000005dc000000,0x00000005dc000000)
  from space 512K, 6% used [0x00000007bf000000,0x00000007bf008000,0x00000007bf080000)
  to   space 512K, 0% used [0x00000007bef80000,0x00000007bef80000,0x00000007bf000000)
 ParOldGen       total 363008K, used 63845K [0x0000000180000000, 0x0000000196280000, 0x00000005aab00000)
  object space 363008K, 17% used [0x0000000180000000,0x0000000183e595c0,0x0000000196280000)
 Metaspace       used 81386K, capacity 82424K, committed 82776K, reserved 1120256K
  class space    used 11794K, capacity 12015K, committed 12120K, reserved 1048576K
Event: 6937.745 GC heap after
Heap after GC invocations=854 (full 5):
 PSYoungGen      total 780288K, used 160K [0x00000005aab00000, 0x00000007bf080000, 0x00000007c0000000)
  eden space 779776K, 0% used [0x00000005aab00000,0x00000005aab00000,0x00000005da480000)
  from space 512K, 31% used [0x00000007bef80000,0x00000007befa8000,0x00000007bf000000)
  to   space 512K, 0% used [0x00000007bf000000,0x00000007bf000000,0x00000007bf080000)
 ParOldGen       total 363008K, used 63845K [0x0000000180000000, 0x0000000196280000, 0x00000005aab00000)
  object space 363008K, 17% used [0x0000000180000000,0x0000000183e595c0,0x0000000196280000)
 Metaspace       used 81386K, capacity 82424K, committed 82776K, reserved 1120256K
  class space    used 11794K, capacity 12015K, committed 12120K, reserved 1048576K
}
Event: 6937.745 GC heap before
{Heap before GC invocations=855 (full 5):
 PSYoungGen      total 780288K, used 7342K [0x00000005aab00000, 0x00000007bf080000, 0x00000007c0000000)
  eden space 779776K, 0% used [0x00000005aab00000,0x00000005ab203b80,0x00000005da480000)
  from space 512K, 31% used [0x00000007bef80000,0x00000007befa8000,0x00000007bf000000)
  to   space 512K, 0% used [0x00000007bf000000,0x00000007bf000000,0x00000007bf080000)
 ParOldGen       total 363008K, used 63845K [0x0000000180000000, 0x0000000196280000, 0x00000005aab00000)
  object space 363008K, 17% used [0x0000000180000000,0x0000000183e595c0,0x0000000196280000)
 Metaspace       used 81386K, capacity 82424K, committed 82776K, reserved 1120256K
  class space    used 11794K, capacity 12015K, committed 12120K, reserved 1048576K
Event: 6937.790 GC heap after
Heap after GC invocations=855 (full 5):
 PSYoungGen      total 926208K, used 128K [0x00000005aab00000, 0x00000007bf080000, 0x00000007c0000000)
  eden space 925696K, 0% used [0x00000005aab00000,0x00000005aab00000,0x00000005e3300000)
  from space 512K, 25% used [0x00000007bf000000,0x00000007bf020000,0x00000007bf080000)
  to   space 512K, 0% used [0x00000007bef80000,0x00000007bef80000,0x00000007bf000000)
 ParOldGen       total 363008K, used 63845K [0x0000000180000000, 0x0000000196280000, 0x00000005aab00000)
  object space 363008K, 17% used [0x0000000180000000,0x0000000183e595c0,0x0000000196280000)
 Metaspace       used 81386K, capacity 82424K, committed 82776K, reserved 1120256K
  class space    used 11794K, capacity 12015K, committed 12120K, reserved 1048576K
}
Event: 6940.257 GC heap before
{Heap before GC invocations=856 (full 5):
 PSYoungGen      total 926208K, used 925824K [0x00000005aab00000, 0x00000007bf080000, 0x00000007c0000000)
  eden space 925696K, 100% used [0x00000005aab00000,0x00000005e3300000,0x00000005e3300000)
  from space 512K, 25% used [0x00000007bf000000,0x00000007bf020000,0x00000007bf080000)
  to   space 512K, 0% used [0x00000007bef80000,0x00000007bef80000,0x00000007bf000000)
 ParOldGen       total 363008K, used 63845K [0x0000000180000000, 0x0000000196280000, 0x00000005aab00000)
  object space 363008K, 17% used [0x0000000180000000,0x0000000183e595c0,0x0000000196280000)
 Metaspace       used 81386K, capacity 82424K, committed 82776K, reserved 1120256K
  class space    used 11794K, capacity 12015K, committed 12120K, reserved 1048576K
Event: 6940.364 GC heap after
Heap after GC invocations=856 (full 5):
 PSYoungGen      total 1096704K, used 96K [0x00000005aab00000, 0x00000007bf080000, 0x00000007c0000000)
  eden space 1096192K, 0% used [0x00000005aab00000,0x00000005aab00000,0x00000005ed980000)
  from space 512K, 18% used [0x00000007bef80000,0x00000007bef98000,0x00000007bf000000)
  to   space 512K, 0% used [0x00000007bf000000,0x00000007bf000000,0x00000007bf080000)
 ParOldGen       total 363008K, used 63845K [0x0000000180000000, 0x0000000196280000, 0x00000005aab00000)
  object space 363008K, 17% used [0x0000000180000000,0x0000000183e595c0,0x0000000196280000)
 Metaspace       used 81386K, capacity 82424K, committed 82776K, reserved 1120256K
  class space    used 11794K, capacity 12015K, committed 12120K, reserved 1048576K
}
Event: 6944.842 GC heap before
{Heap before GC invocations=857 (full 5):
 PSYoungGen      total 1096704K, used 1096288K [0x00000005aab00000, 0x00000007bf080000, 0x00000007c0000000)
  eden space 1096192K, 100% used [0x00000005aab00000,0x00000005ed980000,0x00000005ed980000)
  from space 512K, 18% used [0x00000007bef80000,0x00000007bef98000,0x00000007bf000000)
  to   space 512K, 0% used [0x00000007bf000000,0x00000007bf000000,0x00000007bf080000)
 ParOldGen       total 363008K, used 63845K [0x0000000180000000, 0x0000000196280000, 0x00000005aab00000)
  object space 363008K, 17% used [0x0000000180000000,0x0000000183e595c0,0x0000000196280000)
 Metaspace       used 81386K, capacity 82424K, committed 82776K, reserved 1120256K
  class space    used 11794K, capacity 12015K, committed 12120K, reserved 1048576K
Event: 6944.935 GC heap after
Heap after GC invocations=857 (full 5):
 PSYoungGen      total 1293824K, used 96K [0x00000005aab00000, 0x00000007bf080000, 0x00000007c0000000)
  eden space 1293312K, 0% used [0x00000005aab00000,0x00000005aab00000,0x00000005f9a00000)
  from space 512K, 18% used [0x00000007bf000000,0x00000007bf018000,0x00000007bf080000)
  to   space 512K, 0% used [0x00000007bef80000,0x00000007bef80000,0x00000007bf000000)
 ParOldGen       total 363008K, used 63853K [0x0000000180000000, 0x0000000196280000, 0x00000005aab00000)
  object space 363008K, 17% used [0x0000000180000000,0x0000000183e5b5c0,0x0000000196280000)
 Metaspace       used 81386K, capacity 82424K, committed 82776K, reserved 1120256K
  class space    used 11794K, capacity 12015K, committed 12120K, reserved 1048576K
}
Event: 6950.124 GC heap before
{Heap before GC invocations=858 (full 5):
 PSYoungGen      total 1293824K, used 1293408K [0x00000005aab00000, 0x00000007bf080000, 0x00000007c0000000)
  eden space 1293312K, 100% used [0x00000005aab00000,0x00000005f9a00000,0x00000005f9a00000)
  from space 512K, 18% used [0x00000007bf000000,0x00000007bf018000,0x00000007bf080000)
  to   space 512K, 0% used [0x00000007bef80000,0x00000007bef80000,0x00000007bf000000)
 ParOldGen       total 363008K, used 63853K [0x0000000180000000, 0x0000000196280000, 0x00000005aab00000)
  object space 363008K, 17% used [0x0000000180000000,0x0000000183e5b5c0,0x0000000196280000)
 Metaspace       used 81386K, capacity 82424K, committed 82776K, reserved 1120256K
  class space    used 11794K, capacity 12015K, committed 12120K, reserved 1048576K
Event: 6950.186 GC heap after
Heap after GC invocations=858 (full 5):
 PSYoungGen      total 1519104K, used 64K [0x00000005aab00000, 0x00000007bf080000, 0x00000007c0000000)
  eden space 1518592K, 0% used [0x00000005aab00000,0x00000005aab00000,0x0000000607600000)
  from space 512K, 12% used [0x00000007bef80000,0x00000007bef90000,0x00000007bf000000)
  to   space 512K, 0% used [0x00000007bf000000,0x00000007bf000000,0x00000007bf080000)
 ParOldGen       total 363008K, used 63853K [0x0000000180000000, 0x0000000196280000, 0x00000005aab00000)
  object space 363008K, 17% used [0x0000000180000000,0x0000000183e5b5c0,0x0000000196280000)
 Metaspace       used 81386K, capacity 82424K, committed 82776K, reserved 1120256K
  class space    used 11794K, capacity 12015K, committed 12120K, reserved 1048576K
}
Event: 6956.264 GC heap before
{Heap before GC invocations=859 (full 5):
 PSYoungGen      total 1519104K, used 1518656K [0x00000005aab00000, 0x00000007bf080000, 0x00000007c0000000)
  eden space 1518592K, 100% used [0x00000005aab00000,0x0000000607600000,0x0000000607600000)
  from space 512K, 12% used [0x00000007bef80000,0x00000007bef90000,0x00000007bf000000)
  to   space 512K, 0% used [0x00000007bf000000,0x00000007bf000000,0x00000007bf080000)
 ParOldGen       total 363008K, used 63853K [0x0000000180000000, 0x0000000196280000, 0x00000005aab00000)
  object space 363008K, 17% used [0x0000000180000000,0x0000000183e5b5c0,0x0000000196280000)
 Metaspace       used 81386K, capacity 82424K, committed 82776K, reserved 1120256K
  class space    used 11794K, capacity 12015K, committed 12120K, reserved 1048576K
Event: 6956.289 GC heap after
Heap after GC invocations=859 (full 5):
 PSYoungGen      total 1773056K, used 64K [0x00000005aab00000, 0x00000007bf080000, 0x00000007c0000000)
  eden space 1772544K, 0% used [0x00000005aab00000,0x00000005aab00000,0x0000000616e00000)
  from space 512K, 12% used [0x00000007bf000000,0x00000007bf010000,0x00000007bf080000)
  to   space 512K, 0% used [0x00000007bef80000,0x00000007bef80000,0x00000007bf000000)
 ParOldGen       total 363008K, used 63853K [0x0000000180000000, 0x0000000196280000, 0x00000005aab00000)
  object space 363008K, 17% used [0x0000000180000000,0x0000000183e5b5c0,0x0000000196280000)
 Metaspace       used 81386K, capacity 82424K, committed 82776K, reserved 1120256K
  class space    used 11794K, capacity 12015K, committed 12120K, reserved 1048576K
}
Event: 6963.633 GC heap before
{Heap before GC invocations=860 (full 5):
 PSYoungGen      total 1773056K, used 1772608K [0x00000005aab00000, 0x00000007bf080000, 0x00000007c0000000)
  eden space 1772544K, 100% used [0x00000005aab00000,0x0000000616e00000,0x0000000616e00000)
  from space 512K, 12% used [0x00000007bf000000,0x00000007bf010000,0x00000007bf080000)
  to   space 512K, 0% used [0x00000007bef80000,0x00000007bef80000,0x00000007bf000000)
 ParOldGen       total 363008K, used 63853K [0x0000000180000000, 0x0000000196280000, 0x00000005aab00000)
  object space 363008K, 17% used [0x0000000180000000,0x0000000183e5b5c0,0x0000000196280000)
 Metaspace       used 81386K, capacity 82424K, committed 82776K, reserved 1120256K
  class space    used 11794K, capacity 12015K, committed 12120K, reserved 1048576K
Event: 6963.636 GC heap after
Heap after GC invocations=860 (full 5):
 PSYoungGen      total 2053632K, used 64K [0x00000005aab00000, 0x00000007bf080000, 0x00000007c0000000)
  eden space 2053120K, 0% used [0x00000005aab00000,0x00000005aab00000,0x0000000628000000)
  from space 512K, 12% used [0x00000007bef80000,0x00000007bef90000,0x00000007bf000000)
  to   space 512K, 0% used [0x00000007bf000000,0x00000007bf000000,0x00000007bf080000)
 ParOldGen       total 363008K, used 63853K [0x0000000180000000, 0x0000000196280000, 0x00000005aab00000)
  object space 363008K, 17% used [0x0000000180000000,0x0000000183e5b5c0,0x0000000196280000)
 Metaspace       used 81386K, capacity 82424K, committed 82776K, reserved 1120256K
  class space    used 11794K, capacity 12015K, committed 12120K, reserved 1048576K
}
Event: 6972.357 GC heap before
{Heap before GC invocations=861 (full 5):
 PSYoungGen      total 2053632K, used 2053184K [0x00000005aab00000, 0x00000007bf080000, 0x00000007c0000000)
  eden space 2053120K, 100% used [0x00000005aab00000,0x0000000628000000,0x0000000628000000)
  from space 512K, 12% used [0x00000007bef80000,0x00000007bef90000,0x00000007bf000000)
  to   space 512K, 0% used [0x00000007bf000000,0x00000007bf000000,0x00000007bf080000)
 ParOldGen       total 363008K, used 63853K [0x0000000180000000, 0x0000000196280000, 0x00000005aab00000)
  object space 363008K, 17% used [0x0000000180000000,0x0000000183e5b5c0,0x0000000196280000)
 Metaspace       used 81386K, capacity 82424K, committed 82776K, reserved 1120256K
  class space    used 11794K, capacity 12015K, committed 12120K, reserved 1048576K
Event: 6972.362 GC heap after
Heap after GC invocations=861 (full 5):
 PSYoungGen      total 2357248K, used 64K [0x00000005aab00000, 0x00000007bf080000, 0x00000007c0000000)
  eden space 2356736K, 0% used [0x00000005aab00000,0x00000005aab00000,0x000000063a880000)
  from space 512K, 12% used [0x00000007bf000000,0x00000007bf010000,0x00000007bf080000)
  to   space 512K, 0% used [0x00000007bef80000,0x00000007bef80000,0x00000007bf000000)
 ParOldGen       total 363008K, used 63853K [0x0000000180000000, 0x0000000196280000, 0x00000005aab00000)
  object space 363008K, 17% used [0x0000000180000000,0x0000000183e5b5c0,0x0000000196280000)
 Metaspace       used 81386K, capacity 82424K, committed 82776K, reserved 1120256K
  class space    used 11794K, capacity 12015K, committed 12120K, reserved 1048576K
}
Event: 6983.605 GC heap before
{Heap before GC invocations=862 (full 5):
 PSYoungGen      total 2357248K, used 2356800K [0x00000005aab00000, 0x00000007bf080000, 0x00000007c0000000)
  eden space 2356736K, 100% used [0x00000005aab00000,0x000000063a880000,0x000000063a880000)
  from space 512K, 12% used [0x00000007bf000000,0x00000007bf010000,0x00000007bf080000)
  to   space 512K, 0% used [0x00000007bef80000,0x00000007bef80000,0x00000007bf000000)
 ParOldGen       total 363008K, used 63853K [0x0000000180000000, 0x0000000196280000, 0x00000005aab00000)
  object space 363008K, 17% used [0x0000000180000000,0x0000000183e5b5c0,0x0000000196280000)
 Metaspace       used 81386K, capacity 82424K, committed 82776K, reserved 1120256K
  class space    used 11794K, capacity 12015K, committed 12120K, reserved 1048576K
Event: 6983.630 GC heap after
Heap after GC invocations=862 (full 5):
 PSYoungGen      total 2679296K, used 64K [0x00000005aab00000, 0x00000007bf080000, 0x00000007c0000000)
  eden space 2678784K, 0% used [0x00000005aab00000,0x00000005aab00000,0x000000064e300000)
  from space 512K, 12% used [0x00000007bef80000,0x00000007bef90000,0x00000007bf000000)
  to   space 512K, 0% used [0x00000007bf000000,0x00000007bf000000,0x00000007bf080000)
 ParOldGen       total 363008K, used 63861K [0x0000000180000000, 0x0000000196280000, 0x00000005aab00000)
  object space 363008K, 17% used [0x0000000180000000,0x0000000183e5d5c0,0x0000000196280000)
 Metaspace       used 81386K, capacity 82424K, committed 82776K, reserved 1120256K
  class space    used 11794K, capacity 12015K, committed 12120K, reserved 1048576K
}
Event: 6995.072 GC heap before
{Heap before GC invocations=863 (full 5):
 PSYoungGen      total 2679296K, used 2678848K [0x00000005aab00000, 0x00000007bf080000, 0x00000007c0000000)
  eden space 2678784K, 100% used [0x00000005aab00000,0x000000064e300000,0x000000064e300000)
  from space 512K, 12% used [0x00000007bef80000,0x00000007bef90000,0x00000007bf000000)
  to   space 512K, 0% used [0x00000007bf000000,0x00000007bf000000,0x00000007bf080000)
 ParOldGen       total 363008K, used 63861K [0x0000000180000000, 0x0000000196280000, 0x00000005aab00000)
  object space 363008K, 17% used [0x0000000180000000,0x0000000183e5d5c0,0x0000000196280000)
 Metaspace       used 81386K, capacity 82424K, committed 82776K, reserved 1120256K
  class space    used 11794K, capacity 12015K, committed 12120K, reserved 1048576K
Event: 6995.096 GC heap after
Heap after GC invocations=863 (full 5):
 PSYoungGen      total 3012608K, used 96K [0x00000005aab00000, 0x00000007bf080000, 0x00000007c0000000)
  eden space 3012096K, 0% used [0x00000005aab00000,0x00000005aab00000,0x0000000662880000)
  from space 512K, 18% used [0x00000007bf000000,0x00000007bf018000,0x00000007bf080000)
  to   space 512K, 0% used [0x00000007bef80000,0x00000007bef80000,0x00000007bf000000)
 ParOldGen       total 363008K, used 63869K [0x0000000180000000, 0x0000000196280000, 0x00000005aab00000)
  object space 363008K, 17% used [0x0000000180000000,0x0000000183e5f5c0,0x0000000196280000)
 Metaspace       used 81386K, capacity 82424K, committed 82776K, reserved 1120256K
  class space    used 11794K, capacity 12015K, committed 12120K, reserved 1048576K
}
Event: 7007.182 GC heap before
{Heap before GC invocations=864 (full 5):
 PSYoungGen      total 3012608K, used 3012192K [0x00000005aab00000, 0x00000007bf080000, 0x00000007c0000000)
  eden space 3012096K, 100% used [0x00000005aab00000,0x0000000662880000,0x0000000662880000)
  from space 512K, 18% used [0x00000007bf000000,0x00000007bf018000,0x00000007bf080000)
  to   space 512K, 0% used [0x00000007bef80000,0x00000007bef80000,0x00000007bf000000)
 ParOldGen       total 363008K, used 63869K [0x0000000180000000, 0x0000000196280000, 0x00000005aab00000)
  object space 363008K, 17% used [0x0000000180000000,0x0000000183e5f5e0,0x0000000196280000)
 Metaspace       used 81386K, capacity 82424K, committed 82776K, reserved 1120256K
  class space    used 11794K, capacity 12015K, committed 12120K, reserved 1048576K
Event: 7007.363 GC heap after
Heap after GC invocations=864 (full 5):
 PSYoungGen      total 3367936K, used 128K [0x00000005aab00000, 0x00000007bf080000, 0x00000007c0000000)
  eden space 3367424K, 0% used [0x00000005aab00000,0x00000005aab00000,0x0000000678380000)
  from space 512K, 25% used [0x00000007bef80000,0x00000007befa0000,0x00000007bf000000)
  to   space 512K, 0% used [0x00000007bf000000,0x00000007bf000000,0x00000007bf080000)
 ParOldGen       total 363008K, used 63877K [0x0000000180000000, 0x0000000196280000, 0x00000005aab00000)
  object space 363008K, 17% used [0x0000000180000000,0x0000000183e615e0,0x0000000196280000)
 Metaspace       used 81386K, capacity 82424K, committed 82776K, reserved 1120256K
  class space    used 11794K, capacity 12015K, committed 12120K, reserved 1048576K
}
Event: 7021.691 GC heap before
{Heap before GC invocations=865 (full 5):
 PSYoungGen      total 3367936K, used 3367552K [0x00000005aab00000, 0x00000007bf080000, 0x00000007c0000000)
  eden space 3367424K, 100% used [0x00000005aab00000,0x0000000678380000,0x0000000678380000)
  from space 512K, 25% used [0x00000007bef80000,0x00000007befa0000,0x00000007bf000000)
  to   space 512K, 0% used [0x00000007bf000000,0x00000007bf000000,0x00000007bf080000)
 ParOldGen       total 363008K, used 63880K [0x0000000180000000, 0x0000000196280000, 0x00000005aab00000)
  object space 363008K, 17% used [0x0000000180000000,0x0000000183e62250,0x0000000196280000)
 Metaspace       used 81386K, capacity 82424K, committed 82776K, reserved 1120256K
  class space    used 11794K, capacity 12015K, committed 12120K, reserved 1048576K
Event: 7021.830 GC heap after
Heap after GC invocations=865 (full 5):
 PSYoungGen      total 3737088K, used 32K [0x00000005aab00000, 0x00000007bf080000, 0x00000007c0000000)
  eden space 3736576K, 0% used [0x00000005aab00000,0x00000005aab00000,0x000000068ec00000)
  from space 512K, 6% used [0x00000007bf000000,0x00000007bf008000,0x00000007bf080000)
  to   space 512K, 0% used [0x00000007bef80000,0x00000007bef80000,0x00000007bf000000)
 ParOldGen       total 363008K, used 63888K [0x0000000180000000, 0x0000000196280000, 0x00000005aab00000)
  object space 363008K, 17% used [0x0000000180000000,0x0000000183e64250,0x0000000196280000)
 Metaspace       used 81386K, capacity 82424K, committed 82776K, reserved 1120256K
  class space    used 11794K, capacity 12015K, committed 12120K, reserved 1048576K
}
Event: 7039.427 GC heap before
{Heap before GC invocations=866 (full 5):
 PSYoungGen      total 3737088K, used 3736608K [0x00000005aab00000, 0x00000007bf080000, 0x00000007c0000000)
  eden space 3736576K, 100% used [0x00000005aab00000,0x000000068ec00000,0x000000068ec00000)
  from space 512K, 6% used [0x00000007bf000000,0x00000007bf008000,0x00000007bf080000)
  to   space 512K, 0% used [0x00000007bef80000,0x00000007bef80000,0x00000007bf000000)
 ParOldGen       total 363008K, used 63888K [0x0000000180000000, 0x0000000196280000, 0x00000005aab00000)
  object space 363008K, 17% used [0x0000000180000000,0x0000000183e64250,0x0000000196280000)
 Metaspace       used 81386K, capacity 82424K, committed 82776K, reserved 1120256K
  class space    used 11794K, capacity 12015K, committed 12120K, reserved 1048576K
Event: 7039.521 GC heap after
Heap after GC invocations=866 (full 5):
 PSYoungGen      total 4107264K, used 128K [0x00000005aab00000, 0x00000007bf080000, 0x00000007c0000000)
  eden space 4106752K, 0% used [0x00000005aab00000,0x00000005aab00000,0x00000006a5580000)
  from space 512K, 25% used [0x00000007bef80000,0x00000007befa0000,0x00000007bf000000)
  to   space 512K, 0% used [0x00000007bf000000,0x00000007bf000000,0x00000007bf080000)
 ParOldGen       total 363008K, used 63904K [0x0000000180000000, 0x0000000196280000, 0x00000005aab00000)
  object space 363008K, 17% used [0x0000000180000000,0x0000000183e68250,0x0000000196280000)
 Metaspace       used 81386K, capacity 82424K, committed 82776K, reserved 1120256K
  class space    used 11794K, capacity 12015K, committed 12120K, reserved 1048576K
}
Event: 7059.234 GC heap before
{Heap before GC invocations=867 (full 5):
 PSYoungGen      total 4107264K, used 4106880K [0x00000005aab00000, 0x00000007bf080000, 0x00000007c0000000)
  eden space 4106752K, 100% used [0x00000005aab00000,0x00000006a5580000,0x00000006a5580000)
  from space 512K, 25% used [0x00000007bef80000,0x00000007befa0000,0x00000007bf000000)
  to   space 512K, 0% used [0x00000007bf000000,0x00000007bf000000,0x00000007bf080000)
 ParOldGen       total 363008K, used 63904K [0x0000000180000000, 0x0000000196280000, 0x00000005aab00000)
  object space 363008K, 17% used [0x0000000180000000,0x0000000183e68250,0x0000000196280000)
 Metaspace       used 81386K, capacity 82424K, committed 82776K, reserved 1120256K
  class space    used 11794K, capacity 12015K, committed 12120K, reserved 1048576K
Event: 7059.328 GC heap after
Heap after GC invocations=867 (full 5):
 PSYoungGen      total 4472832K, used 64K [0x00000005aab00000, 0x00000007bf080000, 0x00000007c0000000)
  eden space 4472320K, 0% used [0x00000005aab00000,0x00000005aab00000,0x00000006bba80000)
  from space 512K, 12% used [0x00000007bf000000,0x00000007bf010000,0x00000007bf080000)
  to   space 512K, 0% used [0x00000007bef80000,0x00000007bef80000,0x00000007bf000000)
 ParOldGen       total 363008K, used 63904K [0x0000000180000000, 0x0000000196280000, 0x00000005aab00000)
  object space 363008K, 17% used [0x0000000180000000,0x0000000183e68250,0x0000000196280000)
 Metaspace       used 81386K, capacity 82424K, committed 82776K, reserved 1120256K
  class space    used 11794K, capacity 12015K, committed 12120K, reserved 1048576K
}
Event: 7079.398 GC heap before
{Heap before GC invocations=868 (full 5):
 PSYoungGen      total 4472832K, used 4472384K [0x00000005aab00000, 0x00000007bf080000, 0x00000007c0000000)
  eden space 4472320K, 100% used [0x00000005aab00000,0x00000006bba80000,0x00000006bba80000)
  from space 512K, 12% used [0x00000007bf000000,0x00000007bf010000,0x00000007bf080000)
  to   space 512K, 0% used [0x00000007bef80000,0x00000007bef80000,0x00000007bf000000)
 ParOldGen       total 363008K, used 63904K [0x0000000180000000, 0x0000000196280000, 0x00000005aab00000)
  object space 363008K, 17% used [0x0000000180000000,0x0000000183e68250,0x0000000196280000)
 Metaspace       used 81386K, capacity 82424K, committed 82776K, reserved 1120256K
  class space    used 11794K, capacity 12015K, committed 12120K, reserved 1048576K
Event: 7079.516 GC heap after
Heap after GC invocations=868 (full 5):
 PSYoungGen      total 4835840K, used 96K [0x00000005aab00000, 0x00000007bf080000, 0x00000007c0000000)
  eden space 4835328K, 0% used [0x00000005aab00000,0x00000005aab00000,0x00000006d1d00000)
  from space 512K, 18% used [0x00000007bef80000,0x00000007bef98000,0x00000007bf000000)
  to   space 512K, 0% used [0x00000007bf000000,0x00000007bf000000,0x00000007bf080000)
 ParOldGen       total 363008K, used 63904K [0x0000000180000000, 0x0000000196280000, 0x00000005aab00000)
  object space 363008K, 17% used [0x0000000180000000,0x0000000183e68250,0x0000000196280000)
 Metaspace       used 81386K, capacity 82424K, committed 82776K, reserved 1120256K
  class space    used 11794K, capacity 12015K, committed 12120K, reserved 1048576K
}
Event: 7101.902 GC heap before
{Heap before GC invocations=869 (full 5):
 PSYoungGen      total 4835840K, used 4835424K [0x00000005aab00000, 0x00000007bf080000, 0x00000007c0000000)
  eden space 4835328K, 100% used [0x00000005aab00000,0x00000006d1d00000,0x00000006d1d00000)
  from space 512K, 18% used [0x00000007bef80000,0x00000007bef98000,0x00000007bf000000)
  to   space 512K, 0% used [0x00000007bf000000,0x00000007bf000000,0x00000007bf080000)
 ParOldGen       total 363008K, used 63904K [0x0000000180000000, 0x0000000196280000, 0x00000005aab00000)
  object space 363008K, 17% used [0x0000000180000000,0x0000000183e68250,0x0000000196280000)
 Metaspace       used 81387K, capacity 82424K, committed 82776K, reserved 1120256K
  class space    used 11794K, capacity 12015K, committed 12120K, reserved 1048576K
Event: 7102.021 GC heap after
Heap after GC invocations=869 (full 5):
 PSYoungGen      total 5192704K, used 480K [0x00000005aab00000, 0x00000007bf080000, 0x00000007c0000000)
  eden space 5192192K, 0% used [0x00000005aab00000,0x00000005aab00000,0x00000006e7980000)
  from space 512K, 93% used [0x00000007bf000000,0x00000007bf078058,0x00000007bf080000)
  to   space 512K, 0% used [0x00000007bef80000,0x00000007bef80000,0x00000007bf000000)
 ParOldGen       total 363008K, used 63904K [0x0000000180000000, 0x0000000196280000, 0x00000005aab00000)
  object space 363008K, 17% used [0x0000000180000000,0x0000000183e68250,0x0000000196280000)
 Metaspace       used 81387K, capacity 82424K, committed 82776K, reserved 1120256K
  class space    used 11794K, capacity 12015K, committed 12120K, reserved 1048576K
}
Event: 7125.166 GC heap before
{Heap before GC invocations=870 (full 5):
 PSYoungGen      total 5192704K, used 5192672K [0x00000005aab00000, 0x00000007bf080000, 0x00000007c0000000)
  eden space 5192192K, 100% used [0x00000005aab00000,0x00000006e7980000,0x00000006e7980000)
  from space 512K, 93% used [0x00000007bf000000,0x00000007bf078058,0x00000007bf080000)
  to   space 512K, 0% used [0x00000007bef80000,0x00000007bef80000,0x00000007bf000000)
 ParOldGen       total 363008K, used 63904K [0x0000000180000000, 0x0000000196280000, 0x00000005aab00000)
  object space 363008K, 17% used [0x0000000180000000,0x0000000183e68250,0x0000000196280000)
 Metaspace       used 81387K, capacity 82424K, committed 82776K, reserved 1120256K
  class space    used 11794K, capacity 12015K, committed 12120K, reserved 1048576K
Event: 7125.285 GC heap after
Heap after GC invocations=870 (full 5):
 PSYoungGen      total 4949504K, used 480K [0x00000005aab00000, 0x00000007bf080000, 0x00000007c0000000)
  eden space 4948992K, 0% used [0x00000005aab00000,0x00000005aab00000,0x00000006d8c00000)
  from space 512K, 93% used [0x00000007bef80000,0x00000007beff8068,0x00000007bf000000)
  to   space 512K, 0% used [0x00000007bf000000,0x00000007bf000000,0x00000007bf080000)
 ParOldGen       total 363008K, used 64224K [0x0000000180000000, 0x0000000196280000, 0x00000005aab00000)
  object space 363008K, 17% used [0x0000000180000000,0x0000000183eb82b8,0x0000000196280000)
 Metaspace       used 81387K, capacity 82424K, committed 82776K, reserved 1120256K
  class space    used 11794K, capacity 12015K, committed 12120K, reserved 1048576K
}
Event: 7147.949 GC heap before
{Heap before GC invocations=871 (full 5):
 PSYoungGen      total 4949504K, used 4949472K [0x00000005aab00000, 0x00000007bf080000, 0x00000007c0000000)
  eden space 4948992K, 100% used [0x00000005aab00000,0x00000006d8c00000,0x00000006d8c00000)
  from space 512K, 93% used [0x00000007bef80000,0x00000007beff8068,0x00000007bf000000)
  to   space 512K, 0% used [0x00000007bf000000,0x00000007bf000000,0x00000007bf080000)
 ParOldGen       total 363008K, used 64224K [0x0000000180000000, 0x0000000196280000, 0x00000005aab00000)
  object space 363008K, 17% used [0x0000000180000000,0x0000000183eb82b8,0x0000000196280000)
 Metaspace       used 81387K, capacity 82424K, committed 82776K, reserved 1120256K
  class space    used 11794K, capacity 12015K, committed 12120K, reserved 1048576K
Event: 7148.044 GC heap after
Heap after GC invocations=871 (full 5):
 PSYoungGen      total 4718080K, used 480K [0x00000005aab00000, 0x00000007bf080000, 0x00000007c0000000)
  eden space 4717568K, 0% used [0x00000005aab00000,0x00000005aab00000,0x00000006caa00000)
  from space 512K, 93% used [0x00000007bf000000,0x00000007bf078068,0x00000007bf080000)
  to   space 1024K, 0% used [0x00000007bee80000,0x00000007bee80000,0x00000007bef80000)
 ParOldGen       total 363008K, used 64256K [0x0000000180000000, 0x0000000196280000, 0x00000005aab00000)
  object space 363008K, 17% used [0x0000000180000000,0x0000000183ec02b8,0x0000000196280000)
 Metaspace       used 81387K, capacity 82424K, committed 82776K, reserved 1120256K
  class space    used 11794K, capacity 12015K, committed 12120K, reserved 1048576K
}
Event: 7169.224 GC heap before
{Heap before GC invocations=872 (full 5):
 PSYoungGen      total 4718080K, used 4718048K [0x00000005aab00000, 0x00000007bf080000, 0x00000007c0000000)
  eden space 4717568K, 100% used [0x00000005aab00000,0x00000006caa00000,0x00000006caa00000)
  from space 512K, 93% used [0x00000007bf000000,0x00000007bf078068,0x00000007bf080000)
  to   space 1024K, 0% used [0x00000007bee80000,0x00000007bee80000,0x00000007bef80000)
 ParOldGen       total 363008K, used 64256K [0x0000000180000000, 0x0000000196280000, 0x00000005aab00000)
  object space 363008K, 17% used [0x0000000180000000,0x0000000183ec02b8,0x0000000196280000)
 Metaspace       used 81387K, capacity 82424K, committed 82776K, reserved 1120256K
  class space    used 11794K, capacity 12015K, committed 12120K, reserved 1048576K
Event: 7169.293 GC heap after
Heap after GC invocations=872 (full 5):
 PSYoungGen      total 4498944K, used 544K [0x00000005aab00000, 0x00000007bf080000, 0x00000007c0000000)
  eden space 4497920K, 0% used [0x00000005aab00000,0x00000005aab00000,0x00000006bd380000)
  from space 1024K, 53% used [0x00000007bee80000,0x00000007bef08068,0x00000007bef80000)
  to   space 1024K, 0% used [0x00000007bef80000,0x00000007bef80000,0x00000007bf080000)
 ParOldGen       total 363008K, used 64256K [0x0000000180000000, 0x0000000196280000, 0x00000005aab00000)
  object space 363008K, 17% used [0x0000000180000000,0x0000000183ec02b8,0x0000000196280000)
 Metaspace       used 81387K, capacity 82424K, committed 82776K, reserved 1120256K
  class space    used 11794K, capacity 12015K, committed 12120K, reserved 1048576K
}
Event: 7189.845 GC heap before
{Heap before GC invocations=873 (full 5):
 PSYoungGen      total 4498944K, used 4498464K [0x00000005aab00000, 0x00000007bf080000, 0x00000007c0000000)
  eden space 4497920K, 100% used [0x00000005aab00000,0x00000006bd380000,0x00000006bd380000)
  from space 1024K, 53% used [0x00000007bee80000,0x00000007bef08068,0x00000007bef80000)
  to   space 1024K, 0% used [0x00000007bef80000,0x00000007bef80000,0x00000007bf080000)
 ParOldGen       total 363008K, used 64256K [0x0000000180000000, 0x0000000196280000, 0x00000005aab00000)
  object space 363008K, 17% used [0x0000000180000000,0x0000000183ec02b8,0x0000000196280000)
 Metaspace       used 81387K, capacity 82424K, committed 82776K, reserved 1120256K
  class space    used 11794K, capacity 12015K, committed 12120K, reserved 1048576K
Event: 7189.870 GC heap after
Heap after GC invocations=873 (full 5):
 PSYoungGen      total 4290048K, used 544K [0x00000005aab00000, 0x00000007bf080000, 0x00000007c0000000)
  eden space 4289024K, 0% used [0x00000005aab00000,0x00000005aab00000,0x00000006b0780000)
  from space 1024K, 53% used [0x00000007bef80000,0x00000007bf008068,0x00000007bf080000)
  to   space 1024K, 0% used [0x00000007bee80000,0x00000007bee80000,0x00000007bef80000)
 ParOldGen       total 363008K, used 64256K [0x0000000180000000, 0x0000000196280000, 0x00000005aab00000)
  object space 363008K, 17% used [0x0000000180000000,0x0000000183ec02b8,0x0000000196280000)
 Metaspace       used 81387K, capacity 82424K, committed 82776K, reserved 1120256K
  class space    used 11794K, capacity 12015K, committed 12120K, reserved 1048576K
}
Event: 7205.024 GC heap before
{Heap before GC invocations=874 (full 5):
 PSYoungGen      total 4290048K, used 4289568K [0x00000005aab00000, 0x00000007bf080000, 0x00000007c0000000)
  eden space 4289024K, 100% used [0x00000005aab00000,0x00000006b0780000,0x00000006b0780000)
  from space 1024K, 53% used [0x00000007bef80000,0x00000007bf008068,0x00000007bf080000)
  to   space 1024K, 0% used [0x00000007bee80000,0x00000007bee80000,0x00000007bef80000)
 ParOldGen       total 363008K, used 64256K [0x0000000180000000, 0x0000000196280000, 0x00000005aab00000)
  object space 363008K, 17% used [0x0000000180000000,0x0000000183ec02b8,0x0000000196280000)
 Metaspace       used 81387K, capacity 82424K, committed 82776K, reserved 1120256K
  class space    used 11794K, capacity 12015K, committed 12120K, reserved 1048576K
Event: 7205.029 GC heap after
Heap after GC invocations=874 (full 5):
 PSYoungGen      total 4091904K, used 576K [0x00000005aab00000, 0x00000007bf000000, 0x00000007c0000000)
  eden space 4090880K, 0% used [0x00000005aab00000,0x00000005aab00000,0x00000006a4600000)
  from space 1024K, 56% used [0x00000007bee80000,0x00000007bef10068,0x00000007bef80000)
  to   space 512K, 0% used [0x00000007bef80000,0x00000007bef80000,0x00000007bf000000)
 ParOldGen       total 363008K, used 64256K [0x0000000180000000, 0x0000000196280000, 0x00000005aab00000)
  object space 363008K, 17% used [0x0000000180000000,0x0000000183ec02b8,0x0000000196280000)
 Metaspace       used 81387K, capacity 82424K, committed 82776K, reserved 1120256K
  class space    used 11794K, capacity 12015K, committed 12120K, reserved 1048576K
}
Event: 7208.406 GC heap before
{Heap before GC invocations=875 (full 5):
 PSYoungGen      total 4091904K, used 4091456K [0x00000005aab00000, 0x00000007bf000000, 0x00000007c0000000)
  eden space 4090880K, 100% used [0x00000005aab00000,0x00000006a4600000,0x00000006a4600000)
  from space 1024K, 56% used [0x00000007bee80000,0x00000007bef10068,0x00000007bef80000)
  to   space 512K, 0% used [0x00000007bef80000,0x00000007bef80000,0x00000007bf000000)
 ParOldGen       total 363008K, used 64256K [0x0000000180000000, 0x0000000196280000, 0x00000005aab00000)
  object space 363008K, 17% used [0x0000000180000000,0x0000000183ec02b8,0x0000000196280000)
 Metaspace       used 81387K, capacity 82424K, committed 82776K, reserved 1120256K
  class space    used 11794K, capacity 12015K, committed 12120K, reserved 1048576K
Event: 7208.410 GC heap after
Heap after GC invocations=875 (full 5):
 PSYoungGen      total 3902976K, used 480K [0x00000005aab00000, 0x00000007bf000000, 0x00000007c0000000)
  eden space 3902464K, 0% used [0x00000005aab00000,0x00000005aab00000,0x0000000698e00000)
  from space 512K, 93% used [0x00000007bef80000,0x00000007beff8058,0x00000007bf000000)
  to   space 1024K, 0% used [0x00000007bee00000,0x00000007bee00000,0x00000007bef00000)
 ParOldGen       total 363008K, used 64320K [0x0000000180000000, 0x0000000196280000, 0x00000005aab00000)
  object space 363008K, 17% used [0x0000000180000000,0x0000000183ed02c8,0x0000000196280000)
 Metaspace       used 81387K, capacity 82424K, committed 82776K, reserved 1120256K
  class space    used 11794K, capacity 12015K, committed 12120K, reserved 1048576K
}
Event: 7209.075 GC heap before
{Heap before GC invocations=876 (full 5):
 PSYoungGen      total 3902976K, used 735403K [0x00000005aab00000, 0x00000007bf000000, 0x00000007c0000000)
  eden space 3902464K, 18% used [0x00000005aab00000,0x00000005d78b2be8,0x0000000698e00000)
  from space 512K, 93% used [0x00000007bef80000,0x00000007beff8058,0x00000007bf000000)
  to   space 1024K, 0% used [0x00000007bee00000,0x00000007bee00000,0x00000007bef00000)
 ParOldGen       total 363008K, used 64320K [0x0000000180000000, 0x0000000196280000, 0x00000005aab00000)
  object space 363008K, 17% used [0x0000000180000000,0x0000000183ed02c8,0x0000000196280000)
 Metaspace       used 81387K, capacity 82424K, committed 82776K, reserved 1120256K
  class space    used 11794K, capacity 12015K, committed 12120K, reserved 1048576K
Event: 7209.083 GC heap after
Heap after GC invocations=876 (full 5):
 PSYoungGen      total 3903488K, used 480K [0x00000005aab00000, 0x00000007bf000000, 0x00000007c0000000)
  eden space 3902464K, 0% used [0x00000005aab00000,0x00000005aab00000,0x0000000698e00000)
  from space 1024K, 46% used [0x00000007bee00000,0x00000007bee78058,0x00000007bef00000)
  to   space 1024K, 0% used [0x00000007bef00000,0x00000007bef00000,0x00000007bf000000)
 ParOldGen       total 363008K, used 64320K [0x0000000180000000, 0x0000000196280000, 0x00000005aab00000)
  object space 363008K, 17% used [0x0000000180000000,0x0000000183ed02c8,0x0000000196280000)
 Metaspace       used 81387K, capacity 82424K, committed 82776K, reserved 1120256K
  class space    used 11794K, capacity 12015K, committed 12120K, reserved 1048576K
}
Event: 7209.083 GC heap before
{Heap before GC invocations=877 (full 6):
 PSYoungGen      total 3903488K, used 480K [0x00000005aab00000, 0x00000007bf000000, 0x00000007c0000000)
  eden space 3902464K, 0% used [0x00000005aab00000,0x00000005aab00000,0x0000000698e00000)
  from space 1024K, 46% used [0x00000007bee00000,0x00000007bee78058,0x00000007bef00000)
  to   space 1024K, 0% used [0x00000007bef00000,0x00000007bef00000,0x00000007bf000000)
 ParOldGen       total 363008K, used 64320K [0x0000000180000000, 0x0000000196280000, 0x00000005aab00000)
  object space 363008K, 17% used [0x0000000180000000,0x0000000183ed02c8,0x0000000196280000)
 Metaspace       used 81387K, capacity 82424K, committed 82776K, reserved 1120256K
  class space    used 11794K, capacity 12015K, committed 12120K, reserved 1048576K
Event: 7209.461 GC heap after
Heap after GC invocations=877 (full 6):
 PSYoungGen      total 3903488K, used 0K [0x00000005aab00000, 0x00000007bf000000, 0x00000007c0000000)
  eden space 3902464K, 0% used [0x00000005aab00000,0x00000005aab00000,0x0000000698e00000)
  from space 1024K, 0% used [0x00000007bee00000,0x00000007bee00000,0x00000007bef00000)
  to   space 1024K, 0% used [0x00000007bef00000,0x00000007bef00000,0x00000007bf000000)
 ParOldGen       total 363008K, used 30372K [0x0000000180000000, 0x0000000196280000, 0x00000005aab00000)
  object space 363008K, 8% used [0x0000000180000000,0x0000000181da9128,0x0000000196280000)
 Metaspace       used 81387K, capacity 82424K, committed 82776K, reserved 1120256K
  class space    used 11794K, capacity 12015K, committed 12120K, reserved 1048576K
}
Event: 7213.048 GC heap before
{Heap before GC invocations=878 (full 6):
 PSYoungGen      total 3903488K, used 3902464K [0x00000005aab00000, 0x00000007bf000000, 0x00000007c0000000)
  eden space 3902464K, 100% used [0x00000005aab00000,0x0000000698e00000,0x0000000698e00000)
  from space 1024K, 0% used [0x00000007bee00000,0x00000007bee00000,0x00000007bef00000)
  to   space 1024K, 0% used [0x00000007bef00000,0x00000007bef00000,0x00000007bf000000)
 ParOldGen       total 363008K, used 30372K [0x0000000180000000, 0x0000000196280000, 0x00000005aab00000)
  object space 363008K, 8% used [0x0000000180000000,0x0000000181da9128,0x0000000196280000)
 Metaspace       used 81388K, capacity 82424K, committed 82776K, reserved 1120256K
  class space    used 11794K, capacity 12015K, committed 12120K, reserved 1048576K
Event: 7213.053 GC heap after
Heap after GC invocations=878 (full 6):
 PSYoungGen      total 4007936K, used 64K [0x00000005aab00000, 0x00000007bef80000, 0x00000007c0000000)
  eden space 4007424K, 0% used [0x00000005aab00000,0x00000005aab00000,0x000000069f480000)
  from space 512K, 12% used [0x00000007bef00000,0x00000007bef10000,0x00000007bef80000)
  to   space 1024K, 0% used [0x00000007bed80000,0x00000007bed80000,0x00000007bee80000)
 ParOldGen       total 363008K, used 30372K [0x0000000180000000, 0x0000000196280000, 0x00000005aab00000)
  object space 363008K, 8% used [0x0000000180000000,0x0000000181da9128,0x0000000196280000)
 Metaspace       used 81388K, capacity 82424K, committed 82776K, reserved 1120256K
  class space    used 11794K, capacity 12015K, committed 12120K, reserved 1048576K
}
Event: 7216.303 GC heap before
{Heap before GC invocations=879 (full 6):
 PSYoungGen      total 4007936K, used 4007488K [0x00000005aab00000, 0x00000007bef80000, 0x00000007c0000000)
  eden space 4007424K, 100% used [0x00000005aab00000,0x000000069f480000,0x000000069f480000)
  from space 512K, 12% used [0x00000007bef00000,0x00000007bef10000,0x00000007bef80000)
  to   space 1024K, 0% used [0x00000007bed80000,0x00000007bed80000,0x00000007bee80000)
 ParOldGen       total 363008K, used 30372K [0x0000000180000000, 0x0000000196280000, 0x00000005aab00000)
  object space 363008K, 8% used [0x0000000180000000,0x0000000181da9128,0x0000000196280000)
 Metaspace       used 81388K, capacity 82424K, committed 82776K, reserved 1120256K
  class space    used 11794K, capacity 12015K, committed 12120K, reserved 1048576K
Event: 7216.310 GC heap after
Heap after GC invocations=879 (full 6):
 PSYoungGen      total 4109312K, used 96K [0x00000005aab00000, 0x00000007bef80000, 0x00000007c0000000)
  eden space 4108288K, 0% used [0x00000005aab00000,0x00000005aab00000,0x00000006a5700000)
  from space 1024K, 9% used [0x00000007bed80000,0x00000007bed98000,0x00000007bee80000)
  to   space 1024K, 0% used [0x00000007bee80000,0x00000007bee80000,0x00000007bef80000)
 ParOldGen       total 363008K, used 30372K [0x0000000180000000, 0x0000000196280000, 0x00000005aab00000)
  object space 363008K, 8% used [0x0000000180000000,0x0000000181da9128,0x0000000196280000)
 Metaspace       used 81388K, capacity 82424K, committed 82776K, reserved 1120256K
  class space    used 11794K, capacity 12015K, committed 12120K, reserved 1048576K
}
Event: 7220.013 GC heap before
{Heap before GC invocations=880 (full 6):
 PSYoungGen      total 4109312K, used 4108384K [0x00000005aab00000, 0x00000007bef80000, 0x00000007c0000000)
  eden space 4108288K, 100% used [0x00000005aab00000,0x00000006a5700000,0x00000006a5700000)
  from space 1024K, 9% used [0x00000007bed80000,0x00000007bed98000,0x00000007bee80000)
  to   space 1024K, 0% used [0x00000007bee80000,0x00000007bee80000,0x00000007bef80000)
 ParOldGen       total 363008K, used 30372K [0x0000000180000000, 0x0000000196280000, 0x00000005aab00000)
  object space 363008K, 8% used [0x0000000180000000,0x0000000181da9128,0x0000000196280000)
 Metaspace       used 81388K, capacity 82424K, committed 82776K, reserved 1120256K
  class space    used 11794K, capacity 12015K, committed 12120K, reserved 1048576K
Event: 7220.016 GC heap after
Heap after GC invocations=880 (full 6):
 PSYoungGen      total 4196352K, used 224K [0x00000005aab00000, 0x00000007bef00000, 0x00000007c0000000)
  eden space 4195840K, 0% used [0x00000005aab00000,0x00000005aab00000,0x00000006aac80000)
  from space 512K, 43% used [0x00000007bee80000,0x00000007beeb8000,0x00000007bef00000)
  to   space 1024K, 0% used [0x00000007bed00000,0x00000007bed00000,0x00000007bee00000)
 ParOldGen       total 363008K, used 30372K [0x0000000180000000, 0x0000000196280000, 0x00000005aab00000)
  object space 363008K, 8% used [0x0000000180000000,0x0000000181da9128,0x0000000196280000)
 Metaspace       used 81388K, capacity 82424K, committed 82776K, reserved 1120256K
  class space    used 11794K, capacity 12015K, committed 12120K, reserved 1048576K
}
Event: 7223.641 GC heap before
{Heap before GC invocations=881 (full 6):
 PSYoungGen      total 4196352K, used 4196064K [0x00000005aab00000, 0x00000007bef00000, 0x00000007c0000000)
  eden space 4195840K, 100% used [0x00000005aab00000,0x00000006aac80000,0x00000006aac80000)
  from space 512K, 43% used [0x00000007bee80000,0x00000007beeb8000,0x00000007bef00000)
  to   space 1024K, 0% used [0x00000007bed00000,0x00000007bed00000,0x00000007bee00000)
 ParOldGen       total 363008K, used 30372K [0x0000000180000000, 0x0000000196280000, 0x00000005aab00000)
  object space 363008K, 8% used [0x0000000180000000,0x0000000181da9128,0x0000000196280000)
 Metaspace       used 81388K, capacity 82424K, committed 82776K, reserved 1120256K
  class space    used 11794K, capacity 12015K, committed 12120K, reserved 1048576K
Event: 7223.645 GC heap after
Heap after GC invocations=881 (full 6):
 PSYoungGen      total 4276736K, used 64K [0x00000005aab00000, 0x00000007bef00000, 0x00000007c0000000)
  eden space 4275712K, 0% used [0x00000005aab00000,0x00000005aab00000,0x00000006afa80000)
  from space 1024K, 6% used [0x00000007bed00000,0x00000007bed10000,0x00000007bee00000)
  to   space 1024K, 0% used [0x00000007bee00000,0x00000007bee00000,0x00000007bef00000)
 ParOldGen       total 363008K, used 30372K [0x0000000180000000, 0x0000000196280000, 0x00000005aab00000)
  object space 363008K, 8% used [0x0000000180000000,0x0000000181da9128,0x0000000196280000)
 Metaspace       used 81388K, capacity 82424K, committed 82776K, reserved 1120256K
  class space    used 11794K, capacity 12015K, committed 12120K, reserved 1048576K
}
Event: 7227.300 GC heap before
{Heap before GC invocations=882 (full 6):
 PSYoungGen      total 4276736K, used 4275776K [0x00000005aab00000, 0x00000007bef00000, 0x00000007c0000000)
  eden space 4275712K, 100% used [0x00000005aab00000,0x00000006afa80000,0x00000006afa80000)
  from space 1024K, 6% used [0x00000007bed00000,0x00000007bed10000,0x00000007bee00000)
  to   space 1024K, 0% used [0x00000007bee00000,0x00000007bee00000,0x00000007bef00000)
 ParOldGen       total 363008K, used 30372K [0x0000000180000000, 0x0000000196280000, 0x00000005aab00000)
  object space 363008K, 8% used [0x0000000180000000,0x0000000181da9128,0x0000000196280000)
 Metaspace       used 81388K, capacity 82424K, committed 82776K, reserved 1120256K
  class space    used 11794K, capacity 12015K, committed 12120K, reserved 1048576K
Event: 7227.304 GC heap after
Heap after GC invocations=882 (full 6):
 PSYoungGen      total 4350464K, used 64K [0x00000005aab00000, 0x00000007bee80000, 0x00000007c0000000)
  eden space 4349952K, 0% used [0x00000005aab00000,0x00000005aab00000,0x00000006b4300000)
  from space 512K, 12% used [0x00000007bee00000,0x00000007bee10000,0x00000007bee80000)
  to   space 1024K, 0% used [0x00000007bec80000,0x00000007bec80000,0x00000007bed80000)
 ParOldGen       total 363008K, used 30372K [0x0000000180000000, 0x0000000196280000, 0x00000005aab00000)
  object space 363008K, 8% used [0x0000000180000000,0x0000000181da9128,0x0000000196280000)
 Metaspace       used 81388K, capacity 82424K, committed 82776K, reserved 1120256K
  class space    used 11794K, capacity 12015K, committed 12120K, reserved 1048576K
}
Event: 7231.658 GC heap before
{Heap before GC invocations=883 (full 6):
 PSYoungGen      total 4350464K, used 4350016K [0x00000005aab00000, 0x00000007bee80000, 0x00000007c0000000)
  eden space 4349952K, 100% used [0x00000005aab00000,0x00000006b4300000,0x00000006b4300000)
  from space 512K, 12% used [0x00000007bee00000,0x00000007bee10000,0x00000007bee80000)
  to   space 1024K, 0% used [0x00000007bec80000,0x00000007bec80000,0x00000007bed80000)
 ParOldGen       total 363008K, used 30372K [0x0000000180000000, 0x0000000196280000, 0x00000005aab00000)
  object space 363008K, 8% used [0x0000000180000000,0x0000000181da9128,0x0000000196280000)
 Metaspace       used 81388K, capacity 82424K, committed 82776K, reserved 1120256K
  class space    used 11794K, capacity 12015K, committed 12120K, reserved 1048576K
Event: 7231.663 GC heap after
Heap after GC invocations=883 (full 6):
 PSYoungGen      total 4418560K, used 64K [0x00000005aab00000, 0x00000007bee80000, 0x00000007c0000000)
  eden space 4417536K, 0% used [0x00000005aab00000,0x00000005aab00000,0x00000006b8500000)
  from space 1024K, 6% used [0x00000007bec80000,0x00000007bec90000,0x00000007bed80000)
  to   space 1024K, 0% used [0x00000007bed80000,0x00000007bed80000,0x00000007bee80000)
 ParOldGen       total 363008K, used 30372K [0x0000000180000000, 0x0000000196280000, 0x00000005aab00000)
  object space 363008K, 8% used [0x0000000180000000,0x0000000181da9128,0x0000000196280000)
 Metaspace       used 81388K, capacity 82424K, committed 82776K, reserved 1120256K
  class space    used 11794K, capacity 12015K, committed 12120K, reserved 1048576K
}
Event: 7237.926 GC heap before
{Heap before GC invocations=884 (full 6):
 PSYoungGen      total 4418560K, used 4417600K [0x00000005aab00000, 0x00000007bee80000, 0x00000007c0000000)
  eden space 4417536K, 100% used [0x00000005aab00000,0x00000006b8500000,0x00000006b8500000)
  from space 1024K, 6% used [0x00000007bec80000,0x00000007bec90000,0x00000007bed80000)
  to   space 1024K, 0% used [0x00000007bed80000,0x00000007bed80000,0x00000007bee80000)
 ParOldGen       total 363008K, used 30372K [0x0000000180000000, 0x0000000196280000, 0x00000005aab00000)
  object space 363008K, 8% used [0x0000000180000000,0x0000000181da9128,0x0000000196280000)
 Metaspace       used 81388K, capacity 82424K, committed 82776K, reserved 1120256K
  class space    used 11794K, capacity 12015K, committed 12120K, reserved 1048576K
Event: 7237.931 GC heap after
Heap after GC invocations=884 (full 6):
 PSYoungGen      total 4477952K, used 96K [0x00000005aab00000, 0x00000007bee00000, 0x00000007c0000000)
  eden space 4477440K, 0% used [0x00000005aab00000,0x00000005aab00000,0x00000006bbf80000)
  from space 512K, 18% used [0x00000007bed80000,0x00000007bed98000,0x00000007bee00000)
  to   space 1024K, 0% used [0x00000007bec00000,0x00000007bec00000,0x00000007bed00000)
 ParOldGen       total 363008K, used 30372K [0x0000000180000000, 0x0000000196280000, 0x00000005aab00000)
  object space 363008K, 8% used [0x0000000180000000,0x0000000181da9128,0x0000000196280000)
 Metaspace       used 81388K, capacity 82424K, committed 82776K, reserved 1120256K
  class space    used 11794K, capacity 12015K, committed 12120K, reserved 1048576K
}
Event: 7257.737 GC heap before
{Heap before GC invocations=885 (full 6):
 PSYoungGen      total 4477952K, used 4477536K [0x00000005aab00000, 0x00000007bee00000, 0x00000007c0000000)
  eden space 4477440K, 100% used [0x00000005aab00000,0x00000006bbf80000,0x00000006bbf80000)
  from space 512K, 18% used [0x00000007bed80000,0x00000007bed98000,0x00000007bee00000)
  to   space 1024K, 0% used [0x00000007bec00000,0x00000007bec00000,0x00000007bed00000)
 ParOldGen       total 363008K, used 30372K [0x0000000180000000, 0x0000000196280000, 0x00000005aab00000)
  object space 363008K, 8% used [0x0000000180000000,0x0000000181da9128,0x0000000196280000)
 Metaspace       used 81388K, capacity 82424K, committed 82776K, reserved 1120256K
  class space    used 11794K, capacity 12015K, committed 12120K, reserved 1048576K
Event: 7257.780 GC heap after
Heap after GC invocations=885 (full 6):
 PSYoungGen      total 4548096K, used 128K [0x00000005aab00000, 0x00000007bee00000, 0x00000007c0000000)
  eden space 4547072K, 0% used [0x00000005aab00000,0x00000005aab00000,0x00000006c0380000)
  from space 1024K, 12% used [0x00000007bec00000,0x00000007bec20000,0x00000007bed00000)
  to   space 1024K, 0% used [0x00000007bed00000,0x00000007bed00000,0x00000007bee00000)
 ParOldGen       total 363008K, used 30372K [0x0000000180000000, 0x0000000196280000, 0x00000005aab00000)
  object space 363008K, 8% used [0x0000000180000000,0x0000000181da9128,0x0000000196280000)
 Metaspace       used 81388K, capacity 82424K, committed 82776K, reserved 1120256K
  class space    used 11794K, capacity 12015K, committed 12120K, reserved 1048576K
}
Event: 7275.944 GC heap before
{Heap before GC invocations=886 (full 6):
 PSYoungGen      total 4548096K, used 4547200K [0x00000005aab00000, 0x00000007bee00000, 0x00000007c0000000)
  eden space 4547072K, 100% used [0x00000005aab00000,0x00000006c0380000,0x00000006c0380000)
  from space 1024K, 12% used [0x00000007bec00000,0x00000007bec20000,0x00000007bed00000)
  to   space 1024K, 0% used [0x00000007bed00000,0x00000007bed00000,0x00000007bee00000)
 ParOldGen       total 363008K, used 30372K [0x0000000180000000, 0x0000000196280000, 0x00000005aab00000)
  object space 363008K, 8% used [0x0000000180000000,0x0000000181da9128,0x0000000196280000)
 Metaspace       used 81388K, capacity 82424K, committed 82776K, reserved 1120256K
  class space    used 11794K, capacity 12015K, committed 12120K, reserved 1048576K
Event: 7276.072 GC heap after
Heap after GC invocations=886 (full 6):
 PSYoungGen      total 4672512K, used 64K [0x00000005aab00000, 0x00000007bed80000, 0x00000007c0000000)
  eden space 4672000K, 0% used [0x00000005aab00000,0x00000005aab00000,0x00000006c7d80000)
  from space 512K, 12% used [0x00000007bed00000,0x00000007bed10000,0x00000007bed80000)
  to   space 1024K, 0% used [0x00000007beb80000,0x00000007beb80000,0x00000007bec80000)
 ParOldGen       total 363008K, used 30372K [0x0000000180000000, 0x0000000196280000, 0x00000005aab00000)
  object space 363008K, 8% used [0x0000000180000000,0x0000000181da9128,0x0000000196280000)
 Metaspace       used 81388K, capacity 82424K, committed 82776K, reserved 1120256K
  class space    used 11794K, capacity 12015K, committed 12120K, reserved 1048576K
}
Event: 7296.252 GC heap before
{Heap before GC invocations=887 (full 6):
 PSYoungGen      total 4672512K, used 4672064K [0x00000005aab00000, 0x00000007bed80000, 0x00000007c0000000)
  eden space 4672000K, 100% used [0x00000005aab00000,0x00000006c7d80000,0x00000006c7d80000)
  from space 512K, 12% used [0x00000007bed00000,0x00000007bed10000,0x00000007bed80000)
  to   space 1024K, 0% used [0x00000007beb80000,0x00000007beb80000,0x00000007bec80000)
 ParOldGen       total 363008K, used 30372K [0x0000000180000000, 0x0000000196280000, 0x00000005aab00000)
  object space 363008K, 8% used [0x0000000180000000,0x0000000181da9128,0x0000000196280000)
 Metaspace       used 81388K, capacity 82424K, committed 82776K, reserved 1120256K
  class space    used 11794K, capacity 12015K, committed 12120K, reserved 1048576K
Event: 7296.395 GC heap after
Heap after GC invocations=887 (full 6):
 PSYoungGen      total 4838912K, used 32K [0x00000005aab00000, 0x00000007bed80000, 0x00000007c0000000)
  eden space 4837888K, 0% used [0x00000005aab00000,0x00000005aab00000,0x00000006d1f80000)
  from space 1024K, 3% used [0x00000007beb80000,0x00000007beb88000,0x00000007bec80000)
  to   space 1024K, 0% used [0x00000007bec80000,0x00000007bec80000,0x00000007bed80000)
 ParOldGen       total 363008K, used 30372K [0x0000000180000000, 0x0000000196280000, 0x00000005aab00000)
  object space 363008K, 8% used [0x0000000180000000,0x0000000181da9128,0x0000000196280000)
 Metaspace       used 81388K, capacity 82424K, committed 82776K, reserved 1120256K
  class space    used 11794K, capacity 12015K, committed 12120K, reserved 1048576K
}
Event: 7318.859 GC heap before
{Heap before GC invocations=888 (full 6):
 PSYoungGen      total 4838912K, used 4837920K [0x00000005aab00000, 0x00000007bed80000, 0x00000007c0000000)
  eden space 4837888K, 100% used [0x00000005aab00000,0x00000006d1f80000,0x00000006d1f80000)
  from space 1024K, 3% used [0x00000007beb80000,0x00000007beb88000,0x00000007bec80000)
  to   space 1024K, 0% used [0x00000007bec80000,0x00000007bec80000,0x00000007bed80000)
 ParOldGen       total 363008K, used 30372K [0x0000000180000000, 0x0000000196280000, 0x00000005aab00000)
  object space 363008K, 8% used [0x0000000180000000,0x0000000181da9128,0x0000000196280000)
 Metaspace       used 81388K, capacity 82424K, committed 82776K, reserved 1120256K
  class space    used 11794K, capacity 12015K, committed 12120K, reserved 1048576K
Event: 7318.978 GC heap after
Heap after GC invocations=888 (full 6):
 PSYoungGen      total 5022208K, used 96K [0x00000005aab00000, 0x00000007bed00000, 0x00000007c0000000)
  eden space 5021696K, 0% used [0x00000005aab00000,0x00000005aab00000,0x00000006dd300000)
  from space 512K, 18% used [0x00000007bec80000,0x00000007bec98000,0x00000007bed00000)
  to   space 1024K, 0% used [0x00000007beb00000,0x00000007beb00000,0x00000007bec00000)
 ParOldGen       total 363008K, used 30372K [0x0000000180000000, 0x0000000196280000, 0x00000005aab00000)
  object space 363008K, 8% used [0x0000000180000000,0x0000000181da9128,0x0000000196280000)
 Metaspace       used 81388K, capacity 82424K, committed 82776K, reserved 1120256K
  class space    used 11794K, capacity 12015K, committed 12120K, reserved 1048576K
}
Event: 7343.060 GC heap before
{Heap before GC invocations=889 (full 6):
 PSYoungGen      total 5022208K, used 5021792K [0x00000005aab00000, 0x00000007bed00000, 0x00000007c0000000)
  eden space 5021696K, 100% used [0x00000005aab00000,0x00000006dd300000,0x00000006dd300000)
  from space 512K, 18% used [0x00000007bec80000,0x00000007bec98000,0x00000007bed00000)
  to   space 1024K, 0% used [0x00000007beb00000,0x00000007beb00000,0x00000007bec00000)
 ParOldGen       total 363008K, used 30372K [0x0000000180000000, 0x0000000196280000, 0x00000005aab00000)
  object space 363008K, 8% used [0x0000000180000000,0x0000000181da9128,0x0000000196280000)
 Metaspace       used 81388K, capacity 82424K, committed 82776K, reserved 1120256K
  class space    used 11794K, capacity 12015K, committed 12120K, reserved 1048576K
Event: 7343.179 GC heap after
Heap after GC invocations=889 (full 6):
 PSYoungGen      total 5219840K, used 64K [0x00000005aab00000, 0x00000007bed00000, 0x00000007c0000000)
  eden space 5218816K, 0% used [0x00000005aab00000,0x00000005aab00000,0x00000006e9380000)
  from space 1024K, 6% used [0x00000007beb00000,0x00000007beb10000,0x00000007bec00000)
  to   space 1024K, 0% used [0x00000007bec00000,0x00000007bec00000,0x00000007bed00000)
 ParOldGen       total 363008K, used 30372K [0x0000000180000000, 0x0000000196280000, 0x00000005aab00000)
  object space 363008K, 8% used [0x0000000180000000,0x0000000181da9128,0x0000000196280000)
 Metaspace       used 81388K, capacity 82424K, committed 82776K, reserved 1120256K
  class space    used 11794K, capacity 12015K, committed 12120K, reserved 1048576K
}
Event: 7364.338 GC heap before
{Heap before GC invocations=890 (full 6):
 PSYoungGen      total 5219840K, used 5218880K [0x00000005aab00000, 0x00000007bed00000, 0x00000007c0000000)
  eden space 5218816K, 100% used [0x00000005aab00000,0x00000006e9380000,0x00000006e9380000)
  from space 1024K, 6% used [0x00000007beb00000,0x00000007beb10000,0x00000007bec00000)
  to   space 1024K, 0% used [0x00000007bec00000,0x00000007bec00000,0x00000007bed00000)
 ParOldGen       total 363008K, used 30372K [0x0000000180000000, 0x0000000196280000, 0x00000005aab00000)
  object space 363008K, 8% used [0x0000000180000000,0x0000000181da9128,0x0000000196280000)
 Metaspace       used 81388K, capacity 82424K, committed 82776K, reserved 1120256K
  class space    used 11794K, capacity 12015K, committed 12120K, reserved 1048576K
Event: 7364.358 GC heap after
Heap after GC invocations=890 (full 6):
 PSYoungGen      total 5389824K, used 64K [0x00000005aab00000, 0x00000007bec80000, 0x00000007c0000000)
  eden space 5389312K, 0% used [0x00000005aab00000,0x00000005aab00000,0x00000006f3a00000)
  from space 512K, 12% used [0x00000007bec00000,0x00000007bec10000,0x00000007bec80000)
  to   space 1024K, 0% used [0x00000007bea80000,0x00000007bea80000,0x00000007beb80000)
 ParOldGen       total 363008K, used 30372K [0x0000000180000000, 0x0000000196280000, 0x00000005aab00000)
  object space 363008K, 8% used [0x0000000180000000,0x0000000181da9128,0x0000000196280000)
 Metaspace       used 81388K, capacity 82424K, committed 82776K, reserved 1120256K
  class space    used 11794K, capacity 12015K, committed 12120K, reserved 1048576K
}
Event: 7386.878 GC heap before
{Heap before GC invocations=891 (full 6):
 PSYoungGen      total 5389824K, used 5389376K [0x00000005aab00000, 0x00000007bec80000, 0x00000007c0000000)
  eden space 5389312K, 100% used [0x00000005aab00000,0x00000006f3a00000,0x00000006f3a00000)
  from space 512K, 12% used [0x00000007bec00000,0x00000007bec10000,0x00000007bec80000)
  to   space 1024K, 0% used [0x00000007bea80000,0x00000007bea80000,0x00000007beb80000)
 ParOldGen       total 363008K, used 30372K [0x0000000180000000, 0x0000000196280000, 0x00000005aab00000)
  object space 363008K, 8% used [0x0000000180000000,0x0000000181da9128,0x0000000196280000)
 Metaspace       used 81388K, capacity 82424K, committed 82776K, reserved 1120256K
  class space    used 11794K, capacity 12015K, committed 12120K, reserved 1048576K
Event: 7386.881 GC heap after
Heap after GC invocations=891 (full 6):
 PSYoungGen      total 5137408K, used 64K [0x00000005aab00000, 0x00000007bec80000, 0x00000007c0000000)
  eden space 5136384K, 0% used [0x00000005aab00000,0x00000005aab00000,0x00000006e4300000)
  from space 1024K, 6% used [0x00000007bea80000,0x00000007bea90000,0x00000007beb80000)
  to   space 1024K, 0% used [0x00000007beb80000,0x00000007beb80000,0x00000007bec80000)
 ParOldGen       total 363008K, used 30372K [0x0000000180000000, 0x0000000196280000, 0x00000005aab00000)
  object space 363008K, 8% used [0x0000000180000000,0x0000000181da9128,0x0000000196280000)
 Metaspace       used 81388K, capacity 82424K, committed 82776K, reserved 1120256K
  class space    used 11794K, capacity 12015K, committed 12120K, reserved 1048576K
}
Event: 7412.040 GC heap before
{Heap before GC invocations=892 (full 6):
 PSYoungGen      total 5137408K, used 5136448K [0x00000005aab00000, 0x00000007bec80000, 0x00000007c0000000)
  eden space 5136384K, 100% used [0x00000005aab00000,0x00000006e4300000,0x00000006e4300000)
  from space 1024K, 6% used [0x00000007bea80000,0x00000007bea90000,0x00000007beb80000)
  to   space 1024K, 0% used [0x00000007beb80000,0x00000007beb80000,0x00000007bec80000)
 ParOldGen       total 363008K, used 30372K [0x0000000180000000, 0x0000000196280000, 0x00000005aab00000)
  object space 363008K, 8% used [0x0000000180000000,0x0000000181da9128,0x0000000196280000)
 Metaspace       used 81388K, capacity 82424K, committed 82776K, reserved 1120256K
  class space    used 11794K, capacity 12015K, committed 12120K, reserved 1048576K
Event: 7412.065 GC heap after
Heap after GC invocations=892 (full 6):
 PSYoungGen      total 4896256K, used 96K [0x00000005aab00000, 0x00000007bec00000, 0x00000007c0000000)
  eden space 4895744K, 0% used [0x00000005aab00000,0x00000005aab00000,0x00000006d5800000)
  from space 512K, 18% used [0x00000007beb80000,0x00000007beb98000,0x00000007bec00000)
  to   space 512K, 0% used [0x00000007beb00000,0x00000007beb00000,0x00000007beb80000)
 ParOldGen       total 363008K, used 30372K [0x0000000180000000, 0x0000000196280000, 0x00000005aab00000)
  object space 363008K, 8% used [0x0000000180000000,0x0000000181da9128,0x0000000196280000)
 Metaspace       used 81388K, capacity 82424K, committed 82776K, reserved 1120256K
  class space    used 11794K, capacity 12015K, committed 12120K, reserved 1048576K
}
Event: 7433.037 GC heap before
{Heap before GC invocations=893 (full 6):
 PSYoungGen      total 4896256K, used 4895840K [0x00000005aab00000, 0x00000007bec00000, 0x00000007c0000000)
  eden space 4895744K, 100% used [0x00000005aab00000,0x00000006d5800000,0x00000006d5800000)
  from space 512K, 18% used [0x00000007beb80000,0x00000007beb98000,0x00000007bec00000)
  to   space 512K, 0% used [0x00000007beb00000,0x00000007beb00000,0x00000007beb80000)
 ParOldGen       total 363008K, used 30372K [0x0000000180000000, 0x0000000196280000, 0x00000005aab00000)
  object space 363008K, 8% used [0x0000000180000000,0x0000000181da9128,0x0000000196280000)
 Metaspace       used 81388K, capacity 82424K, committed 82776K, reserved 1120256K
  class space    used 11794K, capacity 12015K, committed 12120K, reserved 1048576K
Event: 7433.062 GC heap after
Heap after GC invocations=893 (full 6):
 PSYoungGen      total 4667904K, used 64K [0x00000005aab00000, 0x00000007bec00000, 0x00000007c0000000)
  eden space 4667392K, 0% used [0x00000005aab00000,0x00000005aab00000,0x00000006c7900000)
  from space 512K, 12% used [0x00000007beb00000,0x00000007beb10000,0x00000007beb80000)
  to   space 512K, 0% used [0x00000007beb80000,0x00000007beb80000,0x00000007bec00000)
 ParOldGen       total 363008K, used 30380K [0x0000000180000000, 0x0000000196280000, 0x00000005aab00000)
  object space 363008K, 8% used [0x0000000180000000,0x0000000181dab128,0x0000000196280000)
 Metaspace       used 81388K, capacity 82424K, committed 82776K, reserved 1120256K
  class space    used 11794K, capacity 12015K, committed 12120K, reserved 1048576K
}
Event: 7452.049 GC heap before
{Heap before GC invocations=894 (full 6):
 PSYoungGen      total 4667904K, used 4667456K [0x00000005aab00000, 0x00000007bec00000, 0x00000007c0000000)
  eden space 4667392K, 100% used [0x00000005aab00000,0x00000006c7900000,0x00000006c7900000)
  from space 512K, 12% used [0x00000007beb00000,0x00000007beb10000,0x00000007beb80000)
  to   space 512K, 0% used [0x00000007beb80000,0x00000007beb80000,0x00000007bec00000)
 ParOldGen       total 363008K, used 30380K [0x0000000180000000, 0x0000000196280000, 0x00000005aab00000)
  object space 363008K, 8% used [0x0000000180000000,0x0000000181dab128,0x0000000196280000)
 Metaspace       used 81388K, capacity 82424K, committed 82776K, reserved 1120256K
  class space    used 11794K, capacity 12015K, committed 12120K, reserved 1048576K
Event: 7452.053 GC heap after
Heap after GC invocations=894 (full 6):
 PSYoungGen      total 4450816K, used 32K [0x00000005aab00000, 0x00000007bec00000, 0x00000007c0000000)
  eden space 4450304K, 0% used [0x00000005aab00000,0x00000005aab00000,0x00000006ba500000)
  from space 512K, 6% used [0x00000007beb80000,0x00000007beb88000,0x00000007bec00000)
  to   space 512K, 0% used [0x00000007beb00000,0x00000007beb00000,0x00000007beb80000)
 ParOldGen       total 363008K, used 30380K [0x0000000180000000, 0x0000000196280000, 0x00000005aab00000)
  object space 363008K, 8% used [0x0000000180000000,0x0000000181dab128,0x0000000196280000)
 Metaspace       used 81388K, capacity 82424K, committed 82776K, reserved 1120256K
  class space    used 11794K, capacity 12015K, committed 12120K, reserved 1048576K
}
Event: 7473.933 GC heap before
{Heap before GC invocations=895 (full 6):
 PSYoungGen      total 4450816K, used 4450336K [0x00000005aab00000, 0x00000007bec00000, 0x00000007c0000000)
  eden space 4450304K, 100% used [0x00000005aab00000,0x00000006ba500000,0x00000006ba500000)
  from space 512K, 6% used [0x00000007beb80000,0x00000007beb88000,0x00000007bec00000)
  to   space 512K, 0% used [0x00000007beb00000,0x00000007beb00000,0x00000007beb80000)
 ParOldGen       total 363008K, used 30380K [0x0000000180000000, 0x0000000196280000, 0x00000005aab00000)
  object space 363008K, 8% used [0x0000000180000000,0x0000000181dab128,0x0000000196280000)
 Metaspace       used 81388K, capacity 82424K, committed 82776K, reserved 1120256K
  class space    used 11794K, capacity 12015K, committed 12120K, reserved 1048576K
Event: 7473.958 GC heap after
Heap after GC invocations=895 (full 6):
 PSYoungGen      total 4244480K, used 64K [0x00000005aab00000, 0x00000007bec00000, 0x00000007c0000000)
  eden space 4243968K, 0% used [0x00000005aab00000,0x00000005aab00000,0x00000006adb80000)
  from space 512K, 12% used [0x00000007beb00000,0x00000007beb10000,0x00000007beb80000)
  to   space 512K, 0% used [0x00000007beb80000,0x00000007beb80000,0x00000007bec00000)
 ParOldGen       total 363008K, used 30380K [0x0000000180000000, 0x0000000196280000, 0x00000005aab00000)
  object space 363008K, 8% used [0x0000000180000000,0x0000000181dab128,0x0000000196280000)
 Metaspace       used 81388K, capacity 82424K, committed 82776K, reserved 1120256K
  class space    used 11794K, capacity 12015K, committed 12120K, reserved 1048576K
}
Event: 7493.479 GC heap before
{Heap before GC invocations=896 (full 6):
 PSYoungGen      total 4244480K, used 4244032K [0x00000005aab00000, 0x00000007bec00000, 0x00000007c0000000)
  eden space 4243968K, 100% used [0x00000005aab00000,0x00000006adb80000,0x00000006adb80000)
  from space 512K, 12% used [0x00000007beb00000,0x00000007beb10000,0x00000007beb80000)
  to   space 512K, 0% used [0x00000007beb80000,0x00000007beb80000,0x00000007bec00000)
 ParOldGen       total 363008K, used 30380K [0x0000000180000000, 0x0000000196280000, 0x00000005aab00000)
  object space 363008K, 8% used [0x0000000180000000,0x0000000181dab128,0x0000000196280000)
 Metaspace       used 81388K, capacity 82424K, committed 82776K, reserved 1120256K
  class space    used 11794K, capacity 12015K, committed 12120K, reserved 1048576K
Event: 7493.483 GC heap after
Heap after GC invocations=896 (full 6):
 PSYoungGen      total 4048384K, used 64K [0x00000005aab00000, 0x00000007bec00000, 0x00000007c0000000)
  eden space 4047872K, 0% used [0x00000005aab00000,0x00000005aab00000,0x00000006a1c00000)
  from space 512K, 12% used [0x00000007beb80000,0x00000007beb90000,0x00000007bec00000)
  to   space 512K, 0% used [0x00000007beb00000,0x00000007beb00000,0x00000007beb80000)
 ParOldGen       total 363008K, used 30380K [0x0000000180000000, 0x0000000196280000, 0x00000005aab00000)
  object space 363008K, 8% used [0x0000000180000000,0x0000000181dab128,0x0000000196280000)
 Metaspace       used 81388K, capacity 82424K, committed 82776K, reserved 1120256K
  class space    used 11794K, capacity 12015K, committed 12120K, reserved 1048576K
}
Event: 7505.062 GC heap before
{Heap before GC invocations=897 (full 6):
 PSYoungGen      total 4048384K, used 4047936K [0x00000005aab00000, 0x00000007bec00000, 0x00000007c0000000)
  eden space 4047872K, 100% used [0x00000005aab00000,0x00000006a1c00000,0x00000006a1c00000)
  from space 512K, 12% used [0x00000007beb80000,0x00000007beb90000,0x00000007bec00000)
  to   space 512K, 0% used [0x00000007beb00000,0x00000007beb00000,0x00000007beb80000)
 ParOldGen       total 363008K, used 30380K [0x0000000180000000, 0x0000000196280000, 0x00000005aab00000)
  object space 363008K, 8% used [0x0000000180000000,0x0000000181dab128,0x0000000196280000)
 Metaspace       used 81388K, capacity 82424K, committed 82776K, reserved 1120256K
  class space    used 11794K, capacity 12015K, committed 12120K, reserved 1048576K
Event: 7505.067 GC heap after
Heap after GC invocations=897 (full 6):
 PSYoungGen      total 3862016K, used 32K [0x00000005aab00000, 0x00000007bec00000, 0x00000007c0000000)
  eden space 3861504K, 0% used [0x00000005aab00000,0x00000005aab00000,0x0000000696600000)
  from space 512K, 6% used [0x00000007beb00000,0x00000007beb08000,0x00000007beb80000)
  to   space 512K, 0% used [0x00000007beb80000,0x00000007beb80000,0x00000007bec00000)
 ParOldGen       total 363008K, used 30380K [0x0000000180000000, 0x0000000196280000, 0x00000005aab00000)
  object space 363008K, 8% used [0x0000000180000000,0x0000000181dab128,0x0000000196280000)
 Metaspace       used 81388K, capacity 82424K, committed 82776K, reserved 1120256K
  class space    used 11794K, capacity 12015K, committed 12120K, reserved 1048576K
}
Event: 7507.698 GC heap before
{Heap before GC invocations=898 (full 6):
 PSYoungGen      total 3862016K, used 3861536K [0x00000005aab00000, 0x00000007bec00000, 0x00000007c0000000)
  eden space 3861504K, 100% used [0x00000005aab00000,0x0000000696600000,0x0000000696600000)
  from space 512K, 6% used [0x00000007beb00000,0x00000007beb08000,0x00000007beb80000)
  to   space 512K, 0% used [0x00000007beb80000,0x00000007beb80000,0x00000007bec00000)
 ParOldGen       total 363008K, used 30380K [0x0000000180000000, 0x0000000196280000, 0x00000005aab00000)
  object space 363008K, 8% used [0x0000000180000000,0x0000000181dab128,0x0000000196280000)
 Metaspace       used 81388K, capacity 82424K, committed 82776K, reserved 1120256K
  class space    used 11794K, capacity 12015K, committed 12120K, reserved 1048576K
Event: 7507.704 GC heap after
Heap after GC invocations=898 (full 6):
 PSYoungGen      total 3684864K, used 64K [0x00000005aab00000, 0x00000007bec00000, 0x00000007c0000000)
  eden space 3684352K, 0% used [0x00000005aab00000,0x00000005aab00000,0x000000068b900000)
  from space 512K, 12% used [0x00000007beb80000,0x00000007beb90000,0x00000007bec00000)
  to   space 512K, 0% used [0x00000007beb00000,0x00000007beb00000,0x00000007beb80000)
 ParOldGen       total 363008K, used 30380K [0x0000000180000000, 0x0000000196280000, 0x00000005aab00000)
  object space 363008K, 8% used [0x0000000180000000,0x0000000181dab128,0x0000000196280000)
 Metaspace       used 81388K, capacity 82424K, committed 82776K, reserved 1120256K
  class space    used 11794K, capacity 12015K, committed 12120K, reserved 1048576K
}
Event: 7510.305 GC heap before
{Heap before GC invocations=899 (full 6):
 PSYoungGen      total 3684864K, used 3684416K [0x00000005aab00000, 0x00000007bec00000, 0x00000007c0000000)
  eden space 3684352K, 100% used [0x00000005aab00000,0x000000068b900000,0x000000068b900000)
  from space 512K, 12% used [0x00000007beb80000,0x00000007beb90000,0x00000007bec00000)
  to   space 512K, 0% used [0x00000007beb00000,0x00000007beb00000,0x00000007beb80000)
 ParOldGen       total 363008K, used 30380K [0x0000000180000000, 0x0000000196280000, 0x00000005aab00000)
  object space 363008K, 8% used [0x0000000180000000,0x0000000181dab128,0x0000000196280000)
 Metaspace       used 81388K, capacity 82424K, committed 82776K, reserved 1120256K
  class space    used 11794K, capacity 12015K, committed 12120K, reserved 1048576K
Event: 7510.310 GC heap after
Heap after GC invocations=899 (full 6):
 PSYoungGen      total 3516416K, used 32K [0x00000005aab00000, 0x00000007bec00000, 0x00000007c0000000)
  eden space 3515904K, 0% used [0x00000005aab00000,0x00000005aab00000,0x0000000681480000)
  from space 512K, 6% used [0x00000007beb00000,0x00000007beb08000,0x00000007beb80000)
  to   space 512K, 0% used [0x00000007beb80000,0x00000007beb80000,0x00000007bec00000)
 ParOldGen       total 363008K, used 30380K [0x0000000180000000, 0x0000000196280000, 0x00000005aab00000)
  object space 363008K, 8% used [0x0000000180000000,0x0000000181dab128,0x0000000196280000)
 Metaspace       used 81388K, capacity 82424K, committed 82776K, reserved 1120256K
  class space    used 11794K, capacity 12015K, committed 12120K, reserved 1048576K
}
Event: 7513.335 GC heap before
{Heap before GC invocations=900 (full 6):
 PSYoungGen      total 3516416K, used 3515936K [0x00000005aab00000, 0x00000007bec00000, 0x00000007c0000000)
  eden space 3515904K, 100% used [0x00000005aab00000,0x0000000681480000,0x0000000681480000)
  from space 512K, 6% used [0x00000007beb00000,0x00000007beb08000,0x00000007beb80000)
  to   space 512K, 0% used [0x00000007beb80000,0x00000007beb80000,0x00000007bec00000)
 ParOldGen       total 363008K, used 30380K [0x0000000180000000, 0x0000000196280000, 0x00000005aab00000)
  object space 363008K, 8% used [0x0000000180000000,0x0000000181dab168,0x0000000196280000)
 Metaspace       used 81388K, capacity 82424K, committed 82776K, reserved 1120256K
  class space    used 11794K, capacity 12015K, committed 12120K, reserved 1048576K
Event: 7513.338 GC heap after
Heap after GC invocations=900 (full 6):
 PSYoungGen      total 3356672K, used 128K [0x00000005aab00000, 0x00000007bec00000, 0x00000007c0000000)
  eden space 3356160K, 0% used [0x00000005aab00000,0x00000005aab00000,0x0000000677880000)
  from space 512K, 25% used [0x00000007beb80000,0x00000007beba0000,0x00000007bec00000)
  to   space 512K, 0% used [0x00000007beb00000,0x00000007beb00000,0x00000007beb80000)
 ParOldGen       total 363008K, used 30380K [0x0000000180000000, 0x0000000196280000, 0x00000005aab00000)
  object space 363008K, 8% used [0x0000000180000000,0x0000000181dab168,0x0000000196280000)
 Metaspace       used 81388K, capacity 82424K, committed 82776K, reserved 1120256K
  class space    used 11794K, capacity 12015K, committed 12120K, reserved 1048576K
}
Event: 7517.763 GC heap before
{Heap before GC invocations=901 (full 6):
 PSYoungGen      total 3356672K, used 3356288K [0x00000005aab00000, 0x00000007bec00000, 0x00000007c0000000)
  eden space 3356160K, 100% used [0x00000005aab00000,0x0000000677880000,0x0000000677880000)
  from space 512K, 25% used [0x00000007beb80000,0x00000007beba0000,0x00000007bec00000)
  to   space 512K, 0% used [0x00000007beb00000,0x00000007beb00000,0x00000007beb80000)
 ParOldGen       total 363008K, used 30382K [0x0000000180000000, 0x0000000196280000, 0x00000005aab00000)
  object space 363008K, 8% used [0x0000000180000000,0x0000000181dab980,0x0000000196280000)
 Metaspace       used 81390K, capacity 82424K, committed 82776K, reserved 1120256K
  class space    used 11794K, capacity 12015K, committed 12120K, reserved 1048576K
Event: 7517.768 GC heap after
Heap after GC invocations=901 (full 6):
 PSYoungGen      total 3204608K, used 96K [0x00000005aab00000, 0x00000007bec00000, 0x00000007c0000000)
  eden space 3204096K, 0% used [0x00000005aab00000,0x00000005aab00000,0x000000066e400000)
  from space 512K, 18% used [0x00000007beb00000,0x00000007beb18000,0x00000007beb80000)
  to   space 512K, 0% used [0x00000007beb80000,0x00000007beb80000,0x00000007bec00000)
 ParOldGen       total 363008K, used 30390K [0x0000000180000000, 0x0000000196280000, 0x00000005aab00000)
  object space 363008K, 8% used [0x0000000180000000,0x0000000181dad980,0x0000000196280000)
 Metaspace       used 81390K, capacity 82424K, committed 82776K, reserved 1120256K
  class space    used 11794K, capacity 12015K, committed 12120K, reserved 1048576K
}
Event: 7525.820 GC heap before
{Heap before GC invocations=902 (full 6):
 PSYoungGen      total 3204608K, used 3204192K [0x00000005aab00000, 0x00000007bec00000, 0x00000007c0000000)
  eden space 3204096K, 100% used [0x00000005aab00000,0x000000066e400000,0x000000066e400000)
  from space 512K, 18% used [0x00000007beb00000,0x00000007beb18000,0x00000007beb80000)
  to   space 512K, 0% used [0x00000007beb80000,0x00000007beb80000,0x00000007bec00000)
 ParOldGen       total 363008K, used 30390K [0x0000000180000000, 0x0000000196280000, 0x00000005aab00000)
  object space 363008K, 8% used [0x0000000180000000,0x0000000181dad990,0x0000000196280000)
 Metaspace       used 81604K, capacity 82656K, committed 82776K, reserved 1120256K
  class space    used 11824K, capacity 12059K, committed 12120K, reserved 1048576K
Event: 7526.908 GC heap after
Heap after GC invocations=902 (full 6):
 PSYoungGen      total 3204608K, used 3204192K [0x00000005aab00000, 0x00000007bec00000, 0x00000007c0000000)
  eden space 3204096K, 100% used [0x00000005aab00000,0x000000066e400000,0x000000066e400000)
  from space 512K, 18% used [0x00000007beb00000,0x00000007beb18000,0x00000007beb80000)
  to   space 512K, 93% used [0x00000007beb80000,0x00000007bebf8080,0x00000007bec00000)
 ParOldGen       total 695808K, used 692749K [0x0000000180000000, 0x00000001aa780000, 0x00000005aab00000)
  object space 695808K, 99% used [0x0000000180000000,0x00000001aa4835e0,0x00000001aa780000)
 Metaspace       used 81604K, capacity 82656K, committed 82776K, reserved 1120256K
  class space    used 11824K, capacity 12059K, committed 12120K, reserved 1048576K
}
Event: 7526.908 GC heap before
{Heap before GC invocations=903 (full 7):
 PSYoungGen      total 3204608K, used 3204192K [0x00000005aab00000, 0x00000007bec00000, 0x00000007c0000000)
  eden space 3204096K, 100% used [0x00000005aab00000,0x000000066e400000,0x000000066e400000)
  from space 512K, 18% used [0x00000007beb00000,0x00000007beb18000,0x00000007beb80000)
  to   space 512K, 93% used [0x00000007beb80000,0x00000007bebf8080,0x00000007bec00000)
 ParOldGen       total 695808K, used 692749K [0x0000000180000000, 0x00000001aa780000, 0x00000005aab00000)
  object space 695808K, 99% used [0x0000000180000000,0x00000001aa4835e0,0x00000001aa780000)
 Metaspace       used 81604K, capacity 82656K, committed 82776K, reserved 1120256K
  class space    used 11824K, capacity 12059K, committed 12120K, reserved 1048576K
Event: 7527.492 GC heap after
Heap after GC invocations=903 (full 7):
 PSYoungGen      total 3204608K, used 879876K [0x00000005aab00000, 0x00000007bec00000, 0x00000007c0000000)
  eden space 3204096K, 27% used [0x00000005aab00000,0x00000005e0641230,0x000000066e400000)
  from space 512K, 0% used [0x00000007beb00000,0x00000007beb00000,0x00000007beb80000)
  to   space 512K, 0% used [0x00000007beb80000,0x00000007beb80000,0x00000007bec00000)
 ParOldGen       total 1102336K, used 695299K [0x0000000180000000, 0x00000001c3480000, 0x00000005aab00000)
  object space 1102336K, 63% used [0x0000000180000000,0x00000001aa700cc0,0x00000001c3480000)
 Metaspace       used 81604K, capacity 82656K, committed 82776K, reserved 1120256K
  class space    used 11824K, capacity 12059K, committed 12120K, reserved 1048576K
}
Event: 7530.983 GC heap before
{Heap before GC invocations=904 (full 7):
 PSYoungGen      total 3204608K, used 3204096K [0x00000005aab00000, 0x00000007bec00000, 0x00000007c0000000)
  eden space 3204096K, 100% used [0x00000005aab00000,0x000000066e400000,0x000000066e400000)
  from space 512K, 0% used [0x00000007beb00000,0x00000007beb00000,0x00000007beb80000)
  to   space 512K, 0% used [0x00000007beb80000,0x00000007beb80000,0x00000007bec00000)
 ParOldGen       total 1102336K, used 696708K [0x0000000180000000, 0x00000001c3480000, 0x00000005aab00000)
  object space 1102336K, 63% used [0x0000000180000000,0x00000001aa861360,0x00000001c3480000)
 Metaspace       used 81680K, capacity 82656K, committed 82776K, reserved 1120256K
  class space    used 11833K, capacity 12059K, committed 12120K, reserved 1048576K
Event: 7531.404 GC heap after
Heap after GC invocations=904 (full 7):
 PSYoungGen      total 3204608K, used 3204096K [0x00000005aab00000, 0x00000007bec00000, 0x00000007c0000000)
  eden space 3204096K, 100% used [0x00000005aab00000,0x000000066e400000,0x000000066e400000)
  from space 512K, 0% used [0x00000007beb00000,0x00000007beb00000,0x00000007beb80000)
  to   space 512K, 93% used [0x00000007beb80000,0x00000007bebf8070,0x00000007bec00000)
 ParOldGen       total 1277440K, used 1276834K [0x0000000180000000, 0x00000001cdf80000, 0x00000005aab00000)
  object space 1277440K, 99% used [0x0000000180000000,0x00000001cdee89d8,0x00000001cdf80000)
 Metaspace       used 81680K, capacity 82656K, committed 82776K, reserved 1120256K
  class space    used 11833K, capacity 12059K, committed 12120K, reserved 1048576K
}
Event: 7531.404 GC heap before
{Heap before GC invocations=905 (full 8):
 PSYoungGen      total 3204608K, used 3204096K [0x00000005aab00000, 0x00000007bec00000, 0x00000007c0000000)
  eden space 3204096K, 100% used [0x00000005aab00000,0x000000066e400000,0x000000066e400000)
  from space 512K, 0% used [0x00000007beb00000,0x00000007beb00000,0x00000007beb80000)
  to   space 512K, 93% used [0x00000007beb80000,0x00000007bebf8070,0x00000007bec00000)
 ParOldGen       total 1277440K, used 1276834K [0x0000000180000000, 0x00000001cdf80000, 0x00000005aab00000)
  object space 1277440K, 99% used [0x0000000180000000,0x00000001cdee89d8,0x00000001cdf80000)
 Metaspace       used 81680K, capacity 82656K, committed 82776K, reserved 1120256K
  class space    used 11833K, capacity 12059K, committed 12120K, reserved 1048576K
Event: 7532.357 GC heap after
Heap after GC invocations=905 (full 8):
 PSYoungGen      total 3204608K, used 2552353K [0x00000005aab00000, 0x00000007bec00000, 0x00000007c0000000)
  eden space 3204096K, 79% used [0x00000005aab00000,0x0000000646788598,0x000000066e400000)
  from space 512K, 0% used [0x00000007beb00000,0x00000007beb00000,0x00000007beb80000)
  to   space 512K, 0% used [0x00000007beb80000,0x00000007beb80000,0x00000007bec00000)
 ParOldGen       total 1775616K, used 1277070K [0x0000000180000000, 0x00000001ec600000, 0x00000005aab00000)
  object space 1775616K, 71% used [0x0000000180000000,0x00000001cdf239c0,0x00000001ec600000)
 Metaspace       used 81680K, capacity 82656K, committed 82776K, reserved 1120256K
  class space    used 11833K, capacity 12059K, committed 12120K, reserved 1048576K
}
Event: 7533.275 GC heap before
{Heap before GC invocations=906 (full 8):
 PSYoungGen      total 3204608K, used 3204096K [0x00000005aab00000, 0x00000007bec00000, 0x00000007c0000000)
  eden space 3204096K, 100% used [0x00000005aab00000,0x000000066e400000,0x000000066e400000)
  from space 512K, 0% used [0x00000007beb00000,0x00000007beb00000,0x00000007beb80000)
  to   space 512K, 0% used [0x00000007beb80000,0x00000007beb80000,0x00000007bec00000)
 ParOldGen       total 1775616K, used 1278480K [0x0000000180000000, 0x00000001ec600000, 0x00000005aab00000)
  object space 1775616K, 72% used [0x0000000180000000,0x00000001ce084080,0x00000001ec600000)
 Metaspace       used 81737K, capacity 82784K, committed 83032K, reserved 1120256K
  class space    used 11836K, capacity 12059K, committed 12120K, reserved 1048576K

